[0.023s] Invoking command in '/home/revel34/rscp_communication_LR/rscp_communication_v3/rscp_bridge_ws/build/rscp_mission_interfaces': CMAKE_PREFIX_PATH=/opt/ros/humble /usr/bin/cmake --build /home/revel34/rscp_communication_LR/rscp_communication_v3/rscp_bridge_ws/build/rscp_mission_interfaces -- -j2 -l2
[0.123s] [35m[1mConsolidate compiler generated dependencies of target rscp_mission_interfaces__rosidl_generator_c[0m
[0.161s] [ 10%] Built target rscp_mission_interfaces__rosidl_generator_c
[0.176s] [ 12%] Built target rscp_mission_interfaces__cpp
[0.224s] [35m[1mConsolidate compiler generated dependencies of target rscp_mission_interfaces__rosidl_typesupport_cpp[0m
[0.270s] [ 12%] Built target ament_cmake_python_copy_rscp_mission_interfaces
[0.286s] [ 23%] Built target rscp_mission_interfaces__rosidl_typesupport_cpp
[0.312s] [35m[1mConsolidate compiler generated dependencies of target rscp_mission_interfaces__rosidl_typesupport_fastrtps_c[0m
[0.330s] [35m[1mConsolidate compiler generated dependencies of target rscp_mission_interfaces__rosidl_typesupport_introspection_c[0m
[0.372s] [ 34%] Built target rscp_mission_interfaces__rosidl_typesupport_fastrtps_c
[0.383s] [ 44%] Built target rscp_mission_interfaces__rosidl_typesupport_introspection_c
[0.390s] [35m[1mConsolidate compiler generated dependencies of target rscp_mission_interfaces__rosidl_typesupport_c[0m
[0.425s] [ 55%] Built target rscp_mission_interfaces__rosidl_typesupport_c
[0.426s] [35m[1mConsolidate compiler generated dependencies of target rscp_mission_interfaces__rosidl_typesupport_fastrtps_cpp[0m
[0.474s] [ 65%] Built target rscp_mission_interfaces__rosidl_typesupport_fastrtps_cpp
[0.479s] [35m[1mConsolidate compiler generated dependencies of target rscp_mission_interfaces__rosidl_typesupport_introspection_cpp[0m
[0.517s] [ 76%] Built target rscp_mission_interfaces__rosidl_typesupport_introspection_cpp
[0.567s] [ 76%] Built target rscp_mission_interfaces
[0.623s] [ 78%] Built target rscp_mission_interfaces__py
[0.676s] [35m[1mConsolidate compiler generated dependencies of target rscp_mission_interfaces__rosidl_generator_py[0m
[0.732s] [ 87%] Built target rscp_mission_interfaces__rosidl_generator_py
[0.779s] [35m[1mConsolidate compiler generated dependencies of target rscp_mission_interfaces__rosidl_typesupport_fastrtps_c__pyext[0m
[0.829s] [ 91%] Built target rscp_mission_interfaces__rosidl_typesupport_fastrtps_c__pyext
[0.876s] [35m[1mConsolidate compiler generated dependencies of target rscp_mission_interfaces__rosidl_typesupport_introspection_c__pyext[0m
[0.918s] [ 95%] Built target rscp_mission_interfaces__rosidl_typesupport_introspection_c__pyext
[0.963s] [35m[1mConsolidate compiler generated dependencies of target rscp_mission_interfaces__rosidl_typesupport_c__pyext[0m
[1.009s] [100%] Built target rscp_mission_interfaces__rosidl_typesupport_c__pyext
[1.060s] running egg_info
[1.063s] writing rscp_mission_interfaces.egg-info/PKG-INFO
[1.063s] writing dependency_links to rscp_mission_interfaces.egg-info/dependency_links.txt
[1.063s] writing top-level names to rscp_mission_interfaces.egg-info/top_level.txt
[1.066s] reading manifest file 'rscp_mission_interfaces.egg-info/SOURCES.txt'
[1.067s] writing manifest file 'rscp_mission_interfaces.egg-info/SOURCES.txt'
[1.114s] [100%] Built target ament_cmake_python_build_rscp_mission_interfaces_egg
[1.136s] Invoked command in '/home/revel34/rscp_communication_LR/rscp_communication_v3/rscp_bridge_ws/build/rscp_mission_interfaces' returned '0': CMAKE_PREFIX_PATH=/opt/ros/humble /usr/bin/cmake --build /home/revel34/rscp_communication_LR/rscp_communication_v3/rscp_bridge_ws/build/rscp_mission_interfaces -- -j2 -l2
[1.155s] Invoking command in '/home/revel34/rscp_communication_LR/rscp_communication_v3/rscp_bridge_ws/build/rscp_mission_interfaces': CMAKE_PREFIX_PATH=/opt/ros/humble /usr/bin/cmake --install /home/revel34/rscp_communication_LR/rscp_communication_v3/rscp_bridge_ws/build/rscp_mission_interfaces
[1.170s] -- Install configuration: ""
[1.170s] -- Up-to-date: /home/revel34/rscp_communication_LR/rscp_communication_v3/rscp_bridge_ws/install/rscp_mission_interfaces/share/ament_index/resource_index/rosidl_interfaces/rscp_mission_interfaces
[1.170s] -- Up-to-date: /home/revel34/rscp_communication_LR/rscp_communication_v3/rscp_bridge_ws/install/rscp_mission_interfaces/include/rscp_mission_interfaces/rscp_mission_interfaces
[1.171s] -- Up-to-date: /home/revel34/rscp_communication_LR/rscp_communication_v3/rscp_bridge_ws/install/rscp_mission_interfaces/include/rscp_mission_interfaces/rscp_mission_interfaces/msg
[1.171s] -- Up-to-date: /home/revel34/rscp_communication_LR/rscp_communication_v3/rscp_bridge_ws/install/rscp_mission_interfaces/include/rscp_mission_interfaces/rscp_mission_interfaces/msg/rosidl_generator_c__visibility_control.h
[1.171s] -- Up-to-date: /home/revel34/rscp_communication_LR/rscp_communication_v3/rscp_bridge_ws/install/rscp_mission_interfaces/include/rscp_mission_interfaces/rscp_mission_interfaces/action
[1.171s] -- Up-to-date: /home/revel34/rscp_communication_LR/rscp_communication_v3/rscp_bridge_ws/install/rscp_mission_interfaces/include/rscp_mission_interfaces/rscp_mission_interfaces/action/navigate_to_gps.h
[1.172s] -- Up-to-date: /home/revel34/rscp_communication_LR/rscp_communication_v3/rscp_bridge_ws/install/rscp_mission_interfaces/include/rscp_mission_interfaces/rscp_mission_interfaces/action/search_area.h
[1.172s] -- Up-to-date: /home/revel34/rscp_communication_LR/rscp_communication_v3/rscp_bridge_ws/install/rscp_mission_interfaces/include/rscp_mission_interfaces/rscp_mission_interfaces/action/detail
[1.172s] -- Up-to-date: /home/revel34/rscp_communication_LR/rscp_communication_v3/rscp_bridge_ws/install/rscp_mission_interfaces/include/rscp_mission_interfaces/rscp_mission_interfaces/action/detail/explore__functions.c
[1.172s] -- Up-to-date: /home/revel34/rscp_communication_LR/rscp_communication_v3/rscp_bridge_ws/install/rscp_mission_interfaces/include/rscp_mission_interfaces/rscp_mission_interfaces/action/detail/search_area__functions.h
[1.172s] -- Up-to-date: /home/revel34/rscp_communication_LR/rscp_communication_v3/rscp_bridge_ws/install/rscp_mission_interfaces/include/rscp_mission_interfaces/rscp_mission_interfaces/action/detail/explore__functions.h
[1.173s] -- Up-to-date: /home/revel34/rscp_communication_LR/rscp_communication_v3/rscp_bridge_ws/install/rscp_mission_interfaces/include/rscp_mission_interfaces/rscp_mission_interfaces/action/detail/explore__struct.h
[1.173s] -- Up-to-date: /home/revel34/rscp_communication_LR/rscp_communication_v3/rscp_bridge_ws/install/rscp_mission_interfaces/include/rscp_mission_interfaces/rscp_mission_interfaces/action/detail/explore__type_support.h
[1.173s] -- Up-to-date: /home/revel34/rscp_communication_LR/rscp_communication_v3/rscp_bridge_ws/install/rscp_mission_interfaces/include/rscp_mission_interfaces/rscp_mission_interfaces/action/detail/search_area__functions.c
[1.173s] -- Up-to-date: /home/revel34/rscp_communication_LR/rscp_communication_v3/rscp_bridge_ws/install/rscp_mission_interfaces/include/rscp_mission_interfaces/rscp_mission_interfaces/action/detail/navigate_to_gps__type_support.h
[1.173s] -- Up-to-date: /home/revel34/rscp_communication_LR/rscp_communication_v3/rscp_bridge_ws/install/rscp_mission_interfaces/include/rscp_mission_interfaces/rscp_mission_interfaces/action/detail/navigate_to_gps__functions.h
[1.173s] -- Up-to-date: /home/revel34/rscp_communication_LR/rscp_communication_v3/rscp_bridge_ws/install/rscp_mission_interfaces/include/rscp_mission_interfaces/rscp_mission_interfaces/action/detail/search_area__struct.h
[1.173s] -- Up-to-date: /home/revel34/rscp_communication_LR/rscp_communication_v3/rscp_bridge_ws/install/rscp_mission_interfaces/include/rscp_mission_interfaces/rscp_mission_interfaces/action/detail/navigate_to_gps__struct.h
[1.174s] -- Up-to-date: /home/revel34/rscp_communication_LR/rscp_communication_v3/rscp_bridge_ws/install/rscp_mission_interfaces/include/rscp_mission_interfaces/rscp_mission_interfaces/action/detail/navigate_to_gps__functions.c
[1.174s] -- Up-to-date: /home/revel34/rscp_communication_LR/rscp_communication_v3/rscp_bridge_ws/install/rscp_mission_interfaces/include/rscp_mission_interfaces/rscp_mission_interfaces/action/detail/search_area__type_support.h
[1.174s] -- Up-to-date: /home/revel34/rscp_communication_LR/rscp_communication_v3/rscp_bridge_ws/install/rscp_mission_interfaces/include/rscp_mission_interfaces/rscp_mission_interfaces/action/explore.h
[1.174s] -- Up-to-date: /home/revel34/rscp_communication_LR/rscp_communication_v3/rscp_bridge_ws/install/rscp_mission_interfaces/share/rscp_mission_interfaces/environment/library_path.sh
[1.175s] -- Up-to-date: /home/revel34/rscp_communication_LR/rscp_communication_v3/rscp_bridge_ws/install/rscp_mission_interfaces/share/rscp_mission_interfaces/environment/library_path.dsv
[1.175s] -- Up-to-date: /home/revel34/rscp_communication_LR/rscp_communication_v3/rscp_bridge_ws/install/rscp_mission_interfaces/lib/librscp_mission_interfaces__rosidl_generator_c.so
[1.176s] -- Up-to-date: /home/revel34/rscp_communication_LR/rscp_communication_v3/rscp_bridge_ws/install/rscp_mission_interfaces/include/rscp_mission_interfaces/rscp_mission_interfaces
[1.176s] -- Up-to-date: /home/revel34/rscp_communication_LR/rscp_communication_v3/rscp_bridge_ws/install/rscp_mission_interfaces/include/rscp_mission_interfaces/rscp_mission_interfaces/msg
[1.176s] -- Up-to-date: /home/revel34/rscp_communication_LR/rscp_communication_v3/rscp_bridge_ws/install/rscp_mission_interfaces/include/rscp_mission_interfaces/rscp_mission_interfaces/msg/rosidl_typesupport_fastrtps_c__visibility_control.h
[1.176s] -- Up-to-date: /home/revel34/rscp_communication_LR/rscp_communication_v3/rscp_bridge_ws/install/rscp_mission_interfaces/include/rscp_mission_interfaces/rscp_mission_interfaces/action
[1.177s] -- Up-to-date: /home/revel34/rscp_communication_LR/rscp_communication_v3/rscp_bridge_ws/install/rscp_mission_interfaces/include/rscp_mission_interfaces/rscp_mission_interfaces/action/detail
[1.177s] -- Up-to-date: /home/revel34/rscp_communication_LR/rscp_communication_v3/rscp_bridge_ws/install/rscp_mission_interfaces/include/rscp_mission_interfaces/rscp_mission_interfaces/action/detail/navigate_to_gps__rosidl_typesupport_fastrtps_c.h
[1.177s] -- Up-to-date: /home/revel34/rscp_communication_LR/rscp_communication_v3/rscp_bridge_ws/install/rscp_mission_interfaces/include/rscp_mission_interfaces/rscp_mission_interfaces/action/detail/search_area__rosidl_typesupport_fastrtps_c.h
[1.177s] -- Up-to-date: /home/revel34/rscp_communication_LR/rscp_communication_v3/rscp_bridge_ws/install/rscp_mission_interfaces/include/rscp_mission_interfaces/rscp_mission_interfaces/action/detail/explore__rosidl_typesupport_fastrtps_c.h
[1.178s] -- Up-to-date: /home/revel34/rscp_communication_LR/rscp_communication_v3/rscp_bridge_ws/install/rscp_mission_interfaces/lib/librscp_mission_interfaces__rosidl_typesupport_fastrtps_c.so
[1.178s] -- Up-to-date: /home/revel34/rscp_communication_LR/rscp_communication_v3/rscp_bridge_ws/install/rscp_mission_interfaces/include/rscp_mission_interfaces/rscp_mission_interfaces
[1.178s] -- Up-to-date: /home/revel34/rscp_communication_LR/rscp_communication_v3/rscp_bridge_ws/install/rscp_mission_interfaces/include/rscp_mission_interfaces/rscp_mission_interfaces/msg
[1.179s] -- Up-to-date: /home/revel34/rscp_communication_LR/rscp_communication_v3/rscp_bridge_ws/install/rscp_mission_interfaces/include/rscp_mission_interfaces/rscp_mission_interfaces/msg/rosidl_typesupport_introspection_c__visibility_control.h
[1.179s] -- Up-to-date: /home/revel34/rscp_communication_LR/rscp_communication_v3/rscp_bridge_ws/install/rscp_mission_interfaces/include/rscp_mission_interfaces/rscp_mission_interfaces/action
[1.179s] -- Up-to-date: /home/revel34/rscp_communication_LR/rscp_communication_v3/rscp_bridge_ws/install/rscp_mission_interfaces/include/rscp_mission_interfaces/rscp_mission_interfaces/action/detail
[1.179s] -- Up-to-date: /home/revel34/rscp_communication_LR/rscp_communication_v3/rscp_bridge_ws/install/rscp_mission_interfaces/include/rscp_mission_interfaces/rscp_mission_interfaces/action/detail/navigate_to_gps__rosidl_typesupport_introspection_c.h
[1.179s] -- Up-to-date: /home/revel34/rscp_communication_LR/rscp_communication_v3/rscp_bridge_ws/install/rscp_mission_interfaces/include/rscp_mission_interfaces/rscp_mission_interfaces/action/detail/navigate_to_gps__type_support.c
[1.180s] -- Up-to-date: /home/revel34/rscp_communication_LR/rscp_communication_v3/rscp_bridge_ws/install/rscp_mission_interfaces/include/rscp_mission_interfaces/rscp_mission_interfaces/action/detail/search_area__rosidl_typesupport_introspection_c.h
[1.180s] -- Up-to-date: /home/revel34/rscp_communication_LR/rscp_communication_v3/rscp_bridge_ws/install/rscp_mission_interfaces/include/rscp_mission_interfaces/rscp_mission_interfaces/action/detail/explore__rosidl_typesupport_introspection_c.h
[1.180s] -- Up-to-date: /home/revel34/rscp_communication_LR/rscp_communication_v3/rscp_bridge_ws/install/rscp_mission_interfaces/include/rscp_mission_interfaces/rscp_mission_interfaces/action/detail/explore__type_support.c
[1.180s] -- Up-to-date: /home/revel34/rscp_communication_LR/rscp_communication_v3/rscp_bridge_ws/install/rscp_mission_interfaces/include/rscp_mission_interfaces/rscp_mission_interfaces/action/detail/search_area__type_support.c
[1.181s] -- Up-to-date: /home/revel34/rscp_communication_LR/rscp_communication_v3/rscp_bridge_ws/install/rscp_mission_interfaces/lib/librscp_mission_interfaces__rosidl_typesupport_introspection_c.so
[1.181s] -- Up-to-date: /home/revel34/rscp_communication_LR/rscp_communication_v3/rscp_bridge_ws/install/rscp_mission_interfaces/lib/librscp_mission_interfaces__rosidl_typesupport_c.so
[1.182s] -- Up-to-date: /home/revel34/rscp_communication_LR/rscp_communication_v3/rscp_bridge_ws/install/rscp_mission_interfaces/include/rscp_mission_interfaces/rscp_mission_interfaces
[1.182s] -- Up-to-date: /home/revel34/rscp_communication_LR/rscp_communication_v3/rscp_bridge_ws/install/rscp_mission_interfaces/include/rscp_mission_interfaces/rscp_mission_interfaces/msg
[1.182s] -- Up-to-date: /home/revel34/rscp_communication_LR/rscp_communication_v3/rscp_bridge_ws/install/rscp_mission_interfaces/include/rscp_mission_interfaces/rscp_mission_interfaces/msg/rosidl_generator_cpp__visibility_control.hpp
[1.182s] -- Up-to-date: /home/revel34/rscp_communication_LR/rscp_communication_v3/rscp_bridge_ws/install/rscp_mission_interfaces/include/rscp_mission_interfaces/rscp_mission_interfaces/action
[1.183s] -- Up-to-date: /home/revel34/rscp_communication_LR/rscp_communication_v3/rscp_bridge_ws/install/rscp_mission_interfaces/include/rscp_mission_interfaces/rscp_mission_interfaces/action/detail
[1.183s] -- Up-to-date: /home/revel34/rscp_communication_LR/rscp_communication_v3/rscp_bridge_ws/install/rscp_mission_interfaces/include/rscp_mission_interfaces/rscp_mission_interfaces/action/detail/navigate_to_gps__type_support.hpp
[1.183s] -- Up-to-date: /home/revel34/rscp_communication_LR/rscp_communication_v3/rscp_bridge_ws/install/rscp_mission_interfaces/include/rscp_mission_interfaces/rscp_mission_interfaces/action/detail/navigate_to_gps__struct.hpp
[1.183s] -- Up-to-date: /home/revel34/rscp_communication_LR/rscp_communication_v3/rscp_bridge_ws/install/rscp_mission_interfaces/include/rscp_mission_interfaces/rscp_mission_interfaces/action/detail/navigate_to_gps__traits.hpp
[1.183s] -- Up-to-date: /home/revel34/rscp_communication_LR/rscp_communication_v3/rscp_bridge_ws/install/rscp_mission_interfaces/include/rscp_mission_interfaces/rscp_mission_interfaces/action/detail/search_area__type_support.hpp
[1.184s] -- Up-to-date: /home/revel34/rscp_communication_LR/rscp_communication_v3/rscp_bridge_ws/install/rscp_mission_interfaces/include/rscp_mission_interfaces/rscp_mission_interfaces/action/detail/search_area__struct.hpp
[1.184s] -- Up-to-date: /home/revel34/rscp_communication_LR/rscp_communication_v3/rscp_bridge_ws/install/rscp_mission_interfaces/include/rscp_mission_interfaces/rscp_mission_interfaces/action/detail/explore__builder.hpp
[1.184s] -- Up-to-date: /home/revel34/rscp_communication_LR/rscp_communication_v3/rscp_bridge_ws/install/rscp_mission_interfaces/include/rscp_mission_interfaces/rscp_mission_interfaces/action/detail/search_area__builder.hpp
[1.185s] -- Up-to-date: /home/revel34/rscp_communication_LR/rscp_communication_v3/rscp_bridge_ws/install/rscp_mission_interfaces/include/rscp_mission_interfaces/rscp_mission_interfaces/action/detail/navigate_to_gps__builder.hpp
[1.185s] -- Up-to-date: /home/revel34/rscp_communication_LR/rscp_communication_v3/rscp_bridge_ws/install/rscp_mission_interfaces/include/rscp_mission_interfaces/rscp_mission_interfaces/action/detail/search_area__traits.hpp
[1.185s] -- Up-to-date: /home/revel34/rscp_communication_LR/rscp_communication_v3/rscp_bridge_ws/install/rscp_mission_interfaces/include/rscp_mission_interfaces/rscp_mission_interfaces/action/detail/explore__struct.hpp
[1.185s] -- Up-to-date: /home/revel34/rscp_communication_LR/rscp_communication_v3/rscp_bridge_ws/install/rscp_mission_interfaces/include/rscp_mission_interfaces/rscp_mission_interfaces/action/detail/explore__traits.hpp
[1.185s] -- Up-to-date: /home/revel34/rscp_communication_LR/rscp_communication_v3/rscp_bridge_ws/install/rscp_mission_interfaces/include/rscp_mission_interfaces/rscp_mission_interfaces/action/detail/explore__type_support.hpp
[1.185s] -- Up-to-date: /home/revel34/rscp_communication_LR/rscp_communication_v3/rscp_bridge_ws/install/rscp_mission_interfaces/include/rscp_mission_interfaces/rscp_mission_interfaces/action/search_area.hpp
[1.185s] -- Up-to-date: /home/revel34/rscp_communication_LR/rscp_communication_v3/rscp_bridge_ws/install/rscp_mission_interfaces/include/rscp_mission_interfaces/rscp_mission_interfaces/action/explore.hpp
[1.185s] -- Up-to-date: /home/revel34/rscp_communication_LR/rscp_communication_v3/rscp_bridge_ws/install/rscp_mission_interfaces/include/rscp_mission_interfaces/rscp_mission_interfaces/action/navigate_to_gps.hpp
[1.185s] -- Up-to-date: /home/revel34/rscp_communication_LR/rscp_communication_v3/rscp_bridge_ws/install/rscp_mission_interfaces/include/rscp_mission_interfaces/rscp_mission_interfaces
[1.186s] -- Up-to-date: /home/revel34/rscp_communication_LR/rscp_communication_v3/rscp_bridge_ws/install/rscp_mission_interfaces/include/rscp_mission_interfaces/rscp_mission_interfaces/msg
[1.186s] -- Up-to-date: /home/revel34/rscp_communication_LR/rscp_communication_v3/rscp_bridge_ws/install/rscp_mission_interfaces/include/rscp_mission_interfaces/rscp_mission_interfaces/msg/rosidl_typesupport_fastrtps_cpp__visibility_control.h
[1.186s] -- Up-to-date: /home/revel34/rscp_communication_LR/rscp_communication_v3/rscp_bridge_ws/install/rscp_mission_interfaces/include/rscp_mission_interfaces/rscp_mission_interfaces/action
[1.186s] -- Up-to-date: /home/revel34/rscp_communication_LR/rscp_communication_v3/rscp_bridge_ws/install/rscp_mission_interfaces/include/rscp_mission_interfaces/rscp_mission_interfaces/action/detail
[1.186s] -- Up-to-date: /home/revel34/rscp_communication_LR/rscp_communication_v3/rscp_bridge_ws/install/rscp_mission_interfaces/include/rscp_mission_interfaces/rscp_mission_interfaces/action/detail/navigate_to_gps__rosidl_typesupport_fastrtps_cpp.hpp
[1.186s] -- Up-to-date: /home/revel34/rscp_communication_LR/rscp_communication_v3/rscp_bridge_ws/install/rscp_mission_interfaces/include/rscp_mission_interfaces/rscp_mission_interfaces/action/detail/dds_fastrtps
[1.186s] -- Up-to-date: /home/revel34/rscp_communication_LR/rscp_communication_v3/rscp_bridge_ws/install/rscp_mission_interfaces/include/rscp_mission_interfaces/rscp_mission_interfaces/action/detail/search_area__rosidl_typesupport_fastrtps_cpp.hpp
[1.186s] -- Up-to-date: /home/revel34/rscp_communication_LR/rscp_communication_v3/rscp_bridge_ws/install/rscp_mission_interfaces/include/rscp_mission_interfaces/rscp_mission_interfaces/action/detail/explore__rosidl_typesupport_fastrtps_cpp.hpp
[1.187s] -- Up-to-date: /home/revel34/rscp_communication_LR/rscp_communication_v3/rscp_bridge_ws/install/rscp_mission_interfaces/lib/librscp_mission_interfaces__rosidl_typesupport_fastrtps_cpp.so
[1.187s] -- Up-to-date: /home/revel34/rscp_communication_LR/rscp_communication_v3/rscp_bridge_ws/install/rscp_mission_interfaces/include/rscp_mission_interfaces/rscp_mission_interfaces
[1.187s] -- Up-to-date: /home/revel34/rscp_communication_LR/rscp_communication_v3/rscp_bridge_ws/install/rscp_mission_interfaces/include/rscp_mission_interfaces/rscp_mission_interfaces/action
[1.187s] -- Up-to-date: /home/revel34/rscp_communication_LR/rscp_communication_v3/rscp_bridge_ws/install/rscp_mission_interfaces/include/rscp_mission_interfaces/rscp_mission_interfaces/action/detail
[1.187s] -- Up-to-date: /home/revel34/rscp_communication_LR/rscp_communication_v3/rscp_bridge_ws/install/rscp_mission_interfaces/include/rscp_mission_interfaces/rscp_mission_interfaces/action/detail/navigate_to_gps__rosidl_typesupport_introspection_cpp.hpp
[1.188s] -- Up-to-date: /home/revel34/rscp_communication_LR/rscp_communication_v3/rscp_bridge_ws/install/rscp_mission_interfaces/include/rscp_mission_interfaces/rscp_mission_interfaces/action/detail/explore__rosidl_typesupport_introspection_cpp.hpp
[1.188s] -- Up-to-date: /home/revel34/rscp_communication_LR/rscp_communication_v3/rscp_bridge_ws/install/rscp_mission_interfaces/include/rscp_mission_interfaces/rscp_mission_interfaces/action/detail/explore__type_support.cpp
[1.188s] -- Up-to-date: /home/revel34/rscp_communication_LR/rscp_communication_v3/rscp_bridge_ws/install/rscp_mission_interfaces/include/rscp_mission_interfaces/rscp_mission_interfaces/action/detail/search_area__type_support.cpp
[1.188s] -- Up-to-date: /home/revel34/rscp_communication_LR/rscp_communication_v3/rscp_bridge_ws/install/rscp_mission_interfaces/include/rscp_mission_interfaces/rscp_mission_interfaces/action/detail/search_area__rosidl_typesupport_introspection_cpp.hpp
[1.189s] -- Up-to-date: /home/revel34/rscp_communication_LR/rscp_communication_v3/rscp_bridge_ws/install/rscp_mission_interfaces/include/rscp_mission_interfaces/rscp_mission_interfaces/action/detail/navigate_to_gps__type_support.cpp
[1.189s] -- Up-to-date: /home/revel34/rscp_communication_LR/rscp_communication_v3/rscp_bridge_ws/install/rscp_mission_interfaces/lib/librscp_mission_interfaces__rosidl_typesupport_introspection_cpp.so
[1.189s] -- Up-to-date: /home/revel34/rscp_communication_LR/rscp_communication_v3/rscp_bridge_ws/install/rscp_mission_interfaces/lib/librscp_mission_interfaces__rosidl_typesupport_cpp.so
[1.190s] -- Up-to-date: /home/revel34/rscp_communication_LR/rscp_communication_v3/rscp_bridge_ws/install/rscp_mission_interfaces/share/rscp_mission_interfaces/environment/pythonpath.sh
[1.190s] -- Up-to-date: /home/revel34/rscp_communication_LR/rscp_communication_v3/rscp_bridge_ws/install/rscp_mission_interfaces/share/rscp_mission_interfaces/environment/pythonpath.dsv
[1.190s] -- Up-to-date: /home/revel34/rscp_communication_LR/rscp_communication_v3/rscp_bridge_ws/install/rscp_mission_interfaces/local/lib/python3.10/dist-packages/rscp_mission_interfaces-0.0.0-py3.10.egg-info
[1.191s] -- Installing: /home/revel34/rscp_communication_LR/rscp_communication_v3/rscp_bridge_ws/install/rscp_mission_interfaces/local/lib/python3.10/dist-packages/rscp_mission_interfaces-0.0.0-py3.10.egg-info/dependency_links.txt
[1.191s] -- Installing: /home/revel34/rscp_communication_LR/rscp_communication_v3/rscp_bridge_ws/install/rscp_mission_interfaces/local/lib/python3.10/dist-packages/rscp_mission_interfaces-0.0.0-py3.10.egg-info/PKG-INFO
[1.192s] -- Installing: /home/revel34/rscp_communication_LR/rscp_communication_v3/rscp_bridge_ws/install/rscp_mission_interfaces/local/lib/python3.10/dist-packages/rscp_mission_interfaces-0.0.0-py3.10.egg-info/SOURCES.txt
[1.192s] -- Installing: /home/revel34/rscp_communication_LR/rscp_communication_v3/rscp_bridge_ws/install/rscp_mission_interfaces/local/lib/python3.10/dist-packages/rscp_mission_interfaces-0.0.0-py3.10.egg-info/top_level.txt
[1.193s] -- Up-to-date: /home/revel34/rscp_communication_LR/rscp_communication_v3/rscp_bridge_ws/install/rscp_mission_interfaces/local/lib/python3.10/dist-packages/rscp_mission_interfaces
[1.193s] -- Up-to-date: /home/revel34/rscp_communication_LR/rscp_communication_v3/rscp_bridge_ws/install/rscp_mission_interfaces/local/lib/python3.10/dist-packages/rscp_mission_interfaces/_rscp_mission_interfaces_s.ep.rosidl_typesupport_fastrtps_c.c
[1.193s] -- Up-to-date: /home/revel34/rscp_communication_LR/rscp_communication_v3/rscp_bridge_ws/install/rscp_mission_interfaces/local/lib/python3.10/dist-packages/rscp_mission_interfaces/_rscp_mission_interfaces_s.ep.rosidl_typesupport_introspection_c.c
[1.193s] -- Up-to-date: /home/revel34/rscp_communication_LR/rscp_communication_v3/rscp_bridge_ws/install/rscp_mission_interfaces/local/lib/python3.10/dist-packages/rscp_mission_interfaces/rscp_mission_interfaces_s__rosidl_typesupport_c.cpython-310-x86_64-linux-gnu.so
[1.193s] -- Up-to-date: /home/revel34/rscp_communication_LR/rscp_communication_v3/rscp_bridge_ws/install/rscp_mission_interfaces/local/lib/python3.10/dist-packages/rscp_mission_interfaces/_rscp_mission_interfaces_s.ep.rosidl_typesupport_c.c
[1.194s] -- Up-to-date: /home/revel34/rscp_communication_LR/rscp_communication_v3/rscp_bridge_ws/install/rscp_mission_interfaces/local/lib/python3.10/dist-packages/rscp_mission_interfaces/rscp_mission_interfaces_s__rosidl_typesupport_fastrtps_c.cpython-310-x86_64-linux-gnu.so
[1.194s] -- Up-to-date: /home/revel34/rscp_communication_LR/rscp_communication_v3/rscp_bridge_ws/install/rscp_mission_interfaces/local/lib/python3.10/dist-packages/rscp_mission_interfaces/rscp_mission_interfaces_s__rosidl_typesupport_introspection_c.cpython-310-x86_64-linux-gnu.so
[1.194s] -- Up-to-date: /home/revel34/rscp_communication_LR/rscp_communication_v3/rscp_bridge_ws/install/rscp_mission_interfaces/local/lib/python3.10/dist-packages/rscp_mission_interfaces/librscp_mission_interfaces__rosidl_generator_py.so
[1.194s] -- Up-to-date: /home/revel34/rscp_communication_LR/rscp_communication_v3/rscp_bridge_ws/install/rscp_mission_interfaces/local/lib/python3.10/dist-packages/rscp_mission_interfaces/action
[1.194s] -- Up-to-date: /home/revel34/rscp_communication_LR/rscp_communication_v3/rscp_bridge_ws/install/rscp_mission_interfaces/local/lib/python3.10/dist-packages/rscp_mission_interfaces/action/_navigate_to_gps.py
[1.194s] -- Up-to-date: /home/revel34/rscp_communication_LR/rscp_communication_v3/rscp_bridge_ws/install/rscp_mission_interfaces/local/lib/python3.10/dist-packages/rscp_mission_interfaces/action/_navigate_to_gps_s.c
[1.195s] -- Up-to-date: /home/revel34/rscp_communication_LR/rscp_communication_v3/rscp_bridge_ws/install/rscp_mission_interfaces/local/lib/python3.10/dist-packages/rscp_mission_interfaces/action/_explore_s.c
[1.195s] -- Up-to-date: /home/revel34/rscp_communication_LR/rscp_communication_v3/rscp_bridge_ws/install/rscp_mission_interfaces/local/lib/python3.10/dist-packages/rscp_mission_interfaces/action/_search_area_s.c
[1.195s] -- Up-to-date: /home/revel34/rscp_communication_LR/rscp_communication_v3/rscp_bridge_ws/install/rscp_mission_interfaces/local/lib/python3.10/dist-packages/rscp_mission_interfaces/action/_search_area.py
[1.195s] -- Up-to-date: /home/revel34/rscp_communication_LR/rscp_communication_v3/rscp_bridge_ws/install/rscp_mission_interfaces/local/lib/python3.10/dist-packages/rscp_mission_interfaces/action/__init__.py
[1.195s] -- Up-to-date: /home/revel34/rscp_communication_LR/rscp_communication_v3/rscp_bridge_ws/install/rscp_mission_interfaces/local/lib/python3.10/dist-packages/rscp_mission_interfaces/action/_explore.py
[1.196s] -- Up-to-date: /home/revel34/rscp_communication_LR/rscp_communication_v3/rscp_bridge_ws/install/rscp_mission_interfaces/local/lib/python3.10/dist-packages/rscp_mission_interfaces/__init__.py
[1.253s] Listing '/home/revel34/rscp_communication_LR/rscp_communication_v3/rscp_bridge_ws/install/rscp_mission_interfaces/local/lib/python3.10/dist-packages/rscp_mission_interfaces'...
[1.253s] Listing '/home/revel34/rscp_communication_LR/rscp_communication_v3/rscp_bridge_ws/install/rscp_mission_interfaces/local/lib/python3.10/dist-packages/rscp_mission_interfaces/action'...
[1.264s] -- Up-to-date: /home/revel34/rscp_communication_LR/rscp_communication_v3/rscp_bridge_ws/install/rscp_mission_interfaces/local/lib/python3.10/dist-packages/rscp_mission_interfaces/rscp_mission_interfaces_s__rosidl_typesupport_fastrtps_c.cpython-310-x86_64-linux-gnu.so
[1.264s] -- Up-to-date: /home/revel34/rscp_communication_LR/rscp_communication_v3/rscp_bridge_ws/install/rscp_mission_interfaces/local/lib/python3.10/dist-packages/rscp_mission_interfaces/rscp_mission_interfaces_s__rosidl_typesupport_introspection_c.cpython-310-x86_64-linux-gnu.so
[1.265s] -- Up-to-date: /home/revel34/rscp_communication_LR/rscp_communication_v3/rscp_bridge_ws/install/rscp_mission_interfaces/local/lib/python3.10/dist-packages/rscp_mission_interfaces/rscp_mission_interfaces_s__rosidl_typesupport_c.cpython-310-x86_64-linux-gnu.so
[1.265s] -- Up-to-date: /home/revel34/rscp_communication_LR/rscp_communication_v3/rscp_bridge_ws/install/rscp_mission_interfaces/lib/librscp_mission_interfaces__rosidl_generator_py.so
[1.265s] -- Up-to-date: /home/revel34/rscp_communication_LR/rscp_communication_v3/rscp_bridge_ws/install/rscp_mission_interfaces/share/rscp_mission_interfaces/action/SearchArea.idl
[1.266s] -- Up-to-date: /home/revel34/rscp_communication_LR/rscp_communication_v3/rscp_bridge_ws/install/rscp_mission_interfaces/share/rscp_mission_interfaces/action/NavigateToGPS.idl
[1.266s] -- Up-to-date: /home/revel34/rscp_communication_LR/rscp_communication_v3/rscp_bridge_ws/install/rscp_mission_interfaces/share/rscp_mission_interfaces/action/Explore.idl
[1.267s] -- Up-to-date: /home/revel34/rscp_communication_LR/rscp_communication_v3/rscp_bridge_ws/install/rscp_mission_interfaces/share/rscp_mission_interfaces/action/SearchArea.action
[1.267s] -- Up-to-date: /home/revel34/rscp_communication_LR/rscp_communication_v3/rscp_bridge_ws/install/rscp_mission_interfaces/share/rscp_mission_interfaces/action/NavigateToGPS.action
[1.267s] -- Up-to-date: /home/revel34/rscp_communication_LR/rscp_communication_v3/rscp_bridge_ws/install/rscp_mission_interfaces/share/rscp_mission_interfaces/action/Explore.action
[1.268s] -- Up-to-date: /home/revel34/rscp_communication_LR/rscp_communication_v3/rscp_bridge_ws/install/rscp_mission_interfaces/share/ament_index/resource_index/package_run_dependencies/rscp_mission_interfaces
[1.268s] -- Up-to-date: /home/revel34/rscp_communication_LR/rscp_communication_v3/rscp_bridge_ws/install/rscp_mission_interfaces/share/ament_index/resource_index/parent_prefix_path/rscp_mission_interfaces
[1.268s] -- Up-to-date: /home/revel34/rscp_communication_LR/rscp_communication_v3/rscp_bridge_ws/install/rscp_mission_interfaces/share/rscp_mission_interfaces/environment/ament_prefix_path.sh
[1.269s] -- Up-to-date: /home/revel34/rscp_communication_LR/rscp_communication_v3/rscp_bridge_ws/install/rscp_mission_interfaces/share/rscp_mission_interfaces/environment/ament_prefix_path.dsv
[1.269s] -- Up-to-date: /home/revel34/rscp_communication_LR/rscp_communication_v3/rscp_bridge_ws/install/rscp_mission_interfaces/share/rscp_mission_interfaces/environment/path.sh
[1.269s] -- Up-to-date: /home/revel34/rscp_communication_LR/rscp_communication_v3/rscp_bridge_ws/install/rscp_mission_interfaces/share/rscp_mission_interfaces/environment/path.dsv
[1.270s] -- Up-to-date: /home/revel34/rscp_communication_LR/rscp_communication_v3/rscp_bridge_ws/install/rscp_mission_interfaces/share/rscp_mission_interfaces/local_setup.bash
[1.270s] -- Up-to-date: /home/revel34/rscp_communication_LR/rscp_communication_v3/rscp_bridge_ws/install/rscp_mission_interfaces/share/rscp_mission_interfaces/local_setup.sh
[1.270s] -- Up-to-date: /home/revel34/rscp_communication_LR/rscp_communication_v3/rscp_bridge_ws/install/rscp_mission_interfaces/share/rscp_mission_interfaces/local_setup.zsh
[1.271s] -- Up-to-date: /home/revel34/rscp_communication_LR/rscp_communication_v3/rscp_bridge_ws/install/rscp_mission_interfaces/share/rscp_mission_interfaces/local_setup.dsv
[1.271s] -- Installing: /home/revel34/rscp_communication_LR/rscp_communication_v3/rscp_bridge_ws/install/rscp_mission_interfaces/share/rscp_mission_interfaces/package.dsv
[1.271s] -- Up-to-date: /home/revel34/rscp_communication_LR/rscp_communication_v3/rscp_bridge_ws/install/rscp_mission_interfaces/share/ament_index/resource_index/packages/rscp_mission_interfaces
[1.272s] -- Up-to-date: /home/revel34/rscp_communication_LR/rscp_communication_v3/rscp_bridge_ws/install/rscp_mission_interfaces/share/rscp_mission_interfaces/cmake/export_rscp_mission_interfaces__rosidl_generator_cExport.cmake
[1.272s] -- Up-to-date: /home/revel34/rscp_communication_LR/rscp_communication_v3/rscp_bridge_ws/install/rscp_mission_interfaces/share/rscp_mission_interfaces/cmake/export_rscp_mission_interfaces__rosidl_generator_cExport-noconfig.cmake
[1.273s] -- Up-to-date: /home/revel34/rscp_communication_LR/rscp_communication_v3/rscp_bridge_ws/install/rscp_mission_interfaces/share/rscp_mission_interfaces/cmake/export_rscp_mission_interfaces__rosidl_typesupport_fastrtps_cExport.cmake
[1.273s] -- Up-to-date: /home/revel34/rscp_communication_LR/rscp_communication_v3/rscp_bridge_ws/install/rscp_mission_interfaces/share/rscp_mission_interfaces/cmake/export_rscp_mission_interfaces__rosidl_typesupport_fastrtps_cExport-noconfig.cmake
[1.273s] -- Up-to-date: /home/revel34/rscp_communication_LR/rscp_communication_v3/rscp_bridge_ws/install/rscp_mission_interfaces/share/rscp_mission_interfaces/cmake/rscp_mission_interfaces__rosidl_typesupport_introspection_cExport.cmake
[1.274s] -- Up-to-date: /home/revel34/rscp_communication_LR/rscp_communication_v3/rscp_bridge_ws/install/rscp_mission_interfaces/share/rscp_mission_interfaces/cmake/rscp_mission_interfaces__rosidl_typesupport_introspection_cExport-noconfig.cmake
[1.275s] -- Up-to-date: /home/revel34/rscp_communication_LR/rscp_communication_v3/rscp_bridge_ws/install/rscp_mission_interfaces/share/rscp_mission_interfaces/cmake/rscp_mission_interfaces__rosidl_typesupport_cExport.cmake
[1.275s] -- Up-to-date: /home/revel34/rscp_communication_LR/rscp_communication_v3/rscp_bridge_ws/install/rscp_mission_interfaces/share/rscp_mission_interfaces/cmake/rscp_mission_interfaces__rosidl_typesupport_cExport-noconfig.cmake
[1.276s] -- Up-to-date: /home/revel34/rscp_communication_LR/rscp_communication_v3/rscp_bridge_ws/install/rscp_mission_interfaces/share/rscp_mission_interfaces/cmake/export_rscp_mission_interfaces__rosidl_generator_cppExport.cmake
[1.277s] -- Up-to-date: /home/revel34/rscp_communication_LR/rscp_communication_v3/rscp_bridge_ws/install/rscp_mission_interfaces/share/rscp_mission_interfaces/cmake/export_rscp_mission_interfaces__rosidl_typesupport_fastrtps_cppExport.cmake
[1.277s] -- Up-to-date: /home/revel34/rscp_communication_LR/rscp_communication_v3/rscp_bridge_ws/install/rscp_mission_interfaces/share/rscp_mission_interfaces/cmake/export_rscp_mission_interfaces__rosidl_typesupport_fastrtps_cppExport-noconfig.cmake
[1.278s] -- Up-to-date: /home/revel34/rscp_communication_LR/rscp_communication_v3/rscp_bridge_ws/install/rscp_mission_interfaces/share/rscp_mission_interfaces/cmake/rscp_mission_interfaces__rosidl_typesupport_introspection_cppExport.cmake
[1.278s] -- Up-to-date: /home/revel34/rscp_communication_LR/rscp_communication_v3/rscp_bridge_ws/install/rscp_mission_interfaces/share/rscp_mission_interfaces/cmake/rscp_mission_interfaces__rosidl_typesupport_introspection_cppExport-noconfig.cmake
[1.279s] -- Up-to-date: /home/revel34/rscp_communication_LR/rscp_communication_v3/rscp_bridge_ws/install/rscp_mission_interfaces/share/rscp_mission_interfaces/cmake/rscp_mission_interfaces__rosidl_typesupport_cppExport.cmake
[1.279s] -- Up-to-date: /home/revel34/rscp_communication_LR/rscp_communication_v3/rscp_bridge_ws/install/rscp_mission_interfaces/share/rscp_mission_interfaces/cmake/rscp_mission_interfaces__rosidl_typesupport_cppExport-noconfig.cmake
[1.280s] -- Up-to-date: /home/revel34/rscp_communication_LR/rscp_communication_v3/rscp_bridge_ws/install/rscp_mission_interfaces/share/rscp_mission_interfaces/cmake/export_rscp_mission_interfaces__rosidl_generator_pyExport.cmake
[1.280s] -- Up-to-date: /home/revel34/rscp_communication_LR/rscp_communication_v3/rscp_bridge_ws/install/rscp_mission_interfaces/share/rscp_mission_interfaces/cmake/export_rscp_mission_interfaces__rosidl_generator_pyExport-noconfig.cmake
[1.280s] -- Up-to-date: /home/revel34/rscp_communication_LR/rscp_communication_v3/rscp_bridge_ws/install/rscp_mission_interfaces/share/rscp_mission_interfaces/cmake/rosidl_cmake-extras.cmake
[1.281s] -- Up-to-date: /home/revel34/rscp_communication_LR/rscp_communication_v3/rscp_bridge_ws/install/rscp_mission_interfaces/share/rscp_mission_interfaces/cmake/ament_cmake_export_dependencies-extras.cmake
[1.281s] -- Up-to-date: /home/revel34/rscp_communication_LR/rscp_communication_v3/rscp_bridge_ws/install/rscp_mission_interfaces/share/rscp_mission_interfaces/cmake/ament_cmake_export_include_directories-extras.cmake
[1.281s] -- Up-to-date: /home/revel34/rscp_communication_LR/rscp_communication_v3/rscp_bridge_ws/install/rscp_mission_interfaces/share/rscp_mission_interfaces/cmake/ament_cmake_export_libraries-extras.cmake
[1.282s] -- Up-to-date: /home/revel34/rscp_communication_LR/rscp_communication_v3/rscp_bridge_ws/install/rscp_mission_interfaces/share/rscp_mission_interfaces/cmake/ament_cmake_export_targets-extras.cmake
[1.282s] -- Up-to-date: /home/revel34/rscp_communication_LR/rscp_communication_v3/rscp_bridge_ws/install/rscp_mission_interfaces/share/rscp_mission_interfaces/cmake/rosidl_cmake_export_typesupport_targets-extras.cmake
[1.282s] -- Up-to-date: /home/revel34/rscp_communication_LR/rscp_communication_v3/rscp_bridge_ws/install/rscp_mission_interfaces/share/rscp_mission_interfaces/cmake/rosidl_cmake_export_typesupport_libraries-extras.cmake
[1.283s] -- Up-to-date: /home/revel34/rscp_communication_LR/rscp_communication_v3/rscp_bridge_ws/install/rscp_mission_interfaces/share/rscp_mission_interfaces/cmake/rscp_mission_interfacesConfig.cmake
[1.283s] -- Up-to-date: /home/revel34/rscp_communication_LR/rscp_communication_v3/rscp_bridge_ws/install/rscp_mission_interfaces/share/rscp_mission_interfaces/cmake/rscp_mission_interfacesConfig-version.cmake
[1.284s] -- Up-to-date: /home/revel34/rscp_communication_LR/rscp_communication_v3/rscp_bridge_ws/install/rscp_mission_interfaces/share/rscp_mission_interfaces/package.xml
[1.286s] Invoked command in '/home/revel34/rscp_communication_LR/rscp_communication_v3/rscp_bridge_ws/build/rscp_mission_interfaces' returned '0': CMAKE_PREFIX_PATH=/opt/ros/humble /usr/bin/cmake --install /home/revel34/rscp_communication_LR/rscp_communication_v3/rscp_bridge_ws/build/rscp_mission_interfaces
