running egg_info
writing ../../build/rscp_receiver/rscp_receiver.egg-info/PKG-INFO
writing dependency_links to ../../build/rscp_receiver/rscp_receiver.egg-info/dependency_links.txt
writing entry points to ../../build/rscp_receiver/rscp_receiver.egg-info/entry_points.txt
writing requirements to ../../build/rscp_receiver/rscp_receiver.egg-info/requires.txt
writing top-level names to ../../build/rscp_receiver/rscp_receiver.egg-info/top_level.txt
reading manifest file '../../build/rscp_receiver/rscp_receiver.egg-info/SOURCES.txt'
writing manifest file '../../build/rscp_receiver/rscp_receiver.egg-info/SOURCES.txt'
running build
running build_py
copying rscp_receiver/receiver.py -> /home/revel34/rscp_communication_v3/rscp_comms/build/rscp_receiver/build/lib/rscp_receiver
running install
running install_lib
copying /home/revel34/rscp_communication_v3/rscp_comms/build/rscp_receiver/build/lib/rscp_receiver/receiver.py -> /home/revel34/rscp_communication_v3/rscp_comms/install/rscp_receiver/lib/python3.10/site-packages/rscp_receiver
byte-compiling /home/revel34/rscp_communication_v3/rscp_comms/install/rscp_receiver/lib/python3.10/site-packages/rscp_receiver/receiver.py to receiver.cpython-310.pyc
running install_data
running install_egg_info
removing '/home/revel34/rscp_communication_v3/rscp_comms/install/rscp_receiver/lib/python3.10/site-packages/rscp_receiver-0.0.0-py3.10.egg-info' (and everything under it)
Copying ../../build/rscp_receiver/rscp_receiver.egg-info to /home/revel34/rscp_communication_v3/rscp_comms/install/rscp_receiver/lib/python3.10/site-packages/rscp_receiver-0.0.0-py3.10.egg-info
running install_scripts
writing list of installed files to '/home/revel34/rscp_communication_v3/rscp_comms/build/rscp_receiver/install.log'
