[  2%] Built target rscp_mission_interfaces__cpp
[ 12%] Built target rscp_mission_interfaces__rosidl_generator_c
[ 12%] Built target ament_cmake_python_copy_rscp_mission_interfaces
[ 23%] Built target rscp_mission_interfaces__rosidl_typesupport_cpp
[ 34%] Built target rscp_mission_interfaces__rosidl_typesupport_fastrtps_c
[ 44%] Built target rscp_mission_interfaces__rosidl_typesupport_introspection_c
[ 55%] Built target rscp_mission_interfaces__rosidl_typesupport_c
[ 65%] Built target rscp_mission_interfaces__rosidl_typesupport_fastrtps_cpp
[ 76%] Built target rscp_mission_interfaces__rosidl_typesupport_introspection_cpp
[ 76%] Built target rscp_mission_interfaces
[ 78%] Built target rscp_mission_interfaces__py
[ 87%] Built target rscp_mission_interfaces__rosidl_generator_py
[ 91%] Built target rscp_mission_interfaces__rosidl_typesupport_fastrtps_c__pyext
[ 95%] Built target rscp_mission_interfaces__rosidl_typesupport_introspection_c__pyext
[100%] Built target rscp_mission_interfaces__rosidl_typesupport_c__pyext
running egg_info
writing rscp_mission_interfaces.egg-info/PKG-INFO
writing dependency_links to rscp_mission_interfaces.egg-info/dependency_links.txt
writing top-level names to rscp_mission_interfaces.egg-info/top_level.txt
reading manifest file 'rscp_mission_interfaces.egg-info/SOURCES.txt'
writing manifest file 'rscp_mission_interfaces.egg-info/SOURCES.txt'
[100%] Built target ament_cmake_python_build_rscp_mission_interfaces_egg
-- Install configuration: ""
-- Up-to-date: /home/revel34/rscp_communication_LR/rscp_communication_v3/rscp_bridge_ws/install/rscp_mission_interfaces/share/ament_index/resource_index/rosidl_interfaces/rscp_mission_interfaces
-- Up-to-date: /home/revel34/rscp_communication_LR/rscp_communication_v3/rscp_bridge_ws/install/rscp_mission_interfaces/include/rscp_mission_interfaces/rscp_mission_interfaces
-- Up-to-date: /home/revel34/rscp_communication_LR/rscp_communication_v3/rscp_bridge_ws/install/rscp_mission_interfaces/include/rscp_mission_interfaces/rscp_mission_interfaces/msg
-- Up-to-date: /home/revel34/rscp_communication_LR/rscp_communication_v3/rscp_bridge_ws/install/rscp_mission_interfaces/include/rscp_mission_interfaces/rscp_mission_interfaces/msg/rosidl_generator_c__visibility_control.h
-- Up-to-date: /home/revel34/rscp_communication_LR/rscp_communication_v3/rscp_bridge_ws/install/rscp_mission_interfaces/include/rscp_mission_interfaces/rscp_mission_interfaces/action
-- Up-to-date: /home/revel34/rscp_communication_LR/rscp_communication_v3/rscp_bridge_ws/install/rscp_mission_interfaces/include/rscp_mission_interfaces/rscp_mission_interfaces/action/navigate_to_gps.h
-- Up-to-date: /home/revel34/rscp_communication_LR/rscp_communication_v3/rscp_bridge_ws/install/rscp_mission_interfaces/include/rscp_mission_interfaces/rscp_mission_interfaces/action/search_area.h
-- Up-to-date: /home/revel34/rscp_communication_LR/rscp_communication_v3/rscp_bridge_ws/install/rscp_mission_interfaces/include/rscp_mission_interfaces/rscp_mission_interfaces/action/detail
-- Up-to-date: /home/revel34/rscp_communication_LR/rscp_communication_v3/rscp_bridge_ws/install/rscp_mission_interfaces/include/rscp_mission_interfaces/rscp_mission_interfaces/action/detail/explore__functions.c
-- Up-to-date: /home/revel34/rscp_communication_LR/rscp_communication_v3/rscp_bridge_ws/install/rscp_mission_interfaces/include/rscp_mission_interfaces/rscp_mission_interfaces/action/detail/search_area__functions.h
-- Up-to-date: /home/revel34/rscp_communication_LR/rscp_communication_v3/rscp_bridge_ws/install/rscp_mission_interfaces/include/rscp_mission_interfaces/rscp_mission_interfaces/action/detail/explore__functions.h
-- Up-to-date: /home/revel34/rscp_communication_LR/rscp_communication_v3/rscp_bridge_ws/install/rscp_mission_interfaces/include/rscp_mission_interfaces/rscp_mission_interfaces/action/detail/explore__struct.h
-- Up-to-date: /home/revel34/rscp_communication_LR/rscp_communication_v3/rscp_bridge_ws/install/rscp_mission_interfaces/include/rscp_mission_interfaces/rscp_mission_interfaces/action/detail/explore__type_support.h
-- Up-to-date: /home/revel34/rscp_communication_LR/rscp_communication_v3/rscp_bridge_ws/install/rscp_mission_interfaces/include/rscp_mission_interfaces/rscp_mission_interfaces/action/detail/search_area__functions.c
-- Up-to-date: /home/revel34/rscp_communication_LR/rscp_communication_v3/rscp_bridge_ws/install/rscp_mission_interfaces/include/rscp_mission_interfaces/rscp_mission_interfaces/action/detail/navigate_to_gps__type_support.h
-- Up-to-date: /home/revel34/rscp_communication_LR/rscp_communication_v3/rscp_bridge_ws/install/rscp_mission_interfaces/include/rscp_mission_interfaces/rscp_mission_interfaces/action/detail/navigate_to_gps__functions.h
-- Up-to-date: /home/revel34/rscp_communication_LR/rscp_communication_v3/rscp_bridge_ws/install/rscp_mission_interfaces/include/rscp_mission_interfaces/rscp_mission_interfaces/action/detail/search_area__struct.h
-- Up-to-date: /home/revel34/rscp_communication_LR/rscp_communication_v3/rscp_bridge_ws/install/rscp_mission_interfaces/include/rscp_mission_interfaces/rscp_mission_interfaces/action/detail/navigate_to_gps__struct.h
-- Up-to-date: /home/revel34/rscp_communication_LR/rscp_communication_v3/rscp_bridge_ws/install/rscp_mission_interfaces/include/rscp_mission_interfaces/rscp_mission_interfaces/action/detail/navigate_to_gps__functions.c
-- Up-to-date: /home/revel34/rscp_communication_LR/rscp_communication_v3/rscp_bridge_ws/install/rscp_mission_interfaces/include/rscp_mission_interfaces/rscp_mission_interfaces/action/detail/search_area__type_support.h
-- Up-to-date: /home/revel34/rscp_communication_LR/rscp_communication_v3/rscp_bridge_ws/install/rscp_mission_interfaces/include/rscp_mission_interfaces/rscp_mission_interfaces/action/explore.h
-- Up-to-date: /home/revel34/rscp_communication_LR/rscp_communication_v3/rscp_bridge_ws/install/rscp_mission_interfaces/share/rscp_mission_interfaces/environment/library_path.sh
-- Up-to-date: /home/revel34/rscp_communication_LR/rscp_communication_v3/rscp_bridge_ws/install/rscp_mission_interfaces/share/rscp_mission_interfaces/environment/library_path.dsv
-- Up-to-date: /home/revel34/rscp_communication_LR/rscp_communication_v3/rscp_bridge_ws/install/rscp_mission_interfaces/lib/librscp_mission_interfaces__rosidl_generator_c.so
-- Up-to-date: /home/revel34/rscp_communication_LR/rscp_communication_v3/rscp_bridge_ws/install/rscp_mission_interfaces/include/rscp_mission_interfaces/rscp_mission_interfaces
-- Up-to-date: /home/revel34/rscp_communication_LR/rscp_communication_v3/rscp_bridge_ws/install/rscp_mission_interfaces/include/rscp_mission_interfaces/rscp_mission_interfaces/msg
-- Up-to-date: /home/revel34/rscp_communication_LR/rscp_communication_v3/rscp_bridge_ws/install/rscp_mission_interfaces/include/rscp_mission_interfaces/rscp_mission_interfaces/msg/rosidl_typesupport_fastrtps_c__visibility_control.h
-- Up-to-date: /home/revel34/rscp_communication_LR/rscp_communication_v3/rscp_bridge_ws/install/rscp_mission_interfaces/include/rscp_mission_interfaces/rscp_mission_interfaces/action
-- Up-to-date: /home/revel34/rscp_communication_LR/rscp_communication_v3/rscp_bridge_ws/install/rscp_mission_interfaces/include/rscp_mission_interfaces/rscp_mission_interfaces/action/detail
-- Up-to-date: /home/revel34/rscp_communication_LR/rscp_communication_v3/rscp_bridge_ws/install/rscp_mission_interfaces/include/rscp_mission_interfaces/rscp_mission_interfaces/action/detail/navigate_to_gps__rosidl_typesupport_fastrtps_c.h
-- Up-to-date: /home/revel34/rscp_communication_LR/rscp_communication_v3/rscp_bridge_ws/install/rscp_mission_interfaces/include/rscp_mission_interfaces/rscp_mission_interfaces/action/detail/search_area__rosidl_typesupport_fastrtps_c.h
-- Up-to-date: /home/revel34/rscp_communication_LR/rscp_communication_v3/rscp_bridge_ws/install/rscp_mission_interfaces/include/rscp_mission_interfaces/rscp_mission_interfaces/action/detail/explore__rosidl_typesupport_fastrtps_c.h
-- Up-to-date: /home/revel34/rscp_communication_LR/rscp_communication_v3/rscp_bridge_ws/install/rscp_mission_interfaces/lib/librscp_mission_interfaces__rosidl_typesupport_fastrtps_c.so
-- Up-to-date: /home/revel34/rscp_communication_LR/rscp_communication_v3/rscp_bridge_ws/install/rscp_mission_interfaces/include/rscp_mission_interfaces/rscp_mission_interfaces
-- Up-to-date: /home/revel34/rscp_communication_LR/rscp_communication_v3/rscp_bridge_ws/install/rscp_mission_interfaces/include/rscp_mission_interfaces/rscp_mission_interfaces/msg
-- Up-to-date: /home/revel34/rscp_communication_LR/rscp_communication_v3/rscp_bridge_ws/install/rscp_mission_interfaces/include/rscp_mission_interfaces/rscp_mission_interfaces/msg/rosidl_typesupport_introspection_c__visibility_control.h
-- Up-to-date: /home/revel34/rscp_communication_LR/rscp_communication_v3/rscp_bridge_ws/install/rscp_mission_interfaces/include/rscp_mission_interfaces/rscp_mission_interfaces/action
-- Up-to-date: /home/revel34/rscp_communication_LR/rscp_communication_v3/rscp_bridge_ws/install/rscp_mission_interfaces/include/rscp_mission_interfaces/rscp_mission_interfaces/action/detail
-- Up-to-date: /home/revel34/rscp_communication_LR/rscp_communication_v3/rscp_bridge_ws/install/rscp_mission_interfaces/include/rscp_mission_interfaces/rscp_mission_interfaces/action/detail/navigate_to_gps__rosidl_typesupport_introspection_c.h
-- Up-to-date: /home/revel34/rscp_communication_LR/rscp_communication_v3/rscp_bridge_ws/install/rscp_mission_interfaces/include/rscp_mission_interfaces/rscp_mission_interfaces/action/detail/navigate_to_gps__type_support.c
-- Up-to-date: /home/revel34/rscp_communication_LR/rscp_communication_v3/rscp_bridge_ws/install/rscp_mission_interfaces/include/rscp_mission_interfaces/rscp_mission_interfaces/action/detail/search_area__rosidl_typesupport_introspection_c.h
-- Up-to-date: /home/revel34/rscp_communication_LR/rscp_communication_v3/rscp_bridge_ws/install/rscp_mission_interfaces/include/rscp_mission_interfaces/rscp_mission_interfaces/action/detail/explore__rosidl_typesupport_introspection_c.h
-- Up-to-date: /home/revel34/rscp_communication_LR/rscp_communication_v3/rscp_bridge_ws/install/rscp_mission_interfaces/include/rscp_mission_interfaces/rscp_mission_interfaces/action/detail/explore__type_support.c
-- Up-to-date: /home/revel34/rscp_communication_LR/rscp_communication_v3/rscp_bridge_ws/install/rscp_mission_interfaces/include/rscp_mission_interfaces/rscp_mission_interfaces/action/detail/search_area__type_support.c
-- Up-to-date: /home/revel34/rscp_communication_LR/rscp_communication_v3/rscp_bridge_ws/install/rscp_mission_interfaces/lib/librscp_mission_interfaces__rosidl_typesupport_introspection_c.so
-- Up-to-date: /home/revel34/rscp_communication_LR/rscp_communication_v3/rscp_bridge_ws/install/rscp_mission_interfaces/lib/librscp_mission_interfaces__rosidl_typesupport_c.so
-- Up-to-date: /home/revel34/rscp_communication_LR/rscp_communication_v3/rscp_bridge_ws/install/rscp_mission_interfaces/include/rscp_mission_interfaces/rscp_mission_interfaces
-- Up-to-date: /home/revel34/rscp_communication_LR/rscp_communication_v3/rscp_bridge_ws/install/rscp_mission_interfaces/include/rscp_mission_interfaces/rscp_mission_interfaces/msg
-- Up-to-date: /home/revel34/rscp_communication_LR/rscp_communication_v3/rscp_bridge_ws/install/rscp_mission_interfaces/include/rscp_mission_interfaces/rscp_mission_interfaces/msg/rosidl_generator_cpp__visibility_control.hpp
-- Up-to-date: /home/revel34/rscp_communication_LR/rscp_communication_v3/rscp_bridge_ws/install/rscp_mission_interfaces/include/rscp_mission_interfaces/rscp_mission_interfaces/action
-- Up-to-date: /home/revel34/rscp_communication_LR/rscp_communication_v3/rscp_bridge_ws/install/rscp_mission_interfaces/include/rscp_mission_interfaces/rscp_mission_interfaces/action/detail
-- Up-to-date: /home/revel34/rscp_communication_LR/rscp_communication_v3/rscp_bridge_ws/install/rscp_mission_interfaces/include/rscp_mission_interfaces/rscp_mission_interfaces/action/detail/navigate_to_gps__type_support.hpp
-- Up-to-date: /home/revel34/rscp_communication_LR/rscp_communication_v3/rscp_bridge_ws/install/rscp_mission_interfaces/include/rscp_mission_interfaces/rscp_mission_interfaces/action/detail/navigate_to_gps__struct.hpp
-- Up-to-date: /home/revel34/rscp_communication_LR/rscp_communication_v3/rscp_bridge_ws/install/rscp_mission_interfaces/include/rscp_mission_interfaces/rscp_mission_interfaces/action/detail/navigate_to_gps__traits.hpp
-- Up-to-date: /home/revel34/rscp_communication_LR/rscp_communication_v3/rscp_bridge_ws/install/rscp_mission_interfaces/include/rscp_mission_interfaces/rscp_mission_interfaces/action/detail/search_area__type_support.hpp
-- Up-to-date: /home/revel34/rscp_communication_LR/rscp_communication_v3/rscp_bridge_ws/install/rscp_mission_interfaces/include/rscp_mission_interfaces/rscp_mission_interfaces/action/detail/search_area__struct.hpp
-- Up-to-date: /home/revel34/rscp_communication_LR/rscp_communication_v3/rscp_bridge_ws/install/rscp_mission_interfaces/include/rscp_mission_interfaces/rscp_mission_interfaces/action/detail/explore__builder.hpp
-- Up-to-date: /home/revel34/rscp_communication_LR/rscp_communication_v3/rscp_bridge_ws/install/rscp_mission_interfaces/include/rscp_mission_interfaces/rscp_mission_interfaces/action/detail/search_area__builder.hpp
-- Up-to-date: /home/revel34/rscp_communication_LR/rscp_communication_v3/rscp_bridge_ws/install/rscp_mission_interfaces/include/rscp_mission_interfaces/rscp_mission_interfaces/action/detail/navigate_to_gps__builder.hpp
-- Up-to-date: /home/revel34/rscp_communication_LR/rscp_communication_v3/rscp_bridge_ws/install/rscp_mission_interfaces/include/rscp_mission_interfaces/rscp_mission_interfaces/action/detail/search_area__traits.hpp
-- Up-to-date: /home/revel34/rscp_communication_LR/rscp_communication_v3/rscp_bridge_ws/install/rscp_mission_interfaces/include/rscp_mission_interfaces/rscp_mission_interfaces/action/detail/explore__struct.hpp
-- Up-to-date: /home/revel34/rscp_communication_LR/rscp_communication_v3/rscp_bridge_ws/install/rscp_mission_interfaces/include/rscp_mission_interfaces/rscp_mission_interfaces/action/detail/explore__traits.hpp
-- Up-to-date: /home/revel34/rscp_communication_LR/rscp_communication_v3/rscp_bridge_ws/install/rscp_mission_interfaces/include/rscp_mission_interfaces/rscp_mission_interfaces/action/detail/explore__type_support.hpp
-- Up-to-date: /home/revel34/rscp_communication_LR/rscp_communication_v3/rscp_bridge_ws/install/rscp_mission_interfaces/include/rscp_mission_interfaces/rscp_mission_interfaces/action/search_area.hpp
-- Up-to-date: /home/revel34/rscp_communication_LR/rscp_communication_v3/rscp_bridge_ws/install/rscp_mission_interfaces/include/rscp_mission_interfaces/rscp_mission_interfaces/action/explore.hpp
-- Up-to-date: /home/revel34/rscp_communication_LR/rscp_communication_v3/rscp_bridge_ws/install/rscp_mission_interfaces/include/rscp_mission_interfaces/rscp_mission_interfaces/action/navigate_to_gps.hpp
-- Up-to-date: /home/revel34/rscp_communication_LR/rscp_communication_v3/rscp_bridge_ws/install/rscp_mission_interfaces/include/rscp_mission_interfaces/rscp_mission_interfaces
-- Up-to-date: /home/revel34/rscp_communication_LR/rscp_communication_v3/rscp_bridge_ws/install/rscp_mission_interfaces/include/rscp_mission_interfaces/rscp_mission_interfaces/msg
-- Up-to-date: /home/revel34/rscp_communication_LR/rscp_communication_v3/rscp_bridge_ws/install/rscp_mission_interfaces/include/rscp_mission_interfaces/rscp_mission_interfaces/msg/rosidl_typesupport_fastrtps_cpp__visibility_control.h
-- Up-to-date: /home/revel34/rscp_communication_LR/rscp_communication_v3/rscp_bridge_ws/install/rscp_mission_interfaces/include/rscp_mission_interfaces/rscp_mission_interfaces/action
-- Up-to-date: /home/revel34/rscp_communication_LR/rscp_communication_v3/rscp_bridge_ws/install/rscp_mission_interfaces/include/rscp_mission_interfaces/rscp_mission_interfaces/action/detail
-- Up-to-date: /home/revel34/rscp_communication_LR/rscp_communication_v3/rscp_bridge_ws/install/rscp_mission_interfaces/include/rscp_mission_interfaces/rscp_mission_interfaces/action/detail/navigate_to_gps__rosidl_typesupport_fastrtps_cpp.hpp
-- Up-to-date: /home/revel34/rscp_communication_LR/rscp_communication_v3/rscp_bridge_ws/install/rscp_mission_interfaces/include/rscp_mission_interfaces/rscp_mission_interfaces/action/detail/dds_fastrtps
-- Up-to-date: /home/revel34/rscp_communication_LR/rscp_communication_v3/rscp_bridge_ws/install/rscp_mission_interfaces/include/rscp_mission_interfaces/rscp_mission_interfaces/action/detail/search_area__rosidl_typesupport_fastrtps_cpp.hpp
-- Up-to-date: /home/revel34/rscp_communication_LR/rscp_communication_v3/rscp_bridge_ws/install/rscp_mission_interfaces/include/rscp_mission_interfaces/rscp_mission_interfaces/action/detail/explore__rosidl_typesupport_fastrtps_cpp.hpp
-- Up-to-date: /home/revel34/rscp_communication_LR/rscp_communication_v3/rscp_bridge_ws/install/rscp_mission_interfaces/lib/librscp_mission_interfaces__rosidl_typesupport_fastrtps_cpp.so
-- Up-to-date: /home/revel34/rscp_communication_LR/rscp_communication_v3/rscp_bridge_ws/install/rscp_mission_interfaces/include/rscp_mission_interfaces/rscp_mission_interfaces
-- Up-to-date: /home/revel34/rscp_communication_LR/rscp_communication_v3/rscp_bridge_ws/install/rscp_mission_interfaces/include/rscp_mission_interfaces/rscp_mission_interfaces/action
-- Up-to-date: /home/revel34/rscp_communication_LR/rscp_communication_v3/rscp_bridge_ws/install/rscp_mission_interfaces/include/rscp_mission_interfaces/rscp_mission_interfaces/action/detail
-- Up-to-date: /home/revel34/rscp_communication_LR/rscp_communication_v3/rscp_bridge_ws/install/rscp_mission_interfaces/include/rscp_mission_interfaces/rscp_mission_interfaces/action/detail/navigate_to_gps__rosidl_typesupport_introspection_cpp.hpp
-- Up-to-date: /home/revel34/rscp_communication_LR/rscp_communication_v3/rscp_bridge_ws/install/rscp_mission_interfaces/include/rscp_mission_interfaces/rscp_mission_interfaces/action/detail/explore__rosidl_typesupport_introspection_cpp.hpp
-- Up-to-date: /home/revel34/rscp_communication_LR/rscp_communication_v3/rscp_bridge_ws/install/rscp_mission_interfaces/include/rscp_mission_interfaces/rscp_mission_interfaces/action/detail/explore__type_support.cpp
-- Up-to-date: /home/revel34/rscp_communication_LR/rscp_communication_v3/rscp_bridge_ws/install/rscp_mission_interfaces/include/rscp_mission_interfaces/rscp_mission_interfaces/action/detail/search_area__type_support.cpp
-- Up-to-date: /home/revel34/rscp_communication_LR/rscp_communication_v3/rscp_bridge_ws/install/rscp_mission_interfaces/include/rscp_mission_interfaces/rscp_mission_interfaces/action/detail/search_area__rosidl_typesupport_introspection_cpp.hpp
-- Up-to-date: /home/revel34/rscp_communication_LR/rscp_communication_v3/rscp_bridge_ws/install/rscp_mission_interfaces/include/rscp_mission_interfaces/rscp_mission_interfaces/action/detail/navigate_to_gps__type_support.cpp
-- Up-to-date: /home/revel34/rscp_communication_LR/rscp_communication_v3/rscp_bridge_ws/install/rscp_mission_interfaces/lib/librscp_mission_interfaces__rosidl_typesupport_introspection_cpp.so
-- Up-to-date: /home/revel34/rscp_communication_LR/rscp_communication_v3/rscp_bridge_ws/install/rscp_mission_interfaces/lib/librscp_mission_interfaces__rosidl_typesupport_cpp.so
-- Up-to-date: /home/revel34/rscp_communication_LR/rscp_communication_v3/rscp_bridge_ws/install/rscp_mission_interfaces/share/rscp_mission_interfaces/environment/pythonpath.sh
-- Up-to-date: /home/revel34/rscp_communication_LR/rscp_communication_v3/rscp_bridge_ws/install/rscp_mission_interfaces/share/rscp_mission_interfaces/environment/pythonpath.dsv
-- Up-to-date: /home/revel34/rscp_communication_LR/rscp_communication_v3/rscp_bridge_ws/install/rscp_mission_interfaces/local/lib/python3.10/dist-packages/rscp_mission_interfaces-0.0.0-py3.10.egg-info
-- Installing: /home/revel34/rscp_communication_LR/rscp_communication_v3/rscp_bridge_ws/install/rscp_mission_interfaces/local/lib/python3.10/dist-packages/rscp_mission_interfaces-0.0.0-py3.10.egg-info/dependency_links.txt
-- Installing: /home/revel34/rscp_communication_LR/rscp_communication_v3/rscp_bridge_ws/install/rscp_mission_interfaces/local/lib/python3.10/dist-packages/rscp_mission_interfaces-0.0.0-py3.10.egg-info/PKG-INFO
-- Installing: /home/revel34/rscp_communication_LR/rscp_communication_v3/rscp_bridge_ws/install/rscp_mission_interfaces/local/lib/python3.10/dist-packages/rscp_mission_interfaces-0.0.0-py3.10.egg-info/SOURCES.txt
-- Installing: /home/revel34/rscp_communication_LR/rscp_communication_v3/rscp_bridge_ws/install/rscp_mission_interfaces/local/lib/python3.10/dist-packages/rscp_mission_interfaces-0.0.0-py3.10.egg-info/top_level.txt
-- Up-to-date: /home/revel34/rscp_communication_LR/rscp_communication_v3/rscp_bridge_ws/install/rscp_mission_interfaces/local/lib/python3.10/dist-packages/rscp_mission_interfaces
-- Up-to-date: /home/revel34/rscp_communication_LR/rscp_communication_v3/rscp_bridge_ws/install/rscp_mission_interfaces/local/lib/python3.10/dist-packages/rscp_mission_interfaces/_rscp_mission_interfaces_s.ep.rosidl_typesupport_fastrtps_c.c
-- Up-to-date: /home/revel34/rscp_communication_LR/rscp_communication_v3/rscp_bridge_ws/install/rscp_mission_interfaces/local/lib/python3.10/dist-packages/rscp_mission_interfaces/_rscp_mission_interfaces_s.ep.rosidl_typesupport_introspection_c.c
-- Up-to-date: /home/revel34/rscp_communication_LR/rscp_communication_v3/rscp_bridge_ws/install/rscp_mission_interfaces/local/lib/python3.10/dist-packages/rscp_mission_interfaces/rscp_mission_interfaces_s__rosidl_typesupport_c.cpython-310-x86_64-linux-gnu.so
-- Up-to-date: /home/revel34/rscp_communication_LR/rscp_communication_v3/rscp_bridge_ws/install/rscp_mission_interfaces/local/lib/python3.10/dist-packages/rscp_mission_interfaces/_rscp_mission_interfaces_s.ep.rosidl_typesupport_c.c
-- Up-to-date: /home/revel34/rscp_communication_LR/rscp_communication_v3/rscp_bridge_ws/install/rscp_mission_interfaces/local/lib/python3.10/dist-packages/rscp_mission_interfaces/rscp_mission_interfaces_s__rosidl_typesupport_fastrtps_c.cpython-310-x86_64-linux-gnu.so
-- Up-to-date: /home/revel34/rscp_communication_LR/rscp_communication_v3/rscp_bridge_ws/install/rscp_mission_interfaces/local/lib/python3.10/dist-packages/rscp_mission_interfaces/rscp_mission_interfaces_s__rosidl_typesupport_introspection_c.cpython-310-x86_64-linux-gnu.so
-- Up-to-date: /home/revel34/rscp_communication_LR/rscp_communication_v3/rscp_bridge_ws/install/rscp_mission_interfaces/local/lib/python3.10/dist-packages/rscp_mission_interfaces/librscp_mission_interfaces__rosidl_generator_py.so
-- Up-to-date: /home/revel34/rscp_communication_LR/rscp_communication_v3/rscp_bridge_ws/install/rscp_mission_interfaces/local/lib/python3.10/dist-packages/rscp_mission_interfaces/action
-- Up-to-date: /home/revel34/rscp_communication_LR/rscp_communication_v3/rscp_bridge_ws/install/rscp_mission_interfaces/local/lib/python3.10/dist-packages/rscp_mission_interfaces/action/_navigate_to_gps.py
-- Up-to-date: /home/revel34/rscp_communication_LR/rscp_communication_v3/rscp_bridge_ws/install/rscp_mission_interfaces/local/lib/python3.10/dist-packages/rscp_mission_interfaces/action/_navigate_to_gps_s.c
-- Up-to-date: /home/revel34/rscp_communication_LR/rscp_communication_v3/rscp_bridge_ws/install/rscp_mission_interfaces/local/lib/python3.10/dist-packages/rscp_mission_interfaces/action/_explore_s.c
-- Up-to-date: /home/revel34/rscp_communication_LR/rscp_communication_v3/rscp_bridge_ws/install/rscp_mission_interfaces/local/lib/python3.10/dist-packages/rscp_mission_interfaces/action/_search_area_s.c
-- Up-to-date: /home/revel34/rscp_communication_LR/rscp_communication_v3/rscp_bridge_ws/install/rscp_mission_interfaces/local/lib/python3.10/dist-packages/rscp_mission_interfaces/action/_search_area.py
-- Up-to-date: /home/revel34/rscp_communication_LR/rscp_communication_v3/rscp_bridge_ws/install/rscp_mission_interfaces/local/lib/python3.10/dist-packages/rscp_mission_interfaces/action/__init__.py
-- Up-to-date: /home/revel34/rscp_communication_LR/rscp_communication_v3/rscp_bridge_ws/install/rscp_mission_interfaces/local/lib/python3.10/dist-packages/rscp_mission_interfaces/action/_explore.py
-- Up-to-date: /home/revel34/rscp_communication_LR/rscp_communication_v3/rscp_bridge_ws/install/rscp_mission_interfaces/local/lib/python3.10/dist-packages/rscp_mission_interfaces/__init__.py
Listing '/home/revel34/rscp_communication_LR/rscp_communication_v3/rscp_bridge_ws/install/rscp_mission_interfaces/local/lib/python3.10/dist-packages/rscp_mission_interfaces'...
Listing '/home/revel34/rscp_communication_LR/rscp_communication_v3/rscp_bridge_ws/install/rscp_mission_interfaces/local/lib/python3.10/dist-packages/rscp_mission_interfaces/action'...
-- Up-to-date: /home/revel34/rscp_communication_LR/rscp_communication_v3/rscp_bridge_ws/install/rscp_mission_interfaces/local/lib/python3.10/dist-packages/rscp_mission_interfaces/rscp_mission_interfaces_s__rosidl_typesupport_fastrtps_c.cpython-310-x86_64-linux-gnu.so
-- Up-to-date: /home/revel34/rscp_communication_LR/rscp_communication_v3/rscp_bridge_ws/install/rscp_mission_interfaces/local/lib/python3.10/dist-packages/rscp_mission_interfaces/rscp_mission_interfaces_s__rosidl_typesupport_introspection_c.cpython-310-x86_64-linux-gnu.so
-- Up-to-date: /home/revel34/rscp_communication_LR/rscp_communication_v3/rscp_bridge_ws/install/rscp_mission_interfaces/local/lib/python3.10/dist-packages/rscp_mission_interfaces/rscp_mission_interfaces_s__rosidl_typesupport_c.cpython-310-x86_64-linux-gnu.so
-- Up-to-date: /home/revel34/rscp_communication_LR/rscp_communication_v3/rscp_bridge_ws/install/rscp_mission_interfaces/lib/librscp_mission_interfaces__rosidl_generator_py.so
-- Up-to-date: /home/revel34/rscp_communication_LR/rscp_communication_v3/rscp_bridge_ws/install/rscp_mission_interfaces/share/rscp_mission_interfaces/action/SearchArea.idl
-- Up-to-date: /home/revel34/rscp_communication_LR/rscp_communication_v3/rscp_bridge_ws/install/rscp_mission_interfaces/share/rscp_mission_interfaces/action/NavigateToGPS.idl
-- Up-to-date: /home/revel34/rscp_communication_LR/rscp_communication_v3/rscp_bridge_ws/install/rscp_mission_interfaces/share/rscp_mission_interfaces/action/Explore.idl
-- Up-to-date: /home/revel34/rscp_communication_LR/rscp_communication_v3/rscp_bridge_ws/install/rscp_mission_interfaces/share/rscp_mission_interfaces/action/SearchArea.action
-- Up-to-date: /home/revel34/rscp_communication_LR/rscp_communication_v3/rscp_bridge_ws/install/rscp_mission_interfaces/share/rscp_mission_interfaces/action/NavigateToGPS.action
-- Up-to-date: /home/revel34/rscp_communication_LR/rscp_communication_v3/rscp_bridge_ws/install/rscp_mission_interfaces/share/rscp_mission_interfaces/action/Explore.action
-- Up-to-date: /home/revel34/rscp_communication_LR/rscp_communication_v3/rscp_bridge_ws/install/rscp_mission_interfaces/share/ament_index/resource_index/package_run_dependencies/rscp_mission_interfaces
-- Up-to-date: /home/revel34/rscp_communication_LR/rscp_communication_v3/rscp_bridge_ws/install/rscp_mission_interfaces/share/ament_index/resource_index/parent_prefix_path/rscp_mission_interfaces
-- Up-to-date: /home/revel34/rscp_communication_LR/rscp_communication_v3/rscp_bridge_ws/install/rscp_mission_interfaces/share/rscp_mission_interfaces/environment/ament_prefix_path.sh
-- Up-to-date: /home/revel34/rscp_communication_LR/rscp_communication_v3/rscp_bridge_ws/install/rscp_mission_interfaces/share/rscp_mission_interfaces/environment/ament_prefix_path.dsv
-- Up-to-date: /home/revel34/rscp_communication_LR/rscp_communication_v3/rscp_bridge_ws/install/rscp_mission_interfaces/share/rscp_mission_interfaces/environment/path.sh
-- Up-to-date: /home/revel34/rscp_communication_LR/rscp_communication_v3/rscp_bridge_ws/install/rscp_mission_interfaces/share/rscp_mission_interfaces/environment/path.dsv
-- Up-to-date: /home/revel34/rscp_communication_LR/rscp_communication_v3/rscp_bridge_ws/install/rscp_mission_interfaces/share/rscp_mission_interfaces/local_setup.bash
-- Up-to-date: /home/revel34/rscp_communication_LR/rscp_communication_v3/rscp_bridge_ws/install/rscp_mission_interfaces/share/rscp_mission_interfaces/local_setup.sh
-- Up-to-date: /home/revel34/rscp_communication_LR/rscp_communication_v3/rscp_bridge_ws/install/rscp_mission_interfaces/share/rscp_mission_interfaces/local_setup.zsh
-- Up-to-date: /home/revel34/rscp_communication_LR/rscp_communication_v3/rscp_bridge_ws/install/rscp_mission_interfaces/share/rscp_mission_interfaces/local_setup.dsv
-- Installing: /home/revel34/rscp_communication_LR/rscp_communication_v3/rscp_bridge_ws/install/rscp_mission_interfaces/share/rscp_mission_interfaces/package.dsv
-- Up-to-date: /home/revel34/rscp_communication_LR/rscp_communication_v3/rscp_bridge_ws/install/rscp_mission_interfaces/share/ament_index/resource_index/packages/rscp_mission_interfaces
-- Up-to-date: /home/revel34/rscp_communication_LR/rscp_communication_v3/rscp_bridge_ws/install/rscp_mission_interfaces/share/rscp_mission_interfaces/cmake/export_rscp_mission_interfaces__rosidl_generator_cExport.cmake
-- Up-to-date: /home/revel34/rscp_communication_LR/rscp_communication_v3/rscp_bridge_ws/install/rscp_mission_interfaces/share/rscp_mission_interfaces/cmake/export_rscp_mission_interfaces__rosidl_generator_cExport-noconfig.cmake
-- Up-to-date: /home/revel34/rscp_communication_LR/rscp_communication_v3/rscp_bridge_ws/install/rscp_mission_interfaces/share/rscp_mission_interfaces/cmake/export_rscp_mission_interfaces__rosidl_typesupport_fastrtps_cExport.cmake
-- Up-to-date: /home/revel34/rscp_communication_LR/rscp_communication_v3/rscp_bridge_ws/install/rscp_mission_interfaces/share/rscp_mission_interfaces/cmake/export_rscp_mission_interfaces__rosidl_typesupport_fastrtps_cExport-noconfig.cmake
-- Up-to-date: /home/revel34/rscp_communication_LR/rscp_communication_v3/rscp_bridge_ws/install/rscp_mission_interfaces/share/rscp_mission_interfaces/cmake/rscp_mission_interfaces__rosidl_typesupport_introspection_cExport.cmake
-- Up-to-date: /home/revel34/rscp_communication_LR/rscp_communication_v3/rscp_bridge_ws/install/rscp_mission_interfaces/share/rscp_mission_interfaces/cmake/rscp_mission_interfaces__rosidl_typesupport_introspection_cExport-noconfig.cmake
-- Up-to-date: /home/revel34/rscp_communication_LR/rscp_communication_v3/rscp_bridge_ws/install/rscp_mission_interfaces/share/rscp_mission_interfaces/cmake/rscp_mission_interfaces__rosidl_typesupport_cExport.cmake
-- Up-to-date: /home/revel34/rscp_communication_LR/rscp_communication_v3/rscp_bridge_ws/install/rscp_mission_interfaces/share/rscp_mission_interfaces/cmake/rscp_mission_interfaces__rosidl_typesupport_cExport-noconfig.cmake
-- Up-to-date: /home/revel34/rscp_communication_LR/rscp_communication_v3/rscp_bridge_ws/install/rscp_mission_interfaces/share/rscp_mission_interfaces/cmake/export_rscp_mission_interfaces__rosidl_generator_cppExport.cmake
-- Up-to-date: /home/revel34/rscp_communication_LR/rscp_communication_v3/rscp_bridge_ws/install/rscp_mission_interfaces/share/rscp_mission_interfaces/cmake/export_rscp_mission_interfaces__rosidl_typesupport_fastrtps_cppExport.cmake
-- Up-to-date: /home/revel34/rscp_communication_LR/rscp_communication_v3/rscp_bridge_ws/install/rscp_mission_interfaces/share/rscp_mission_interfaces/cmake/export_rscp_mission_interfaces__rosidl_typesupport_fastrtps_cppExport-noconfig.cmake
-- Up-to-date: /home/revel34/rscp_communication_LR/rscp_communication_v3/rscp_bridge_ws/install/rscp_mission_interfaces/share/rscp_mission_interfaces/cmake/rscp_mission_interfaces__rosidl_typesupport_introspection_cppExport.cmake
-- Up-to-date: /home/revel34/rscp_communication_LR/rscp_communication_v3/rscp_bridge_ws/install/rscp_mission_interfaces/share/rscp_mission_interfaces/cmake/rscp_mission_interfaces__rosidl_typesupport_introspection_cppExport-noconfig.cmake
-- Up-to-date: /home/revel34/rscp_communication_LR/rscp_communication_v3/rscp_bridge_ws/install/rscp_mission_interfaces/share/rscp_mission_interfaces/cmake/rscp_mission_interfaces__rosidl_typesupport_cppExport.cmake
-- Up-to-date: /home/revel34/rscp_communication_LR/rscp_communication_v3/rscp_bridge_ws/install/rscp_mission_interfaces/share/rscp_mission_interfaces/cmake/rscp_mission_interfaces__rosidl_typesupport_cppExport-noconfig.cmake
-- Up-to-date: /home/revel34/rscp_communication_LR/rscp_communication_v3/rscp_bridge_ws/install/rscp_mission_interfaces/share/rscp_mission_interfaces/cmake/export_rscp_mission_interfaces__rosidl_generator_pyExport.cmake
-- Up-to-date: /home/revel34/rscp_communication_LR/rscp_communication_v3/rscp_bridge_ws/install/rscp_mission_interfaces/share/rscp_mission_interfaces/cmake/export_rscp_mission_interfaces__rosidl_generator_pyExport-noconfig.cmake
-- Up-to-date: /home/revel34/rscp_communication_LR/rscp_communication_v3/rscp_bridge_ws/install/rscp_mission_interfaces/share/rscp_mission_interfaces/cmake/rosidl_cmake-extras.cmake
-- Up-to-date: /home/revel34/rscp_communication_LR/rscp_communication_v3/rscp_bridge_ws/install/rscp_mission_interfaces/share/rscp_mission_interfaces/cmake/ament_cmake_export_dependencies-extras.cmake
-- Up-to-date: /home/revel34/rscp_communication_LR/rscp_communication_v3/rscp_bridge_ws/install/rscp_mission_interfaces/share/rscp_mission_interfaces/cmake/ament_cmake_export_include_directories-extras.cmake
-- Up-to-date: /home/revel34/rscp_communication_LR/rscp_communication_v3/rscp_bridge_ws/install/rscp_mission_interfaces/share/rscp_mission_interfaces/cmake/ament_cmake_export_libraries-extras.cmake
-- Up-to-date: /home/revel34/rscp_communication_LR/rscp_communication_v3/rscp_bridge_ws/install/rscp_mission_interfaces/share/rscp_mission_interfaces/cmake/ament_cmake_export_targets-extras.cmake
-- Up-to-date: /home/revel34/rscp_communication_LR/rscp_communication_v3/rscp_bridge_ws/install/rscp_mission_interfaces/share/rscp_mission_interfaces/cmake/rosidl_cmake_export_typesupport_targets-extras.cmake
-- Up-to-date: /home/revel34/rscp_communication_LR/rscp_communication_v3/rscp_bridge_ws/install/rscp_mission_interfaces/share/rscp_mission_interfaces/cmake/rosidl_cmake_export_typesupport_libraries-extras.cmake
-- Up-to-date: /home/revel34/rscp_communication_LR/rscp_communication_v3/rscp_bridge_ws/install/rscp_mission_interfaces/share/rscp_mission_interfaces/cmake/rscp_mission_interfacesConfig.cmake
-- Up-to-date: /home/revel34/rscp_communication_LR/rscp_communication_v3/rscp_bridge_ws/install/rscp_mission_interfaces/share/rscp_mission_interfaces/cmake/rscp_mission_interfacesConfig-version.cmake
-- Up-to-date: /home/revel34/rscp_communication_LR/rscp_communication_v3/rscp_bridge_ws/install/rscp_mission_interfaces/share/rscp_mission_interfaces/package.xml
