[0.022s] Invoking command in '/home/revel34/rscp_communication_LR/rscp_communication_v3/rscp_bridge_ws/build/rscp_mission_interfaces': CMAKE_PREFIX_PATH=/opt/ros/humble /usr/bin/cmake --build /home/revel34/rscp_communication_LR/rscp_communication_v3/rscp_bridge_ws/build/rscp_mission_interfaces -- -j2 -l2
[0.151s] [  2%] Built target rscp_mission_interfaces__cpp
[0.176s] [ 12%] Built target rscp_mission_interfaces__rosidl_generator_c
[0.207s] [ 12%] Built target ament_cmake_python_copy_rscp_mission_interfaces
[0.269s] [ 23%] Built target rscp_mission_interfaces__rosidl_typesupport_cpp
[0.275s] [ 34%] Built target rscp_mission_interfaces__rosidl_typesupport_fastrtps_c
[0.324s] [ 44%] Built target rscp_mission_interfaces__rosidl_typesupport_introspection_c
[0.344s] [ 55%] Built target rscp_mission_interfaces__rosidl_typesupport_c
[0.409s] [ 65%] Built target rscp_mission_interfaces__rosidl_typesupport_fastrtps_cpp
[0.422s] [ 76%] Built target rscp_mission_interfaces__rosidl_typesupport_introspection_cpp
[0.492s] [ 76%] Built target rscp_mission_interfaces
[0.576s] [ 78%] Built target rscp_mission_interfaces__py
[0.663s] [ 87%] Built target rscp_mission_interfaces__rosidl_generator_py
[0.763s] [ 91%] Built target rscp_mission_interfaces__rosidl_typesupport_fastrtps_c__pyext
[0.841s] [ 95%] Built target rscp_mission_interfaces__rosidl_typesupport_introspection_c__pyext
[0.921s] [100%] Built target rscp_mission_interfaces__rosidl_typesupport_c__pyext
[0.936s] running egg_info
[0.937s] writing rscp_mission_interfaces.egg-info/PKG-INFO
[0.938s] writing dependency_links to rscp_mission_interfaces.egg-info/dependency_links.txt
[0.938s] writing top-level names to rscp_mission_interfaces.egg-info/top_level.txt
[0.941s] reading manifest file 'rscp_mission_interfaces.egg-info/SOURCES.txt'
[0.943s] writing manifest file 'rscp_mission_interfaces.egg-info/SOURCES.txt'
[0.989s] [100%] Built target ament_cmake_python_build_rscp_mission_interfaces_egg
[1.011s] Invoked command in '/home/revel34/rscp_communication_LR/rscp_communication_v3/rscp_bridge_ws/build/rscp_mission_interfaces' returned '0': CMAKE_PREFIX_PATH=/opt/ros/humble /usr/bin/cmake --build /home/revel34/rscp_communication_LR/rscp_communication_v3/rscp_bridge_ws/build/rscp_mission_interfaces -- -j2 -l2
[1.023s] Invoking command in '/home/revel34/rscp_communication_LR/rscp_communication_v3/rscp_bridge_ws/build/rscp_mission_interfaces': CMAKE_PREFIX_PATH=/opt/ros/humble /usr/bin/cmake --install /home/revel34/rscp_communication_LR/rscp_communication_v3/rscp_bridge_ws/build/rscp_mission_interfaces
[1.039s] -- Install configuration: ""
[1.039s] -- Up-to-date: /home/revel34/rscp_communication_LR/rscp_communication_v3/rscp_bridge_ws/install/rscp_mission_interfaces/share/ament_index/resource_index/rosidl_interfaces/rscp_mission_interfaces
[1.040s] -- Up-to-date: /home/revel34/rscp_communication_LR/rscp_communication_v3/rscp_bridge_ws/install/rscp_mission_interfaces/include/rscp_mission_interfaces/rscp_mission_interfaces
[1.040s] -- Up-to-date: /home/revel34/rscp_communication_LR/rscp_communication_v3/rscp_bridge_ws/install/rscp_mission_interfaces/include/rscp_mission_interfaces/rscp_mission_interfaces/msg
[1.040s] -- Up-to-date: /home/revel34/rscp_communication_LR/rscp_communication_v3/rscp_bridge_ws/install/rscp_mission_interfaces/include/rscp_mission_interfaces/rscp_mission_interfaces/msg/rosidl_generator_c__visibility_control.h
[1.040s] -- Up-to-date: /home/revel34/rscp_communication_LR/rscp_communication_v3/rscp_bridge_ws/install/rscp_mission_interfaces/include/rscp_mission_interfaces/rscp_mission_interfaces/action
[1.041s] -- Up-to-date: /home/revel34/rscp_communication_LR/rscp_communication_v3/rscp_bridge_ws/install/rscp_mission_interfaces/include/rscp_mission_interfaces/rscp_mission_interfaces/action/navigate_to_gps.h
[1.046s] -- Up-to-date: /home/revel34/rscp_communication_LR/rscp_communication_v3/rscp_bridge_ws/install/rscp_mission_interfaces/include/rscp_mission_interfaces/rscp_mission_interfaces/action/search_area.h
[1.046s] -- Up-to-date: /home/revel34/rscp_communication_LR/rscp_communication_v3/rscp_bridge_ws/install/rscp_mission_interfaces/include/rscp_mission_interfaces/rscp_mission_interfaces/action/detail
[1.046s] -- Up-to-date: /home/revel34/rscp_communication_LR/rscp_communication_v3/rscp_bridge_ws/install/rscp_mission_interfaces/include/rscp_mission_interfaces/rscp_mission_interfaces/action/detail/explore__functions.c
[1.046s] -- Up-to-date: /home/revel34/rscp_communication_LR/rscp_communication_v3/rscp_bridge_ws/install/rscp_mission_interfaces/include/rscp_mission_interfaces/rscp_mission_interfaces/action/detail/search_area__functions.h
[1.046s] -- Up-to-date: /home/revel34/rscp_communication_LR/rscp_communication_v3/rscp_bridge_ws/install/rscp_mission_interfaces/include/rscp_mission_interfaces/rscp_mission_interfaces/action/detail/explore__functions.h
[1.046s] -- Up-to-date: /home/revel34/rscp_communication_LR/rscp_communication_v3/rscp_bridge_ws/install/rscp_mission_interfaces/include/rscp_mission_interfaces/rscp_mission_interfaces/action/detail/explore__struct.h
[1.046s] -- Up-to-date: /home/revel34/rscp_communication_LR/rscp_communication_v3/rscp_bridge_ws/install/rscp_mission_interfaces/include/rscp_mission_interfaces/rscp_mission_interfaces/action/detail/explore__type_support.h
[1.046s] -- Up-to-date: /home/revel34/rscp_communication_LR/rscp_communication_v3/rscp_bridge_ws/install/rscp_mission_interfaces/include/rscp_mission_interfaces/rscp_mission_interfaces/action/detail/search_area__functions.c
[1.046s] -- Up-to-date: /home/revel34/rscp_communication_LR/rscp_communication_v3/rscp_bridge_ws/install/rscp_mission_interfaces/include/rscp_mission_interfaces/rscp_mission_interfaces/action/detail/navigate_to_gps__type_support.h
[1.046s] -- Up-to-date: /home/revel34/rscp_communication_LR/rscp_communication_v3/rscp_bridge_ws/install/rscp_mission_interfaces/include/rscp_mission_interfaces/rscp_mission_interfaces/action/detail/navigate_to_gps__functions.h
[1.046s] -- Up-to-date: /home/revel34/rscp_communication_LR/rscp_communication_v3/rscp_bridge_ws/install/rscp_mission_interfaces/include/rscp_mission_interfaces/rscp_mission_interfaces/action/detail/search_area__struct.h
[1.047s] -- Up-to-date: /home/revel34/rscp_communication_LR/rscp_communication_v3/rscp_bridge_ws/install/rscp_mission_interfaces/include/rscp_mission_interfaces/rscp_mission_interfaces/action/detail/navigate_to_gps__struct.h
[1.047s] -- Up-to-date: /home/revel34/rscp_communication_LR/rscp_communication_v3/rscp_bridge_ws/install/rscp_mission_interfaces/include/rscp_mission_interfaces/rscp_mission_interfaces/action/detail/navigate_to_gps__functions.c
[1.047s] -- Up-to-date: /home/revel34/rscp_communication_LR/rscp_communication_v3/rscp_bridge_ws/install/rscp_mission_interfaces/include/rscp_mission_interfaces/rscp_mission_interfaces/action/detail/search_area__type_support.h
[1.047s] -- Up-to-date: /home/revel34/rscp_communication_LR/rscp_communication_v3/rscp_bridge_ws/install/rscp_mission_interfaces/include/rscp_mission_interfaces/rscp_mission_interfaces/action/explore.h
[1.047s] -- Up-to-date: /home/revel34/rscp_communication_LR/rscp_communication_v3/rscp_bridge_ws/install/rscp_mission_interfaces/share/rscp_mission_interfaces/environment/library_path.sh
[1.047s] -- Up-to-date: /home/revel34/rscp_communication_LR/rscp_communication_v3/rscp_bridge_ws/install/rscp_mission_interfaces/share/rscp_mission_interfaces/environment/library_path.dsv
[1.047s] -- Up-to-date: /home/revel34/rscp_communication_LR/rscp_communication_v3/rscp_bridge_ws/install/rscp_mission_interfaces/lib/librscp_mission_interfaces__rosidl_generator_c.so
[1.049s] -- Up-to-date: /home/revel34/rscp_communication_LR/rscp_communication_v3/rscp_bridge_ws/install/rscp_mission_interfaces/include/rscp_mission_interfaces/rscp_mission_interfaces
[1.050s] -- Up-to-date: /home/revel34/rscp_communication_LR/rscp_communication_v3/rscp_bridge_ws/install/rscp_mission_interfaces/include/rscp_mission_interfaces/rscp_mission_interfaces/msg
[1.050s] -- Up-to-date: /home/revel34/rscp_communication_LR/rscp_communication_v3/rscp_bridge_ws/install/rscp_mission_interfaces/include/rscp_mission_interfaces/rscp_mission_interfaces/msg/rosidl_typesupport_fastrtps_c__visibility_control.h
[1.050s] -- Up-to-date: /home/revel34/rscp_communication_LR/rscp_communication_v3/rscp_bridge_ws/install/rscp_mission_interfaces/include/rscp_mission_interfaces/rscp_mission_interfaces/action
[1.050s] -- Up-to-date: /home/revel34/rscp_communication_LR/rscp_communication_v3/rscp_bridge_ws/install/rscp_mission_interfaces/include/rscp_mission_interfaces/rscp_mission_interfaces/action/detail
[1.050s] -- Up-to-date: /home/revel34/rscp_communication_LR/rscp_communication_v3/rscp_bridge_ws/install/rscp_mission_interfaces/include/rscp_mission_interfaces/rscp_mission_interfaces/action/detail/navigate_to_gps__rosidl_typesupport_fastrtps_c.h
[1.050s] -- Up-to-date: /home/revel34/rscp_communication_LR/rscp_communication_v3/rscp_bridge_ws/install/rscp_mission_interfaces/include/rscp_mission_interfaces/rscp_mission_interfaces/action/detail/search_area__rosidl_typesupport_fastrtps_c.h
[1.050s] -- Up-to-date: /home/revel34/rscp_communication_LR/rscp_communication_v3/rscp_bridge_ws/install/rscp_mission_interfaces/include/rscp_mission_interfaces/rscp_mission_interfaces/action/detail/explore__rosidl_typesupport_fastrtps_c.h
[1.050s] -- Up-to-date: /home/revel34/rscp_communication_LR/rscp_communication_v3/rscp_bridge_ws/install/rscp_mission_interfaces/lib/librscp_mission_interfaces__rosidl_typesupport_fastrtps_c.so
[1.050s] -- Up-to-date: /home/revel34/rscp_communication_LR/rscp_communication_v3/rscp_bridge_ws/install/rscp_mission_interfaces/include/rscp_mission_interfaces/rscp_mission_interfaces
[1.050s] -- Up-to-date: /home/revel34/rscp_communication_LR/rscp_communication_v3/rscp_bridge_ws/install/rscp_mission_interfaces/include/rscp_mission_interfaces/rscp_mission_interfaces/msg
[1.050s] -- Up-to-date: /home/revel34/rscp_communication_LR/rscp_communication_v3/rscp_bridge_ws/install/rscp_mission_interfaces/include/rscp_mission_interfaces/rscp_mission_interfaces/msg/rosidl_typesupport_introspection_c__visibility_control.h
[1.050s] -- Up-to-date: /home/revel34/rscp_communication_LR/rscp_communication_v3/rscp_bridge_ws/install/rscp_mission_interfaces/include/rscp_mission_interfaces/rscp_mission_interfaces/action
[1.050s] -- Up-to-date: /home/revel34/rscp_communication_LR/rscp_communication_v3/rscp_bridge_ws/install/rscp_mission_interfaces/include/rscp_mission_interfaces/rscp_mission_interfaces/action/detail
[1.051s] -- Up-to-date: /home/revel34/rscp_communication_LR/rscp_communication_v3/rscp_bridge_ws/install/rscp_mission_interfaces/include/rscp_mission_interfaces/rscp_mission_interfaces/action/detail/navigate_to_gps__rosidl_typesupport_introspection_c.h
[1.051s] -- Up-to-date: /home/revel34/rscp_communication_LR/rscp_communication_v3/rscp_bridge_ws/install/rscp_mission_interfaces/include/rscp_mission_interfaces/rscp_mission_interfaces/action/detail/navigate_to_gps__type_support.c
[1.051s] -- Up-to-date: /home/revel34/rscp_communication_LR/rscp_communication_v3/rscp_bridge_ws/install/rscp_mission_interfaces/include/rscp_mission_interfaces/rscp_mission_interfaces/action/detail/search_area__rosidl_typesupport_introspection_c.h
[1.051s] -- Up-to-date: /home/revel34/rscp_communication_LR/rscp_communication_v3/rscp_bridge_ws/install/rscp_mission_interfaces/include/rscp_mission_interfaces/rscp_mission_interfaces/action/detail/explore__rosidl_typesupport_introspection_c.h
[1.051s] -- Up-to-date: /home/revel34/rscp_communication_LR/rscp_communication_v3/rscp_bridge_ws/install/rscp_mission_interfaces/include/rscp_mission_interfaces/rscp_mission_interfaces/action/detail/explore__type_support.c
[1.051s] -- Up-to-date: /home/revel34/rscp_communication_LR/rscp_communication_v3/rscp_bridge_ws/install/rscp_mission_interfaces/include/rscp_mission_interfaces/rscp_mission_interfaces/action/detail/search_area__type_support.c
[1.051s] -- Up-to-date: /home/revel34/rscp_communication_LR/rscp_communication_v3/rscp_bridge_ws/install/rscp_mission_interfaces/lib/librscp_mission_interfaces__rosidl_typesupport_introspection_c.so
[1.051s] -- Up-to-date: /home/revel34/rscp_communication_LR/rscp_communication_v3/rscp_bridge_ws/install/rscp_mission_interfaces/lib/librscp_mission_interfaces__rosidl_typesupport_c.so
[1.051s] -- Up-to-date: /home/revel34/rscp_communication_LR/rscp_communication_v3/rscp_bridge_ws/install/rscp_mission_interfaces/include/rscp_mission_interfaces/rscp_mission_interfaces
[1.051s] -- Up-to-date: /home/revel34/rscp_communication_LR/rscp_communication_v3/rscp_bridge_ws/install/rscp_mission_interfaces/include/rscp_mission_interfaces/rscp_mission_interfaces/msg
[1.051s] -- Up-to-date: /home/revel34/rscp_communication_LR/rscp_communication_v3/rscp_bridge_ws/install/rscp_mission_interfaces/include/rscp_mission_interfaces/rscp_mission_interfaces/msg/rosidl_generator_cpp__visibility_control.hpp
[1.051s] -- Up-to-date: /home/revel34/rscp_communication_LR/rscp_communication_v3/rscp_bridge_ws/install/rscp_mission_interfaces/include/rscp_mission_interfaces/rscp_mission_interfaces/action
[1.053s] -- Up-to-date: /home/revel34/rscp_communication_LR/rscp_communication_v3/rscp_bridge_ws/install/rscp_mission_interfaces/include/rscp_mission_interfaces/rscp_mission_interfaces/action/detail
[1.053s] -- Up-to-date: /home/revel34/rscp_communication_LR/rscp_communication_v3/rscp_bridge_ws/install/rscp_mission_interfaces/include/rscp_mission_interfaces/rscp_mission_interfaces/action/detail/navigate_to_gps__type_support.hpp
[1.053s] -- Up-to-date: /home/revel34/rscp_communication_LR/rscp_communication_v3/rscp_bridge_ws/install/rscp_mission_interfaces/include/rscp_mission_interfaces/rscp_mission_interfaces/action/detail/navigate_to_gps__struct.hpp
[1.053s] -- Up-to-date: /home/revel34/rscp_communication_LR/rscp_communication_v3/rscp_bridge_ws/install/rscp_mission_interfaces/include/rscp_mission_interfaces/rscp_mission_interfaces/action/detail/navigate_to_gps__traits.hpp
[1.053s] -- Up-to-date: /home/revel34/rscp_communication_LR/rscp_communication_v3/rscp_bridge_ws/install/rscp_mission_interfaces/include/rscp_mission_interfaces/rscp_mission_interfaces/action/detail/search_area__type_support.hpp
[1.053s] -- Up-to-date: /home/revel34/rscp_communication_LR/rscp_communication_v3/rscp_bridge_ws/install/rscp_mission_interfaces/include/rscp_mission_interfaces/rscp_mission_interfaces/action/detail/search_area__struct.hpp
[1.053s] -- Up-to-date: /home/revel34/rscp_communication_LR/rscp_communication_v3/rscp_bridge_ws/install/rscp_mission_interfaces/include/rscp_mission_interfaces/rscp_mission_interfaces/action/detail/explore__builder.hpp
[1.053s] -- Up-to-date: /home/revel34/rscp_communication_LR/rscp_communication_v3/rscp_bridge_ws/install/rscp_mission_interfaces/include/rscp_mission_interfaces/rscp_mission_interfaces/action/detail/search_area__builder.hpp
[1.053s] -- Up-to-date: /home/revel34/rscp_communication_LR/rscp_communication_v3/rscp_bridge_ws/install/rscp_mission_interfaces/include/rscp_mission_interfaces/rscp_mission_interfaces/action/detail/navigate_to_gps__builder.hpp
[1.053s] -- Up-to-date: /home/revel34/rscp_communication_LR/rscp_communication_v3/rscp_bridge_ws/install/rscp_mission_interfaces/include/rscp_mission_interfaces/rscp_mission_interfaces/action/detail/search_area__traits.hpp
[1.053s] -- Up-to-date: /home/revel34/rscp_communication_LR/rscp_communication_v3/rscp_bridge_ws/install/rscp_mission_interfaces/include/rscp_mission_interfaces/rscp_mission_interfaces/action/detail/explore__struct.hpp
[1.053s] -- Up-to-date: /home/revel34/rscp_communication_LR/rscp_communication_v3/rscp_bridge_ws/install/rscp_mission_interfaces/include/rscp_mission_interfaces/rscp_mission_interfaces/action/detail/explore__traits.hpp
[1.054s] -- Up-to-date: /home/revel34/rscp_communication_LR/rscp_communication_v3/rscp_bridge_ws/install/rscp_mission_interfaces/include/rscp_mission_interfaces/rscp_mission_interfaces/action/detail/explore__type_support.hpp
[1.054s] -- Up-to-date: /home/revel34/rscp_communication_LR/rscp_communication_v3/rscp_bridge_ws/install/rscp_mission_interfaces/include/rscp_mission_interfaces/rscp_mission_interfaces/action/search_area.hpp
[1.054s] -- Up-to-date: /home/revel34/rscp_communication_LR/rscp_communication_v3/rscp_bridge_ws/install/rscp_mission_interfaces/include/rscp_mission_interfaces/rscp_mission_interfaces/action/explore.hpp
[1.054s] -- Up-to-date: /home/revel34/rscp_communication_LR/rscp_communication_v3/rscp_bridge_ws/install/rscp_mission_interfaces/include/rscp_mission_interfaces/rscp_mission_interfaces/action/navigate_to_gps.hpp
[1.054s] -- Up-to-date: /home/revel34/rscp_communication_LR/rscp_communication_v3/rscp_bridge_ws/install/rscp_mission_interfaces/include/rscp_mission_interfaces/rscp_mission_interfaces
[1.054s] -- Up-to-date: /home/revel34/rscp_communication_LR/rscp_communication_v3/rscp_bridge_ws/install/rscp_mission_interfaces/include/rscp_mission_interfaces/rscp_mission_interfaces/msg
[1.054s] -- Up-to-date: /home/revel34/rscp_communication_LR/rscp_communication_v3/rscp_bridge_ws/install/rscp_mission_interfaces/include/rscp_mission_interfaces/rscp_mission_interfaces/msg/rosidl_typesupport_fastrtps_cpp__visibility_control.h
[1.054s] -- Up-to-date: /home/revel34/rscp_communication_LR/rscp_communication_v3/rscp_bridge_ws/install/rscp_mission_interfaces/include/rscp_mission_interfaces/rscp_mission_interfaces/action
[1.054s] -- Up-to-date: /home/revel34/rscp_communication_LR/rscp_communication_v3/rscp_bridge_ws/install/rscp_mission_interfaces/include/rscp_mission_interfaces/rscp_mission_interfaces/action/detail
[1.054s] -- Up-to-date: /home/revel34/rscp_communication_LR/rscp_communication_v3/rscp_bridge_ws/install/rscp_mission_interfaces/include/rscp_mission_interfaces/rscp_mission_interfaces/action/detail/navigate_to_gps__rosidl_typesupport_fastrtps_cpp.hpp
[1.054s] -- Up-to-date: /home/revel34/rscp_communication_LR/rscp_communication_v3/rscp_bridge_ws/install/rscp_mission_interfaces/include/rscp_mission_interfaces/rscp_mission_interfaces/action/detail/dds_fastrtps
[1.054s] -- Up-to-date: /home/revel34/rscp_communication_LR/rscp_communication_v3/rscp_bridge_ws/install/rscp_mission_interfaces/include/rscp_mission_interfaces/rscp_mission_interfaces/action/detail/search_area__rosidl_typesupport_fastrtps_cpp.hpp
[1.055s] -- Up-to-date: /home/revel34/rscp_communication_LR/rscp_communication_v3/rscp_bridge_ws/install/rscp_mission_interfaces/include/rscp_mission_interfaces/rscp_mission_interfaces/action/detail/explore__rosidl_typesupport_fastrtps_cpp.hpp
[1.056s] -- Up-to-date: /home/revel34/rscp_communication_LR/rscp_communication_v3/rscp_bridge_ws/install/rscp_mission_interfaces/lib/librscp_mission_interfaces__rosidl_typesupport_fastrtps_cpp.so
[1.056s] -- Up-to-date: /home/revel34/rscp_communication_LR/rscp_communication_v3/rscp_bridge_ws/install/rscp_mission_interfaces/include/rscp_mission_interfaces/rscp_mission_interfaces
[1.056s] -- Up-to-date: /home/revel34/rscp_communication_LR/rscp_communication_v3/rscp_bridge_ws/install/rscp_mission_interfaces/include/rscp_mission_interfaces/rscp_mission_interfaces/action
[1.056s] -- Up-to-date: /home/revel34/rscp_communication_LR/rscp_communication_v3/rscp_bridge_ws/install/rscp_mission_interfaces/include/rscp_mission_interfaces/rscp_mission_interfaces/action/detail
[1.056s] -- Up-to-date: /home/revel34/rscp_communication_LR/rscp_communication_v3/rscp_bridge_ws/install/rscp_mission_interfaces/include/rscp_mission_interfaces/rscp_mission_interfaces/action/detail/navigate_to_gps__rosidl_typesupport_introspection_cpp.hpp
[1.056s] -- Up-to-date: /home/revel34/rscp_communication_LR/rscp_communication_v3/rscp_bridge_ws/install/rscp_mission_interfaces/include/rscp_mission_interfaces/rscp_mission_interfaces/action/detail/explore__rosidl_typesupport_introspection_cpp.hpp
[1.056s] -- Up-to-date: /home/revel34/rscp_communication_LR/rscp_communication_v3/rscp_bridge_ws/install/rscp_mission_interfaces/include/rscp_mission_interfaces/rscp_mission_interfaces/action/detail/explore__type_support.cpp
[1.056s] -- Up-to-date: /home/revel34/rscp_communication_LR/rscp_communication_v3/rscp_bridge_ws/install/rscp_mission_interfaces/include/rscp_mission_interfaces/rscp_mission_interfaces/action/detail/search_area__type_support.cpp
[1.056s] -- Up-to-date: /home/revel34/rscp_communication_LR/rscp_communication_v3/rscp_bridge_ws/install/rscp_mission_interfaces/include/rscp_mission_interfaces/rscp_mission_interfaces/action/detail/search_area__rosidl_typesupport_introspection_cpp.hpp
[1.056s] -- Up-to-date: /home/revel34/rscp_communication_LR/rscp_communication_v3/rscp_bridge_ws/install/rscp_mission_interfaces/include/rscp_mission_interfaces/rscp_mission_interfaces/action/detail/navigate_to_gps__type_support.cpp
[1.056s] -- Up-to-date: /home/revel34/rscp_communication_LR/rscp_communication_v3/rscp_bridge_ws/install/rscp_mission_interfaces/lib/librscp_mission_interfaces__rosidl_typesupport_introspection_cpp.so
[1.056s] -- Up-to-date: /home/revel34/rscp_communication_LR/rscp_communication_v3/rscp_bridge_ws/install/rscp_mission_interfaces/lib/librscp_mission_interfaces__rosidl_typesupport_cpp.so
[1.058s] -- Up-to-date: /home/revel34/rscp_communication_LR/rscp_communication_v3/rscp_bridge_ws/install/rscp_mission_interfaces/share/rscp_mission_interfaces/environment/pythonpath.sh
[1.059s] -- Up-to-date: /home/revel34/rscp_communication_LR/rscp_communication_v3/rscp_bridge_ws/install/rscp_mission_interfaces/share/rscp_mission_interfaces/environment/pythonpath.dsv
[1.059s] -- Up-to-date: /home/revel34/rscp_communication_LR/rscp_communication_v3/rscp_bridge_ws/install/rscp_mission_interfaces/local/lib/python3.10/dist-packages/rscp_mission_interfaces-0.0.0-py3.10.egg-info
[1.059s] -- Installing: /home/revel34/rscp_communication_LR/rscp_communication_v3/rscp_bridge_ws/install/rscp_mission_interfaces/local/lib/python3.10/dist-packages/rscp_mission_interfaces-0.0.0-py3.10.egg-info/dependency_links.txt
[1.059s] -- Installing: /home/revel34/rscp_communication_LR/rscp_communication_v3/rscp_bridge_ws/install/rscp_mission_interfaces/local/lib/python3.10/dist-packages/rscp_mission_interfaces-0.0.0-py3.10.egg-info/PKG-INFO
[1.059s] -- Installing: /home/revel34/rscp_communication_LR/rscp_communication_v3/rscp_bridge_ws/install/rscp_mission_interfaces/local/lib/python3.10/dist-packages/rscp_mission_interfaces-0.0.0-py3.10.egg-info/SOURCES.txt
[1.059s] -- Installing: /home/revel34/rscp_communication_LR/rscp_communication_v3/rscp_bridge_ws/install/rscp_mission_interfaces/local/lib/python3.10/dist-packages/rscp_mission_interfaces-0.0.0-py3.10.egg-info/top_level.txt
[1.059s] -- Up-to-date: /home/revel34/rscp_communication_LR/rscp_communication_v3/rscp_bridge_ws/install/rscp_mission_interfaces/local/lib/python3.10/dist-packages/rscp_mission_interfaces
[1.059s] -- Up-to-date: /home/revel34/rscp_communication_LR/rscp_communication_v3/rscp_bridge_ws/install/rscp_mission_interfaces/local/lib/python3.10/dist-packages/rscp_mission_interfaces/_rscp_mission_interfaces_s.ep.rosidl_typesupport_fastrtps_c.c
[1.060s] -- Up-to-date: /home/revel34/rscp_communication_LR/rscp_communication_v3/rscp_bridge_ws/install/rscp_mission_interfaces/local/lib/python3.10/dist-packages/rscp_mission_interfaces/_rscp_mission_interfaces_s.ep.rosidl_typesupport_introspection_c.c
[1.060s] -- Up-to-date: /home/revel34/rscp_communication_LR/rscp_communication_v3/rscp_bridge_ws/install/rscp_mission_interfaces/local/lib/python3.10/dist-packages/rscp_mission_interfaces/rscp_mission_interfaces_s__rosidl_typesupport_c.cpython-310-x86_64-linux-gnu.so
[1.060s] -- Up-to-date: /home/revel34/rscp_communication_LR/rscp_communication_v3/rscp_bridge_ws/install/rscp_mission_interfaces/local/lib/python3.10/dist-packages/rscp_mission_interfaces/_rscp_mission_interfaces_s.ep.rosidl_typesupport_c.c
[1.060s] -- Up-to-date: /home/revel34/rscp_communication_LR/rscp_communication_v3/rscp_bridge_ws/install/rscp_mission_interfaces/local/lib/python3.10/dist-packages/rscp_mission_interfaces/rscp_mission_interfaces_s__rosidl_typesupport_fastrtps_c.cpython-310-x86_64-linux-gnu.so
[1.060s] -- Up-to-date: /home/revel34/rscp_communication_LR/rscp_communication_v3/rscp_bridge_ws/install/rscp_mission_interfaces/local/lib/python3.10/dist-packages/rscp_mission_interfaces/rscp_mission_interfaces_s__rosidl_typesupport_introspection_c.cpython-310-x86_64-linux-gnu.so
[1.060s] -- Up-to-date: /home/revel34/rscp_communication_LR/rscp_communication_v3/rscp_bridge_ws/install/rscp_mission_interfaces/local/lib/python3.10/dist-packages/rscp_mission_interfaces/librscp_mission_interfaces__rosidl_generator_py.so
[1.063s] -- Up-to-date: /home/revel34/rscp_communication_LR/rscp_communication_v3/rscp_bridge_ws/install/rscp_mission_interfaces/local/lib/python3.10/dist-packages/rscp_mission_interfaces/action
[1.063s] -- Up-to-date: /home/revel34/rscp_communication_LR/rscp_communication_v3/rscp_bridge_ws/install/rscp_mission_interfaces/local/lib/python3.10/dist-packages/rscp_mission_interfaces/action/_navigate_to_gps.py
[1.063s] -- Up-to-date: /home/revel34/rscp_communication_LR/rscp_communication_v3/rscp_bridge_ws/install/rscp_mission_interfaces/local/lib/python3.10/dist-packages/rscp_mission_interfaces/action/_navigate_to_gps_s.c
[1.063s] -- Up-to-date: /home/revel34/rscp_communication_LR/rscp_communication_v3/rscp_bridge_ws/install/rscp_mission_interfaces/local/lib/python3.10/dist-packages/rscp_mission_interfaces/action/_explore_s.c
[1.063s] -- Up-to-date: /home/revel34/rscp_communication_LR/rscp_communication_v3/rscp_bridge_ws/install/rscp_mission_interfaces/local/lib/python3.10/dist-packages/rscp_mission_interfaces/action/_search_area_s.c
[1.063s] -- Up-to-date: /home/revel34/rscp_communication_LR/rscp_communication_v3/rscp_bridge_ws/install/rscp_mission_interfaces/local/lib/python3.10/dist-packages/rscp_mission_interfaces/action/_search_area.py
[1.064s] -- Up-to-date: /home/revel34/rscp_communication_LR/rscp_communication_v3/rscp_bridge_ws/install/rscp_mission_interfaces/local/lib/python3.10/dist-packages/rscp_mission_interfaces/action/__init__.py
[1.064s] -- Up-to-date: /home/revel34/rscp_communication_LR/rscp_communication_v3/rscp_bridge_ws/install/rscp_mission_interfaces/local/lib/python3.10/dist-packages/rscp_mission_interfaces/action/_explore.py
[1.064s] -- Up-to-date: /home/revel34/rscp_communication_LR/rscp_communication_v3/rscp_bridge_ws/install/rscp_mission_interfaces/local/lib/python3.10/dist-packages/rscp_mission_interfaces/__init__.py
[1.093s] Listing '/home/revel34/rscp_communication_LR/rscp_communication_v3/rscp_bridge_ws/install/rscp_mission_interfaces/local/lib/python3.10/dist-packages/rscp_mission_interfaces'...
[1.093s] Listing '/home/revel34/rscp_communication_LR/rscp_communication_v3/rscp_bridge_ws/install/rscp_mission_interfaces/local/lib/python3.10/dist-packages/rscp_mission_interfaces/action'...
[1.099s] -- Up-to-date: /home/revel34/rscp_communication_LR/rscp_communication_v3/rscp_bridge_ws/install/rscp_mission_interfaces/local/lib/python3.10/dist-packages/rscp_mission_interfaces/rscp_mission_interfaces_s__rosidl_typesupport_fastrtps_c.cpython-310-x86_64-linux-gnu.so
[1.100s] -- Up-to-date: /home/revel34/rscp_communication_LR/rscp_communication_v3/rscp_bridge_ws/install/rscp_mission_interfaces/local/lib/python3.10/dist-packages/rscp_mission_interfaces/rscp_mission_interfaces_s__rosidl_typesupport_introspection_c.cpython-310-x86_64-linux-gnu.so
[1.100s] -- Up-to-date: /home/revel34/rscp_communication_LR/rscp_communication_v3/rscp_bridge_ws/install/rscp_mission_interfaces/local/lib/python3.10/dist-packages/rscp_mission_interfaces/rscp_mission_interfaces_s__rosidl_typesupport_c.cpython-310-x86_64-linux-gnu.so
[1.101s] -- Up-to-date: /home/revel34/rscp_communication_LR/rscp_communication_v3/rscp_bridge_ws/install/rscp_mission_interfaces/lib/librscp_mission_interfaces__rosidl_generator_py.so
[1.102s] -- Up-to-date: /home/revel34/rscp_communication_LR/rscp_communication_v3/rscp_bridge_ws/install/rscp_mission_interfaces/share/rscp_mission_interfaces/action/SearchArea.idl
[1.102s] -- Up-to-date: /home/revel34/rscp_communication_LR/rscp_communication_v3/rscp_bridge_ws/install/rscp_mission_interfaces/share/rscp_mission_interfaces/action/NavigateToGPS.idl
[1.102s] -- Up-to-date: /home/revel34/rscp_communication_LR/rscp_communication_v3/rscp_bridge_ws/install/rscp_mission_interfaces/share/rscp_mission_interfaces/action/Explore.idl
[1.102s] -- Up-to-date: /home/revel34/rscp_communication_LR/rscp_communication_v3/rscp_bridge_ws/install/rscp_mission_interfaces/share/rscp_mission_interfaces/action/SearchArea.action
[1.103s] -- Up-to-date: /home/revel34/rscp_communication_LR/rscp_communication_v3/rscp_bridge_ws/install/rscp_mission_interfaces/share/rscp_mission_interfaces/action/NavigateToGPS.action
[1.103s] -- Up-to-date: /home/revel34/rscp_communication_LR/rscp_communication_v3/rscp_bridge_ws/install/rscp_mission_interfaces/share/rscp_mission_interfaces/action/Explore.action
[1.103s] -- Up-to-date: /home/revel34/rscp_communication_LR/rscp_communication_v3/rscp_bridge_ws/install/rscp_mission_interfaces/share/ament_index/resource_index/package_run_dependencies/rscp_mission_interfaces
[1.104s] -- Up-to-date: /home/revel34/rscp_communication_LR/rscp_communication_v3/rscp_bridge_ws/install/rscp_mission_interfaces/share/ament_index/resource_index/parent_prefix_path/rscp_mission_interfaces
[1.104s] -- Up-to-date: /home/revel34/rscp_communication_LR/rscp_communication_v3/rscp_bridge_ws/install/rscp_mission_interfaces/share/rscp_mission_interfaces/environment/ament_prefix_path.sh
[1.104s] -- Up-to-date: /home/revel34/rscp_communication_LR/rscp_communication_v3/rscp_bridge_ws/install/rscp_mission_interfaces/share/rscp_mission_interfaces/environment/ament_prefix_path.dsv
[1.104s] -- Up-to-date: /home/revel34/rscp_communication_LR/rscp_communication_v3/rscp_bridge_ws/install/rscp_mission_interfaces/share/rscp_mission_interfaces/environment/path.sh
[1.104s] -- Up-to-date: /home/revel34/rscp_communication_LR/rscp_communication_v3/rscp_bridge_ws/install/rscp_mission_interfaces/share/rscp_mission_interfaces/environment/path.dsv
[1.105s] -- Up-to-date: /home/revel34/rscp_communication_LR/rscp_communication_v3/rscp_bridge_ws/install/rscp_mission_interfaces/share/rscp_mission_interfaces/local_setup.bash
[1.106s] -- Up-to-date: /home/revel34/rscp_communication_LR/rscp_communication_v3/rscp_bridge_ws/install/rscp_mission_interfaces/share/rscp_mission_interfaces/local_setup.sh
[1.106s] -- Up-to-date: /home/revel34/rscp_communication_LR/rscp_communication_v3/rscp_bridge_ws/install/rscp_mission_interfaces/share/rscp_mission_interfaces/local_setup.zsh
[1.106s] -- Up-to-date: /home/revel34/rscp_communication_LR/rscp_communication_v3/rscp_bridge_ws/install/rscp_mission_interfaces/share/rscp_mission_interfaces/local_setup.dsv
[1.106s] -- Installing: /home/revel34/rscp_communication_LR/rscp_communication_v3/rscp_bridge_ws/install/rscp_mission_interfaces/share/rscp_mission_interfaces/package.dsv
[1.106s] -- Up-to-date: /home/revel34/rscp_communication_LR/rscp_communication_v3/rscp_bridge_ws/install/rscp_mission_interfaces/share/ament_index/resource_index/packages/rscp_mission_interfaces
[1.106s] -- Up-to-date: /home/revel34/rscp_communication_LR/rscp_communication_v3/rscp_bridge_ws/install/rscp_mission_interfaces/share/rscp_mission_interfaces/cmake/export_rscp_mission_interfaces__rosidl_generator_cExport.cmake
[1.107s] -- Up-to-date: /home/revel34/rscp_communication_LR/rscp_communication_v3/rscp_bridge_ws/install/rscp_mission_interfaces/share/rscp_mission_interfaces/cmake/export_rscp_mission_interfaces__rosidl_generator_cExport-noconfig.cmake
[1.108s] -- Up-to-date: /home/revel34/rscp_communication_LR/rscp_communication_v3/rscp_bridge_ws/install/rscp_mission_interfaces/share/rscp_mission_interfaces/cmake/export_rscp_mission_interfaces__rosidl_typesupport_fastrtps_cExport.cmake
[1.108s] -- Up-to-date: /home/revel34/rscp_communication_LR/rscp_communication_v3/rscp_bridge_ws/install/rscp_mission_interfaces/share/rscp_mission_interfaces/cmake/export_rscp_mission_interfaces__rosidl_typesupport_fastrtps_cExport-noconfig.cmake
[1.108s] -- Up-to-date: /home/revel34/rscp_communication_LR/rscp_communication_v3/rscp_bridge_ws/install/rscp_mission_interfaces/share/rscp_mission_interfaces/cmake/rscp_mission_interfaces__rosidl_typesupport_introspection_cExport.cmake
[1.108s] -- Up-to-date: /home/revel34/rscp_communication_LR/rscp_communication_v3/rscp_bridge_ws/install/rscp_mission_interfaces/share/rscp_mission_interfaces/cmake/rscp_mission_interfaces__rosidl_typesupport_introspection_cExport-noconfig.cmake
[1.108s] -- Up-to-date: /home/revel34/rscp_communication_LR/rscp_communication_v3/rscp_bridge_ws/install/rscp_mission_interfaces/share/rscp_mission_interfaces/cmake/rscp_mission_interfaces__rosidl_typesupport_cExport.cmake
[1.108s] -- Up-to-date: /home/revel34/rscp_communication_LR/rscp_communication_v3/rscp_bridge_ws/install/rscp_mission_interfaces/share/rscp_mission_interfaces/cmake/rscp_mission_interfaces__rosidl_typesupport_cExport-noconfig.cmake
[1.108s] -- Up-to-date: /home/revel34/rscp_communication_LR/rscp_communication_v3/rscp_bridge_ws/install/rscp_mission_interfaces/share/rscp_mission_interfaces/cmake/export_rscp_mission_interfaces__rosidl_generator_cppExport.cmake
[1.108s] -- Up-to-date: /home/revel34/rscp_communication_LR/rscp_communication_v3/rscp_bridge_ws/install/rscp_mission_interfaces/share/rscp_mission_interfaces/cmake/export_rscp_mission_interfaces__rosidl_typesupport_fastrtps_cppExport.cmake
[1.109s] -- Up-to-date: /home/revel34/rscp_communication_LR/rscp_communication_v3/rscp_bridge_ws/install/rscp_mission_interfaces/share/rscp_mission_interfaces/cmake/export_rscp_mission_interfaces__rosidl_typesupport_fastrtps_cppExport-noconfig.cmake
[1.109s] -- Up-to-date: /home/revel34/rscp_communication_LR/rscp_communication_v3/rscp_bridge_ws/install/rscp_mission_interfaces/share/rscp_mission_interfaces/cmake/rscp_mission_interfaces__rosidl_typesupport_introspection_cppExport.cmake
[1.110s] -- Up-to-date: /home/revel34/rscp_communication_LR/rscp_communication_v3/rscp_bridge_ws/install/rscp_mission_interfaces/share/rscp_mission_interfaces/cmake/rscp_mission_interfaces__rosidl_typesupport_introspection_cppExport-noconfig.cmake
[1.110s] -- Up-to-date: /home/revel34/rscp_communication_LR/rscp_communication_v3/rscp_bridge_ws/install/rscp_mission_interfaces/share/rscp_mission_interfaces/cmake/rscp_mission_interfaces__rosidl_typesupport_cppExport.cmake
[1.110s] -- Up-to-date: /home/revel34/rscp_communication_LR/rscp_communication_v3/rscp_bridge_ws/install/rscp_mission_interfaces/share/rscp_mission_interfaces/cmake/rscp_mission_interfaces__rosidl_typesupport_cppExport-noconfig.cmake
[1.111s] -- Up-to-date: /home/revel34/rscp_communication_LR/rscp_communication_v3/rscp_bridge_ws/install/rscp_mission_interfaces/share/rscp_mission_interfaces/cmake/export_rscp_mission_interfaces__rosidl_generator_pyExport.cmake
[1.111s] -- Up-to-date: /home/revel34/rscp_communication_LR/rscp_communication_v3/rscp_bridge_ws/install/rscp_mission_interfaces/share/rscp_mission_interfaces/cmake/export_rscp_mission_interfaces__rosidl_generator_pyExport-noconfig.cmake
[1.111s] -- Up-to-date: /home/revel34/rscp_communication_LR/rscp_communication_v3/rscp_bridge_ws/install/rscp_mission_interfaces/share/rscp_mission_interfaces/cmake/rosidl_cmake-extras.cmake
[1.112s] -- Up-to-date: /home/revel34/rscp_communication_LR/rscp_communication_v3/rscp_bridge_ws/install/rscp_mission_interfaces/share/rscp_mission_interfaces/cmake/ament_cmake_export_dependencies-extras.cmake
[1.112s] -- Up-to-date: /home/revel34/rscp_communication_LR/rscp_communication_v3/rscp_bridge_ws/install/rscp_mission_interfaces/share/rscp_mission_interfaces/cmake/ament_cmake_export_include_directories-extras.cmake
[1.112s] -- Up-to-date: /home/revel34/rscp_communication_LR/rscp_communication_v3/rscp_bridge_ws/install/rscp_mission_interfaces/share/rscp_mission_interfaces/cmake/ament_cmake_export_libraries-extras.cmake
[1.112s] -- Up-to-date: /home/revel34/rscp_communication_LR/rscp_communication_v3/rscp_bridge_ws/install/rscp_mission_interfaces/share/rscp_mission_interfaces/cmake/ament_cmake_export_targets-extras.cmake
[1.112s] -- Up-to-date: /home/revel34/rscp_communication_LR/rscp_communication_v3/rscp_bridge_ws/install/rscp_mission_interfaces/share/rscp_mission_interfaces/cmake/rosidl_cmake_export_typesupport_targets-extras.cmake
[1.113s] -- Up-to-date: /home/revel34/rscp_communication_LR/rscp_communication_v3/rscp_bridge_ws/install/rscp_mission_interfaces/share/rscp_mission_interfaces/cmake/rosidl_cmake_export_typesupport_libraries-extras.cmake
[1.113s] -- Up-to-date: /home/revel34/rscp_communication_LR/rscp_communication_v3/rscp_bridge_ws/install/rscp_mission_interfaces/share/rscp_mission_interfaces/cmake/rscp_mission_interfacesConfig.cmake
[1.113s] -- Up-to-date: /home/revel34/rscp_communication_LR/rscp_communication_v3/rscp_bridge_ws/install/rscp_mission_interfaces/share/rscp_mission_interfaces/cmake/rscp_mission_interfacesConfig-version.cmake
[1.113s] -- Up-to-date: /home/revel34/rscp_communication_LR/rscp_communication_v3/rscp_bridge_ws/install/rscp_mission_interfaces/share/rscp_mission_interfaces/package.xml
[1.118s] Invoked command in '/home/revel34/rscp_communication_LR/rscp_communication_v3/rscp_bridge_ws/build/rscp_mission_interfaces' returned '0': CMAKE_PREFIX_PATH=/opt/ros/humble /usr/bin/cmake --install /home/revel34/rscp_communication_LR/rscp_communication_v3/rscp_bridge_ws/build/rscp_mission_interfaces
