[1.100s] Invoking command in '/home/revel34/rscp_communication_v3/rscp_comms/src/rscp_receiver': PYTHONPATH=/home/revel34/rscp_communication_v3/rscp_comms/build/rscp_receiver/prefix_override:/usr/lib/python3/dist-packages/colcon_core/task/python/colcon_distutils_commands:/home/revel34/rscp_communication_v3/rscp_comms/install/rscp_receiver/lib/python3.10/site-packages:${PYTHONPATH} /usr/bin/python3 -W ignore:setup.py install is deprecated -W ignore:easy_install command is deprecated setup.py egg_info --egg-base ../../build/rscp_receiver build --build-base /home/revel34/rscp_communication_v3/rscp_comms/build/rscp_receiver/build install --record /home/revel34/rscp_communication_v3/rscp_comms/build/rscp_receiver/install.log --single-version-externally-managed install_data
[1.240s] running egg_info
[1.241s] creating ../../build/rscp_receiver/rscp_receiver.egg-info
[1.241s] writing ../../build/rscp_receiver/rscp_receiver.egg-info/PKG-INFO
[1.241s] writing dependency_links to ../../build/rscp_receiver/rscp_receiver.egg-info/dependency_links.txt
[1.241s] writing entry points to ../../build/rscp_receiver/rscp_receiver.egg-info/entry_points.txt
[1.241s] writing requirements to ../../build/rscp_receiver/rscp_receiver.egg-info/requires.txt
[1.241s] writing top-level names to ../../build/rscp_receiver/rscp_receiver.egg-info/top_level.txt
[1.241s] writing manifest file '../../build/rscp_receiver/rscp_receiver.egg-info/SOURCES.txt'
[1.242s] reading manifest file '../../build/rscp_receiver/rscp_receiver.egg-info/SOURCES.txt'
[1.245s] writing manifest file '../../build/rscp_receiver/rscp_receiver.egg-info/SOURCES.txt'
[1.245s] running build
[1.245s] running build_py
[1.245s] creating /home/revel34/rscp_communication_v3/rscp_comms/build/rscp_receiver/build
[1.245s] creating /home/revel34/rscp_communication_v3/rscp_comms/build/rscp_receiver/build/lib
[1.245s] creating /home/revel34/rscp_communication_v3/rscp_comms/build/rscp_receiver/build/lib/rscp_receiver
[1.245s] copying rscp_receiver/receiver.py -> /home/revel34/rscp_communication_v3/rscp_comms/build/rscp_receiver/build/lib/rscp_receiver
[1.245s] copying rscp_receiver/__init__.py -> /home/revel34/rscp_communication_v3/rscp_comms/build/rscp_receiver/build/lib/rscp_receiver
[1.245s] running install
[1.245s] running install_lib
[1.245s] creating /home/revel34/rscp_communication_v3/rscp_comms/install/rscp_receiver/lib/python3.10/site-packages/rscp_receiver
[1.245s] copying /home/revel34/rscp_communication_v3/rscp_comms/build/rscp_receiver/build/lib/rscp_receiver/receiver.py -> /home/revel34/rscp_communication_v3/rscp_comms/install/rscp_receiver/lib/python3.10/site-packages/rscp_receiver
[1.245s] copying /home/revel34/rscp_communication_v3/rscp_comms/build/rscp_receiver/build/lib/rscp_receiver/__init__.py -> /home/revel34/rscp_communication_v3/rscp_comms/install/rscp_receiver/lib/python3.10/site-packages/rscp_receiver
[1.246s] byte-compiling /home/revel34/rscp_communication_v3/rscp_comms/install/rscp_receiver/lib/python3.10/site-packages/rscp_receiver/receiver.py to receiver.cpython-310.pyc
[1.246s] byte-compiling /home/revel34/rscp_communication_v3/rscp_comms/install/rscp_receiver/lib/python3.10/site-packages/rscp_receiver/__init__.py to __init__.cpython-310.pyc
[1.246s]   File "/home/revel34/rscp_communication_v3/rscp_comms/install/rscp_receiver/lib/python3.10/site-packages/rscp_receiver/receiver.py", line 1
[1.246s]     print(Hello World!)
[1.246s]           ^^^^^^^^^^^
[1.246s] SyntaxError: invalid syntax. Perhaps you forgot a comma?
[1.246s] 
[1.246s] running install_data
[1.247s] creating /home/revel34/rscp_communication_v3/rscp_comms/install/rscp_receiver/share/ament_index
[1.247s] creating /home/revel34/rscp_communication_v3/rscp_comms/install/rscp_receiver/share/ament_index/resource_index
[1.247s] creating /home/revel34/rscp_communication_v3/rscp_comms/install/rscp_receiver/share/ament_index/resource_index/packages
[1.247s] copying resource/rscp_receiver -> /home/revel34/rscp_communication_v3/rscp_comms/install/rscp_receiver/share/ament_index/resource_index/packages
[1.247s] copying package.xml -> /home/revel34/rscp_communication_v3/rscp_comms/install/rscp_receiver/share/rscp_receiver
[1.247s] running install_egg_info
[1.248s] Copying ../../build/rscp_receiver/rscp_receiver.egg-info to /home/revel34/rscp_communication_v3/rscp_comms/install/rscp_receiver/lib/python3.10/site-packages/rscp_receiver-0.0.0-py3.10.egg-info
[1.249s] running install_scripts
[1.261s] writing list of installed files to '/home/revel34/rscp_communication_v3/rscp_comms/build/rscp_receiver/install.log'
[1.293s] Invoked command in '/home/revel34/rscp_communication_v3/rscp_comms/src/rscp_receiver' returned '0': PYTHONPATH=/home/revel34/rscp_communication_v3/rscp_comms/build/rscp_receiver/prefix_override:/usr/lib/python3/dist-packages/colcon_core/task/python/colcon_distutils_commands:/home/revel34/rscp_communication_v3/rscp_comms/install/rscp_receiver/lib/python3.10/site-packages:${PYTHONPATH} /usr/bin/python3 -W ignore:setup.py install is deprecated -W ignore:easy_install command is deprecated setup.py egg_info --egg-base ../../build/rscp_receiver build --build-base /home/revel34/rscp_communication_v3/rscp_comms/build/rscp_receiver/build install --record /home/revel34/rscp_communication_v3/rscp_comms/build/rscp_receiver/install.log --single-version-externally-managed install_data
