running egg_info
writing ../../build/rscp_mission_orchestrator/rscp_mission_orchestrator.egg-info/PKG-INFO
writing dependency_links to ../../build/rscp_mission_orchestrator/rscp_mission_orchestrator.egg-info/dependency_links.txt
writing entry points to ../../build/rscp_mission_orchestrator/rscp_mission_orchestrator.egg-info/entry_points.txt
writing requirements to ../../build/rscp_mission_orchestrator/rscp_mission_orchestrator.egg-info/requires.txt
writing top-level names to ../../build/rscp_mission_orchestrator/rscp_mission_orchestrator.egg-info/top_level.txt
reading manifest file '../../build/rscp_mission_orchestrator/rscp_mission_orchestrator.egg-info/SOURCES.txt'
writing manifest file '../../build/rscp_mission_orchestrator/rscp_mission_orchestrator.egg-info/SOURCES.txt'
running build
running build_py
running install
running install_lib
byte-compiling /home/revel34/rscp_communication_LR/rscp_communication_v3/rscp_bridge_ws/install/rscp_mission_orchestrator/lib/python3.10/site-packages/rscp_mission_orchestrator/mission_orchestrator.py to mission_orchestrator.cpython-310.pyc
byte-compiling /home/revel34/rscp_communication_LR/rscp_communication_v3/rscp_bridge_ws/install/rscp_mission_orchestrator/lib/python3.10/site-packages/rscp_mission_orchestrator/__init__.py to __init__.cpython-310.pyc
running install_data
running install_egg_info
removing '/home/revel34/rscp_communication_LR/rscp_communication_v3/rscp_bridge_ws/install/rscp_mission_orchestrator/lib/python3.10/site-packages/rscp_mission_orchestrator-0.0.1-py3.10.egg-info' (and everything under it)
Copying ../../build/rscp_mission_orchestrator/rscp_mission_orchestrator.egg-info to /home/revel34/rscp_communication_LR/rscp_communication_v3/rscp_bridge_ws/install/rscp_mission_orchestrator/lib/python3.10/site-packages/rscp_mission_orchestrator-0.0.1-py3.10.egg-info
running install_scripts
Installing mission_orchestrator script to /home/revel34/rscp_communication_LR/rscp_communication_v3/rscp_bridge_ws/install/rscp_mission_orchestrator/lib/rscp_mission_orchestrator
writing list of installed files to '/home/revel34/rscp_communication_LR/rscp_communication_v3/rscp_bridge_ws/build/rscp_mission_orchestrator/install.log'
