[1.731s] Invoking command in '/home/revel34/rscp_communication_LR/rscp_communication_v3/rscp_bridge_ws/src/rscp_mission_orchestrator': AMENT_PREFIX_PATH=/home/revel34/rscp_communication_LR/rscp_communication_v3/rscp_bridge_ws/install/rscp_mission_interfaces:${AMENT_PREFIX_PATH} CMAKE_PREFIX_PATH=/home/revel34/rscp_communication_LR/rscp_communication_v3/rscp_bridge_ws/install/rscp_mission_interfaces LD_LIBRARY_PATH=/home/revel34/rscp_communication_LR/rscp_communication_v3/rscp_bridge_ws/install/rscp_mission_interfaces/lib:${LD_LIBRARY_PATH} PYTHONPATH=/home/revel34/rscp_communication_LR/rscp_communication_v3/rscp_bridge_ws/build/rscp_mission_orchestrator/prefix_override:/usr/lib/python3/dist-packages/colcon_core/task/python/colcon_distutils_commands:/home/revel34/rscp_communication_LR/rscp_communication_v3/rscp_bridge_ws/install/rscp_mission_orchestrator/lib/python3.10/site-packages:/home/revel34/rscp_communication_LR/rscp_communication_v3/rscp_bridge_ws/install/rscp_mission_interfaces/local/lib/python3.10/dist-packages:${PYTHONPATH} /usr/bin/python3 -W ignore:setup.py install is deprecated -W ignore:easy_install command is deprecated setup.py egg_info --egg-base ../../build/rscp_mission_orchestrator build --build-base /home/revel34/rscp_communication_LR/rscp_communication_v3/rscp_bridge_ws/build/rscp_mission_orchestrator/build install --record /home/revel34/rscp_communication_LR/rscp_communication_v3/rscp_bridge_ws/build/rscp_mission_orchestrator/install.log --single-version-externally-managed install_data
[2.225s] running egg_info
[2.227s] writing ../../build/rscp_mission_orchestrator/rscp_mission_orchestrator.egg-info/PKG-INFO
[2.229s] writing dependency_links to ../../build/rscp_mission_orchestrator/rscp_mission_orchestrator.egg-info/dependency_links.txt
[2.229s] writing entry points to ../../build/rscp_mission_orchestrator/rscp_mission_orchestrator.egg-info/entry_points.txt
[2.230s] writing requirements to ../../build/rscp_mission_orchestrator/rscp_mission_orchestrator.egg-info/requires.txt
[2.230s] writing top-level names to ../../build/rscp_mission_orchestrator/rscp_mission_orchestrator.egg-info/top_level.txt
[2.232s] reading manifest file '../../build/rscp_mission_orchestrator/rscp_mission_orchestrator.egg-info/SOURCES.txt'
[2.234s] writing manifest file '../../build/rscp_mission_orchestrator/rscp_mission_orchestrator.egg-info/SOURCES.txt'
[2.234s] running build
[2.235s] running build_py
[2.235s] running install
[2.235s] running install_lib
[2.237s] byte-compiling /home/revel34/rscp_communication_LR/rscp_communication_v3/rscp_bridge_ws/install/rscp_mission_orchestrator/lib/python3.10/site-packages/rscp_mission_orchestrator/mission_orchestrator.py to mission_orchestrator.cpython-310.pyc
[2.242s] byte-compiling /home/revel34/rscp_communication_LR/rscp_communication_v3/rscp_bridge_ws/install/rscp_mission_orchestrator/lib/python3.10/site-packages/rscp_mission_orchestrator/__init__.py to __init__.cpython-310.pyc
[2.243s] running install_data
[2.243s] running install_egg_info
[2.248s] removing '/home/revel34/rscp_communication_LR/rscp_communication_v3/rscp_bridge_ws/install/rscp_mission_orchestrator/lib/python3.10/site-packages/rscp_mission_orchestrator-0.0.1-py3.10.egg-info' (and everything under it)
[2.248s] Copying ../../build/rscp_mission_orchestrator/rscp_mission_orchestrator.egg-info to /home/revel34/rscp_communication_LR/rscp_communication_v3/rscp_bridge_ws/install/rscp_mission_orchestrator/lib/python3.10/site-packages/rscp_mission_orchestrator-0.0.1-py3.10.egg-info
[2.250s] running install_scripts
[2.280s] Installing mission_orchestrator script to /home/revel34/rscp_communication_LR/rscp_communication_v3/rscp_bridge_ws/install/rscp_mission_orchestrator/lib/rscp_mission_orchestrator
[2.282s] writing list of installed files to '/home/revel34/rscp_communication_LR/rscp_communication_v3/rscp_bridge_ws/build/rscp_mission_orchestrator/install.log'
[2.334s] Invoked command in '/home/revel34/rscp_communication_LR/rscp_communication_v3/rscp_bridge_ws/src/rscp_mission_orchestrator' returned '0': AMENT_PREFIX_PATH=/home/revel34/rscp_communication_LR/rscp_communication_v3/rscp_bridge_ws/install/rscp_mission_interfaces:${AMENT_PREFIX_PATH} CMAKE_PREFIX_PATH=/home/revel34/rscp_communication_LR/rscp_communication_v3/rscp_bridge_ws/install/rscp_mission_interfaces LD_LIBRARY_PATH=/home/revel34/rscp_communication_LR/rscp_communication_v3/rscp_bridge_ws/install/rscp_mission_interfaces/lib:${LD_LIBRARY_PATH} PYTHONPATH=/home/revel34/rscp_communication_LR/rscp_communication_v3/rscp_bridge_ws/build/rscp_mission_orchestrator/prefix_override:/usr/lib/python3/dist-packages/colcon_core/task/python/colcon_distutils_commands:/home/revel34/rscp_communication_LR/rscp_communication_v3/rscp_bridge_ws/install/rscp_mission_orchestrator/lib/python3.10/site-packages:/home/revel34/rscp_communication_LR/rscp_communication_v3/rscp_bridge_ws/install/rscp_mission_interfaces/local/lib/python3.10/dist-packages:${PYTHONPATH} /usr/bin/python3 -W ignore:setup.py install is deprecated -W ignore:easy_install command is deprecated setup.py egg_info --egg-base ../../build/rscp_mission_orchestrator build --build-base /home/revel34/rscp_communication_LR/rscp_communication_v3/rscp_bridge_ws/build/rscp_mission_orchestrator/build install --record /home/revel34/rscp_communication_LR/rscp_communication_v3/rscp_bridge_ws/build/rscp_mission_orchestrator/install.log --single-version-externally-managed install_data
