running egg_info
creating ../../build/comms_rscp/comms_rscp.egg-info
writing ../../build/comms_rscp/comms_rscp.egg-info/PKG-INFO
writing dependency_links to ../../build/comms_rscp/comms_rscp.egg-info/dependency_links.txt
writing entry points to ../../build/comms_rscp/comms_rscp.egg-info/entry_points.txt
writing requirements to ../../build/comms_rscp/comms_rscp.egg-info/requires.txt
writing top-level names to ../../build/comms_rscp/comms_rscp.egg-info/top_level.txt
writing manifest file '../../build/comms_rscp/comms_rscp.egg-info/SOURCES.txt'
reading manifest file '../../build/comms_rscp/comms_rscp.egg-info/SOURCES.txt'
writing manifest file '../../build/comms_rscp/comms_rscp.egg-info/SOURCES.txt'
running build
running build_py
creating /home/legendary/eric_anatolian/rscp_communication/comms_ws/build/comms_rscp/build
creating /home/legendary/eric_anatolian/rscp_communication/comms_ws/build/comms_rscp/build/lib
creating /home/legendary/eric_anatolian/rscp_communication/comms_ws/build/comms_rscp/build/lib/comms_rscp
copying comms_rscp/RSCP.py -> /home/legendary/eric_anatolian/rscp_communication/comms_ws/build/comms_rscp/build/lib/comms_rscp
copying comms_rscp/__init__.py -> /home/legendary/eric_anatolian/rscp_communication/comms_ws/build/comms_rscp/build/lib/comms_rscp
running install
running install_lib
creating /home/legendary/eric_anatolian/rscp_communication/comms_ws/install/comms_rscp/lib/python3.10/site-packages/comms_rscp
copying /home/legendary/eric_anatolian/rscp_communication/comms_ws/build/comms_rscp/build/lib/comms_rscp/RSCP.py -> /home/legendary/eric_anatolian/rscp_communication/comms_ws/install/comms_rscp/lib/python3.10/site-packages/comms_rscp
copying /home/legendary/eric_anatolian/rscp_communication/comms_ws/build/comms_rscp/build/lib/comms_rscp/__init__.py -> /home/legendary/eric_anatolian/rscp_communication/comms_ws/install/comms_rscp/lib/python3.10/site-packages/comms_rscp
byte-compiling /home/legendary/eric_anatolian/rscp_communication/comms_ws/install/comms_rscp/lib/python3.10/site-packages/comms_rscp/RSCP.py to RSCP.cpython-310.pyc
byte-compiling /home/legendary/eric_anatolian/rscp_communication/comms_ws/install/comms_rscp/lib/python3.10/site-packages/comms_rscp/__init__.py to __init__.cpython-310.pyc
running install_data
creating /home/legendary/eric_anatolian/rscp_communication/comms_ws/install/comms_rscp/share/ament_index
creating /home/legendary/eric_anatolian/rscp_communication/comms_ws/install/comms_rscp/share/ament_index/resource_index
creating /home/legendary/eric_anatolian/rscp_communication/comms_ws/install/comms_rscp/share/ament_index/resource_index/packages
copying resource/comms_rscp -> /home/legendary/eric_anatolian/rscp_communication/comms_ws/install/comms_rscp/share/ament_index/resource_index/packages
copying package.xml -> /home/legendary/eric_anatolian/rscp_communication/comms_ws/install/comms_rscp/share/comms_rscp
running install_egg_info
Copying ../../build/comms_rscp/comms_rscp.egg-info to /home/legendary/eric_anatolian/rscp_communication/comms_ws/install/comms_rscp/lib/python3.10/site-packages/comms_rscp-0.0.0-py3.10.egg-info
running install_scripts
Installing listener_node script to /home/legendary/eric_anatolian/rscp_communication/comms_ws/install/comms_rscp/lib/comms_rscp
writing list of installed files to '/home/legendary/eric_anatolian/rscp_communication/comms_ws/build/comms_rscp/install.log'
