[1.007s] Invoking command in '/home/revel34/rscp_communication_LR/rscp_communication_v3/rscp_bridge_ws/src/rscp_mission_orchestrator': AMENT_PREFIX_PATH=/home/revel34/rscp_communication_LR/rscp_communication_v3/rscp_bridge_ws/install/rscp_mission_interfaces:${AMENT_PREFIX_PATH} CMAKE_PREFIX_PATH=/home/revel34/rscp_communication_LR/rscp_communication_v3/rscp_bridge_ws/install/rscp_mission_interfaces LD_LIBRARY_PATH=/home/revel34/rscp_communication_LR/rscp_communication_v3/rscp_bridge_ws/install/rscp_mission_interfaces/lib:${LD_LIBRARY_PATH} PYTHONPATH=/home/revel34/rscp_communication_LR/rscp_communication_v3/rscp_bridge_ws/build/rscp_mission_orchestrator/prefix_override:/usr/lib/python3/dist-packages/colcon_core/task/python/colcon_distutils_commands:/home/revel34/rscp_communication_LR/rscp_communication_v3/rscp_bridge_ws/install/rscp_mission_orchestrator/lib/python3.10/site-packages:/home/revel34/rscp_communication_LR/rscp_communication_v3/rscp_bridge_ws/install/rscp_mission_interfaces/local/lib/python3.10/dist-packages:${PYTHONPATH} /usr/bin/python3 -W ignore:setup.py install is deprecated -W ignore:easy_install command is deprecated setup.py egg_info --egg-base ../../build/rscp_mission_orchestrator build --build-base /home/revel34/rscp_communication_LR/rscp_communication_v3/rscp_bridge_ws/build/rscp_mission_orchestrator/build install --record /home/revel34/rscp_communication_LR/rscp_communication_v3/rscp_bridge_ws/build/rscp_mission_orchestrator/install.log --single-version-externally-managed install_data
[1.371s] running egg_info
[1.372s] writing ../../build/rscp_mission_orchestrator/rscp_mission_orchestrator.egg-info/PKG-INFO
[1.373s] writing dependency_links to ../../build/rscp_mission_orchestrator/rscp_mission_orchestrator.egg-info/dependency_links.txt
[1.373s] writing entry points to ../../build/rscp_mission_orchestrator/rscp_mission_orchestrator.egg-info/entry_points.txt
[1.374s] writing requirements to ../../build/rscp_mission_orchestrator/rscp_mission_orchestrator.egg-info/requires.txt
[1.374s] writing top-level names to ../../build/rscp_mission_orchestrator/rscp_mission_orchestrator.egg-info/top_level.txt
[1.376s] reading manifest file '../../build/rscp_mission_orchestrator/rscp_mission_orchestrator.egg-info/SOURCES.txt'
[1.377s] writing manifest file '../../build/rscp_mission_orchestrator/rscp_mission_orchestrator.egg-info/SOURCES.txt'
[1.378s] running build
[1.378s] running build_py
[1.379s] running install
[1.379s] running install_lib
[1.380s] running install_data
[1.380s] running install_egg_info
[1.383s] removing '/home/revel34/rscp_communication_LR/rscp_communication_v3/rscp_bridge_ws/install/rscp_mission_orchestrator/lib/python3.10/site-packages/rscp_mission_orchestrator-0.0.1-py3.10.egg-info' (and everything under it)
[1.383s] Copying ../../build/rscp_mission_orchestrator/rscp_mission_orchestrator.egg-info to /home/revel34/rscp_communication_LR/rscp_communication_v3/rscp_bridge_ws/install/rscp_mission_orchestrator/lib/python3.10/site-packages/rscp_mission_orchestrator-0.0.1-py3.10.egg-info
[1.384s] running install_scripts
[1.411s] Installing mission_orchestrator script to /home/revel34/rscp_communication_LR/rscp_communication_v3/rscp_bridge_ws/install/rscp_mission_orchestrator/lib/rscp_mission_orchestrator
[1.412s] writing list of installed files to '/home/revel34/rscp_communication_LR/rscp_communication_v3/rscp_bridge_ws/build/rscp_mission_orchestrator/install.log'
[1.456s] Invoked command in '/home/revel34/rscp_communication_LR/rscp_communication_v3/rscp_bridge_ws/src/rscp_mission_orchestrator' returned '0': AMENT_PREFIX_PATH=/home/revel34/rscp_communication_LR/rscp_communication_v3/rscp_bridge_ws/install/rscp_mission_interfaces:${AMENT_PREFIX_PATH} CMAKE_PREFIX_PATH=/home/revel34/rscp_communication_LR/rscp_communication_v3/rscp_bridge_ws/install/rscp_mission_interfaces LD_LIBRARY_PATH=/home/revel34/rscp_communication_LR/rscp_communication_v3/rscp_bridge_ws/install/rscp_mission_interfaces/lib:${LD_LIBRARY_PATH} PYTHONPATH=/home/revel34/rscp_communication_LR/rscp_communication_v3/rscp_bridge_ws/build/rscp_mission_orchestrator/prefix_override:/usr/lib/python3/dist-packages/colcon_core/task/python/colcon_distutils_commands:/home/revel34/rscp_communication_LR/rscp_communication_v3/rscp_bridge_ws/install/rscp_mission_orchestrator/lib/python3.10/site-packages:/home/revel34/rscp_communication_LR/rscp_communication_v3/rscp_bridge_ws/install/rscp_mission_interfaces/local/lib/python3.10/dist-packages:${PYTHONPATH} /usr/bin/python3 -W ignore:setup.py install is deprecated -W ignore:easy_install command is deprecated setup.py egg_info --egg-base ../../build/rscp_mission_orchestrator build --build-base /home/revel34/rscp_communication_LR/rscp_communication_v3/rscp_bridge_ws/build/rscp_mission_orchestrator/build install --record /home/revel34/rscp_communication_LR/rscp_communication_v3/rscp_bridge_ws/build/rscp_mission_orchestrator/install.log --single-version-externally-managed install_data
