[0.063s] DEBUG:colcon:Command line arguments: ['/usr/bin/colcon', 'build']
[0.063s] DEBUG:colcon:Parsed command line arguments: Namespace(log_base=None, log_level=None, verb_name='build', build_base='build', install_base='install', merge_install=False, symlink_install=False, test_result_base=None, continue_on_error=False, executor='parallel', parallel_workers=4, event_handlers=None, ignore_user_meta=False, metas=['./colcon.meta'], base_paths=['.'], packages_ignore=None, packages_ignore_regex=None, paths=None, packages_up_to=None, packages_up_to_regex=None, packages_above=None, packages_above_and_dependencies=None, packages_above_depth=None, packages_select_by_dep=None, packages_skip_by_dep=None, packages_skip_up_to=None, packages_select_build_failed=False, packages_skip_build_finished=False, packages_select_test_failures=False, packages_skip_test_passed=False, packages_select=None, packages_skip=None, packages_select_regex=None, packages_skip_regex=None, packages_start=None, packages_end=None, allow_overriding=[], cmake_args=None, cmake_target=None, cmake_target_skip_unavailable=False, cmake_clean_cache=False, cmake_clean_first=False, cmake_force_configure=False, ament_cmake_args=None, catkin_cmake_args=None, catkin_skip_building_tests=False, mixin_files=None, mixin=None, verb_parser=<colcon_mixin.mixin.mixin_argument.MixinArgumentDecorator object at 0x7741d9bd28c0>, verb_extension=<colcon_core.verb.build.BuildVerb object at 0x7741d9d67880>, main=<bound method BuildVerb.main of <colcon_core.verb.build.BuildVerb object at 0x7741d9d67880>>, mixin_verb=('build',))
[0.161s] Level 1:colcon.colcon_core.package_discovery:discover_packages(colcon_meta) check parameters
[0.161s] Level 1:colcon.colcon_core.package_discovery:discover_packages(recursive) check parameters
[0.161s] Level 1:colcon.colcon_core.package_discovery:discover_packages(ignore) check parameters
[0.161s] Level 1:colcon.colcon_core.package_discovery:discover_packages(path) check parameters
[0.161s] Level 1:colcon.colcon_core.package_discovery:discover_packages(colcon_meta) discover
[0.162s] Level 1:colcon.colcon_core.package_discovery:discover_packages(recursive) discover
[0.162s] INFO:colcon.colcon_core.package_discovery:Crawling recursively for packages in '/home/revel34/rscp_communication_v3/rscp_comms'
[0.162s] Level 1:colcon.colcon_core.package_identification:_identify(.) by extensions ['ignore', 'ignore_ament_install']
[0.162s] Level 1:colcon.colcon_core.package_identification:_identify(.) by extension 'ignore'
[0.162s] Level 1:colcon.colcon_core.package_identification:_identify(.) by extension 'ignore_ament_install'
[0.162s] Level 1:colcon.colcon_core.package_identification:_identify(.) by extensions ['colcon_pkg']
[0.162s] Level 1:colcon.colcon_core.package_identification:_identify(.) by extension 'colcon_pkg'
[0.162s] Level 1:colcon.colcon_core.package_identification:_identify(.) by extensions ['colcon_meta']
[0.162s] Level 1:colcon.colcon_core.package_identification:_identify(.) by extension 'colcon_meta'
[0.162s] Level 1:colcon.colcon_core.package_identification:_identify(.) by extensions ['ros']
[0.162s] Level 1:colcon.colcon_core.package_identification:_identify(.) by extension 'ros'
[0.168s] Level 1:colcon.colcon_core.package_identification:_identify(.) by extensions ['cmake', 'python']
[0.168s] Level 1:colcon.colcon_core.package_identification:_identify(.) by extension 'cmake'
[0.168s] Level 1:colcon.colcon_core.package_identification:_identify(.) by extension 'python'
[0.168s] Level 1:colcon.colcon_core.package_identification:_identify(.) by extensions ['python_setup_py']
[0.168s] Level 1:colcon.colcon_core.package_identification:_identify(.) by extension 'python_setup_py'
[0.168s] Level 1:colcon.colcon_core.package_identification:_identify(build) by extensions ['ignore', 'ignore_ament_install']
[0.168s] Level 1:colcon.colcon_core.package_identification:_identify(build) by extension 'ignore'
[0.168s] Level 1:colcon.colcon_core.package_identification:_identify(build) ignored
[0.168s] Level 1:colcon.colcon_core.package_identification:_identify(install) by extensions ['ignore', 'ignore_ament_install']
[0.168s] Level 1:colcon.colcon_core.package_identification:_identify(install) by extension 'ignore'
[0.168s] Level 1:colcon.colcon_core.package_identification:_identify(install) ignored
[0.168s] Level 1:colcon.colcon_core.package_identification:_identify(log) by extensions ['ignore', 'ignore_ament_install']
[0.168s] Level 1:colcon.colcon_core.package_identification:_identify(log) by extension 'ignore'
[0.168s] Level 1:colcon.colcon_core.package_identification:_identify(log) ignored
[0.169s] Level 1:colcon.colcon_core.package_identification:_identify(src) by extensions ['ignore', 'ignore_ament_install']
[0.169s] Level 1:colcon.colcon_core.package_identification:_identify(src) by extension 'ignore'
[0.169s] Level 1:colcon.colcon_core.package_identification:_identify(src) by extension 'ignore_ament_install'
[0.169s] Level 1:colcon.colcon_core.package_identification:_identify(src) by extensions ['colcon_pkg']
[0.169s] Level 1:colcon.colcon_core.package_identification:_identify(src) by extension 'colcon_pkg'
[0.169s] Level 1:colcon.colcon_core.package_identification:_identify(src) by extensions ['colcon_meta']
[0.169s] Level 1:colcon.colcon_core.package_identification:_identify(src) by extension 'colcon_meta'
[0.169s] Level 1:colcon.colcon_core.package_identification:_identify(src) by extensions ['ros']
[0.169s] Level 1:colcon.colcon_core.package_identification:_identify(src) by extension 'ros'
[0.169s] Level 1:colcon.colcon_core.package_identification:_identify(src) by extensions ['cmake', 'python']
[0.169s] Level 1:colcon.colcon_core.package_identification:_identify(src) by extension 'cmake'
[0.169s] Level 1:colcon.colcon_core.package_identification:_identify(src) by extension 'python'
[0.169s] Level 1:colcon.colcon_core.package_identification:_identify(src) by extensions ['python_setup_py']
[0.169s] Level 1:colcon.colcon_core.package_identification:_identify(src) by extension 'python_setup_py'
[0.169s] Level 1:colcon.colcon_core.package_identification:_identify(src/rscp_receiver) by extensions ['ignore', 'ignore_ament_install']
[0.169s] Level 1:colcon.colcon_core.package_identification:_identify(src/rscp_receiver) by extension 'ignore'
[0.169s] Level 1:colcon.colcon_core.package_identification:_identify(src/rscp_receiver) by extension 'ignore_ament_install'
[0.169s] Level 1:colcon.colcon_core.package_identification:_identify(src/rscp_receiver) by extensions ['colcon_pkg']
[0.169s] Level 1:colcon.colcon_core.package_identification:_identify(src/rscp_receiver) by extension 'colcon_pkg'
[0.169s] Level 1:colcon.colcon_core.package_identification:_identify(src/rscp_receiver) by extensions ['colcon_meta']
[0.169s] Level 1:colcon.colcon_core.package_identification:_identify(src/rscp_receiver) by extension 'colcon_meta'
[0.169s] Level 1:colcon.colcon_core.package_identification:_identify(src/rscp_receiver) by extensions ['ros']
[0.169s] Level 1:colcon.colcon_core.package_identification:_identify(src/rscp_receiver) by extension 'ros'
[0.170s] DEBUG:colcon.colcon_core.package_identification:Package 'src/rscp_receiver' with type 'ros.ament_python' and name 'rscp_receiver'
[0.170s] Level 1:colcon.colcon_core.package_identification:_identify(src/rscp_sender) by extensions ['ignore', 'ignore_ament_install']
[0.170s] Level 1:colcon.colcon_core.package_identification:_identify(src/rscp_sender) by extension 'ignore'
[0.170s] Level 1:colcon.colcon_core.package_identification:_identify(src/rscp_sender) by extension 'ignore_ament_install'
[0.170s] Level 1:colcon.colcon_core.package_identification:_identify(src/rscp_sender) by extensions ['colcon_pkg']
[0.171s] Level 1:colcon.colcon_core.package_identification:_identify(src/rscp_sender) by extension 'colcon_pkg'
[0.171s] Level 1:colcon.colcon_core.package_identification:_identify(src/rscp_sender) by extensions ['colcon_meta']
[0.171s] Level 1:colcon.colcon_core.package_identification:_identify(src/rscp_sender) by extension 'colcon_meta'
[0.171s] Level 1:colcon.colcon_core.package_identification:_identify(src/rscp_sender) by extensions ['ros']
[0.171s] Level 1:colcon.colcon_core.package_identification:_identify(src/rscp_sender) by extension 'ros'
[0.171s] DEBUG:colcon.colcon_core.package_identification:Package 'src/rscp_sender' with type 'ros.ament_python' and name 'rscp_sender'
[0.171s] Level 1:colcon.colcon_core.package_discovery:discover_packages(recursive) using defaults
[0.171s] Level 1:colcon.colcon_core.package_discovery:discover_packages(ignore) discover
[0.171s] Level 1:colcon.colcon_core.package_discovery:discover_packages(ignore) using defaults
[0.171s] Level 1:colcon.colcon_core.package_discovery:discover_packages(path) discover
[0.171s] Level 1:colcon.colcon_core.package_discovery:discover_packages(path) using defaults
[0.193s] Level 1:colcon.colcon_core.package_discovery:discover_packages(prefix_path) check parameters
[0.193s] Level 1:colcon.colcon_core.package_discovery:discover_packages(prefix_path) discover
[0.195s] DEBUG:colcon.colcon_installed_package_information.package_discovery:Found 384 installed packages in /opt/ros/humble
[0.196s] Level 1:colcon.colcon_core.package_discovery:discover_packages(prefix_path) using defaults
[0.227s] Level 5:colcon.colcon_core.verb:set package 'rscp_receiver' build argument 'cmake_args' from command line to 'None'
[0.227s] Level 5:colcon.colcon_core.verb:set package 'rscp_receiver' build argument 'cmake_target' from command line to 'None'
[0.227s] Level 5:colcon.colcon_core.verb:set package 'rscp_receiver' build argument 'cmake_target_skip_unavailable' from command line to 'False'
[0.227s] Level 5:colcon.colcon_core.verb:set package 'rscp_receiver' build argument 'cmake_clean_cache' from command line to 'False'
[0.227s] Level 5:colcon.colcon_core.verb:set package 'rscp_receiver' build argument 'cmake_clean_first' from command line to 'False'
[0.227s] Level 5:colcon.colcon_core.verb:set package 'rscp_receiver' build argument 'cmake_force_configure' from command line to 'False'
[0.227s] Level 5:colcon.colcon_core.verb:set package 'rscp_receiver' build argument 'ament_cmake_args' from command line to 'None'
[0.227s] Level 5:colcon.colcon_core.verb:set package 'rscp_receiver' build argument 'catkin_cmake_args' from command line to 'None'
[0.227s] Level 5:colcon.colcon_core.verb:set package 'rscp_receiver' build argument 'catkin_skip_building_tests' from command line to 'False'
[0.227s] DEBUG:colcon.colcon_core.verb:Building package 'rscp_receiver' with the following arguments: {'ament_cmake_args': None, 'build_base': '/home/revel34/rscp_communication_v3/rscp_comms/build/rscp_receiver', 'catkin_cmake_args': None, 'catkin_skip_building_tests': False, 'cmake_args': None, 'cmake_clean_cache': False, 'cmake_clean_first': False, 'cmake_force_configure': False, 'cmake_target': None, 'cmake_target_skip_unavailable': False, 'install_base': '/home/revel34/rscp_communication_v3/rscp_comms/install/rscp_receiver', 'merge_install': False, 'path': '/home/revel34/rscp_communication_v3/rscp_comms/src/rscp_receiver', 'symlink_install': False, 'test_result_base': None}
[0.227s] Level 5:colcon.colcon_core.verb:set package 'rscp_sender' build argument 'cmake_args' from command line to 'None'
[0.227s] Level 5:colcon.colcon_core.verb:set package 'rscp_sender' build argument 'cmake_target' from command line to 'None'
[0.227s] Level 5:colcon.colcon_core.verb:set package 'rscp_sender' build argument 'cmake_target_skip_unavailable' from command line to 'False'
[0.227s] Level 5:colcon.colcon_core.verb:set package 'rscp_sender' build argument 'cmake_clean_cache' from command line to 'False'
[0.227s] Level 5:colcon.colcon_core.verb:set package 'rscp_sender' build argument 'cmake_clean_first' from command line to 'False'
[0.227s] Level 5:colcon.colcon_core.verb:set package 'rscp_sender' build argument 'cmake_force_configure' from command line to 'False'
[0.227s] Level 5:colcon.colcon_core.verb:set package 'rscp_sender' build argument 'ament_cmake_args' from command line to 'None'
[0.227s] Level 5:colcon.colcon_core.verb:set package 'rscp_sender' build argument 'catkin_cmake_args' from command line to 'None'
[0.227s] Level 5:colcon.colcon_core.verb:set package 'rscp_sender' build argument 'catkin_skip_building_tests' from command line to 'False'
[0.227s] DEBUG:colcon.colcon_core.verb:Building package 'rscp_sender' with the following arguments: {'ament_cmake_args': None, 'build_base': '/home/revel34/rscp_communication_v3/rscp_comms/build/rscp_sender', 'catkin_cmake_args': None, 'catkin_skip_building_tests': False, 'cmake_args': None, 'cmake_clean_cache': False, 'cmake_clean_first': False, 'cmake_force_configure': False, 'cmake_target': None, 'cmake_target_skip_unavailable': False, 'install_base': '/home/revel34/rscp_communication_v3/rscp_comms/install/rscp_sender', 'merge_install': False, 'path': '/home/revel34/rscp_communication_v3/rscp_comms/src/rscp_sender', 'symlink_install': False, 'test_result_base': None}
[0.228s] INFO:colcon.colcon_core.executor:Executing jobs using 'parallel' executor
[0.228s] DEBUG:colcon.colcon_parallel_executor.executor.parallel:run_until_complete
[0.228s] INFO:colcon.colcon_ros.task.ament_python.build:Building ROS package in '/home/revel34/rscp_communication_v3/rscp_comms/src/rscp_receiver' with build type 'ament_python'
[0.228s] Level 1:colcon.colcon_core.shell:create_environment_hook('rscp_receiver', 'ament_prefix_path')
[0.230s] INFO:colcon.colcon_core.plugin_system:Skipping extension 'colcon_core.shell.bat': Not used on non-Windows systems
[0.230s] INFO:colcon.colcon_core.shell:Creating environment hook '/home/revel34/rscp_communication_v3/rscp_comms/install/rscp_receiver/share/rscp_receiver/hook/ament_prefix_path.ps1'
[0.231s] INFO:colcon.colcon_core.shell:Creating environment descriptor '/home/revel34/rscp_communication_v3/rscp_comms/install/rscp_receiver/share/rscp_receiver/hook/ament_prefix_path.dsv'
[0.231s] INFO:colcon.colcon_core.shell:Creating environment hook '/home/revel34/rscp_communication_v3/rscp_comms/install/rscp_receiver/share/rscp_receiver/hook/ament_prefix_path.sh'
[0.232s] INFO:colcon.colcon_core.shell:Skip shell extension 'powershell' for command environment: Not usable outside of PowerShell
[0.232s] DEBUG:colcon.colcon_core.shell:Skip shell extension 'dsv' for command environment
[0.234s] INFO:colcon.colcon_ros.task.ament_python.build:Building ROS package in '/home/revel34/rscp_communication_v3/rscp_comms/src/rscp_sender' with build type 'ament_python'
[0.235s] Level 1:colcon.colcon_core.shell:create_environment_hook('rscp_sender', 'ament_prefix_path')
[0.235s] INFO:colcon.colcon_core.shell:Creating environment hook '/home/revel34/rscp_communication_v3/rscp_comms/install/rscp_sender/share/rscp_sender/hook/ament_prefix_path.ps1'
[0.236s] INFO:colcon.colcon_core.shell:Creating environment descriptor '/home/revel34/rscp_communication_v3/rscp_comms/install/rscp_sender/share/rscp_sender/hook/ament_prefix_path.dsv'
[0.236s] INFO:colcon.colcon_core.shell:Creating environment hook '/home/revel34/rscp_communication_v3/rscp_comms/install/rscp_sender/share/rscp_sender/hook/ament_prefix_path.sh'
[0.237s] INFO:colcon.colcon_core.shell:Skip shell extension 'powershell' for command environment: Not usable outside of PowerShell
[0.237s] DEBUG:colcon.colcon_core.shell:Skip shell extension 'dsv' for command environment
[0.394s] INFO:colcon.colcon_core.task.python.build:Building Python package in '/home/revel34/rscp_communication_v3/rscp_comms/src/rscp_receiver'
[0.394s] INFO:colcon.colcon_core.shell:Skip shell extension 'powershell' for command environment: Not usable outside of PowerShell
[0.394s] DEBUG:colcon.colcon_core.shell:Skip shell extension 'dsv' for command environment
[0.543s] INFO:colcon.colcon_core.task.python.build:Building Python package in '/home/revel34/rscp_communication_v3/rscp_comms/src/rscp_sender'
[0.544s] INFO:colcon.colcon_core.shell:Skip shell extension 'powershell' for command environment: Not usable outside of PowerShell
[0.544s] DEBUG:colcon.colcon_core.shell:Skip shell extension 'dsv' for command environment
[0.780s] DEBUG:colcon.colcon_core.event_handler.log_command:Invoking command in '/home/revel34/rscp_communication_v3/rscp_comms/src/rscp_receiver': PYTHONPATH=/home/revel34/rscp_communication_v3/rscp_comms/build/rscp_receiver/prefix_override:/usr/lib/python3/dist-packages/colcon_core/task/python/colcon_distutils_commands:/home/revel34/rscp_communication_v3/rscp_comms/install/rscp_receiver/lib/python3.10/site-packages:${PYTHONPATH} /usr/bin/python3 -W ignore:setup.py install is deprecated -W ignore:easy_install command is deprecated setup.py egg_info --egg-base ../../build/rscp_receiver build --build-base /home/revel34/rscp_communication_v3/rscp_comms/build/rscp_receiver/build install --record /home/revel34/rscp_communication_v3/rscp_comms/build/rscp_receiver/install.log --single-version-externally-managed install_data
[0.799s] DEBUG:colcon.colcon_core.event_handler.log_command:Invoking command in '/home/revel34/rscp_communication_v3/rscp_comms/src/rscp_sender': PYTHONPATH=/home/revel34/rscp_communication_v3/rscp_comms/build/rscp_sender/prefix_override:/usr/lib/python3/dist-packages/colcon_core/task/python/colcon_distutils_commands:/home/revel34/rscp_communication_v3/rscp_comms/install/rscp_sender/lib/python3.10/site-packages:${PYTHONPATH} /usr/bin/python3 -W ignore:setup.py install is deprecated -W ignore:easy_install command is deprecated setup.py egg_info --egg-base ../../build/rscp_sender build --build-base /home/revel34/rscp_communication_v3/rscp_comms/build/rscp_sender/build install --record /home/revel34/rscp_communication_v3/rscp_comms/build/rscp_sender/install.log --single-version-externally-managed install_data
[0.976s] DEBUG:colcon.colcon_core.event_handler.log_command:Invoked command in '/home/revel34/rscp_communication_v3/rscp_comms/src/rscp_sender' returned '0': PYTHONPATH=/home/revel34/rscp_communication_v3/rscp_comms/build/rscp_sender/prefix_override:/usr/lib/python3/dist-packages/colcon_core/task/python/colcon_distutils_commands:/home/revel34/rscp_communication_v3/rscp_comms/install/rscp_sender/lib/python3.10/site-packages:${PYTHONPATH} /usr/bin/python3 -W ignore:setup.py install is deprecated -W ignore:easy_install command is deprecated setup.py egg_info --egg-base ../../build/rscp_sender build --build-base /home/revel34/rscp_communication_v3/rscp_comms/build/rscp_sender/build install --record /home/revel34/rscp_communication_v3/rscp_comms/build/rscp_sender/install.log --single-version-externally-managed install_data
[0.978s] Level 1:colcon.colcon_core.environment:checking '/home/revel34/rscp_communication_v3/rscp_comms/install/rscp_sender' for CMake module files
[0.978s] Level 1:colcon.colcon_core.environment:checking '/home/revel34/rscp_communication_v3/rscp_comms/install/rscp_sender' for CMake config files
[0.979s] Level 1:colcon.colcon_core.environment:checking '/home/revel34/rscp_communication_v3/rscp_comms/install/rscp_sender/lib'
[0.979s] Level 1:colcon.colcon_core.environment:checking '/home/revel34/rscp_communication_v3/rscp_comms/install/rscp_sender/bin'
[0.979s] Level 1:colcon.colcon_core.environment:checking '/home/revel34/rscp_communication_v3/rscp_comms/install/rscp_sender/lib/pkgconfig/rscp_sender.pc'
[0.979s] Level 1:colcon.colcon_core.environment:checking '/home/revel34/rscp_communication_v3/rscp_comms/install/rscp_sender/lib/python3.10/site-packages'
[0.979s] Level 1:colcon.colcon_core.shell:create_environment_hook('rscp_sender', 'pythonpath')
[0.979s] INFO:colcon.colcon_core.shell:Creating environment hook '/home/revel34/rscp_communication_v3/rscp_comms/install/rscp_sender/share/rscp_sender/hook/pythonpath.ps1'
[0.980s] INFO:colcon.colcon_core.shell:Creating environment descriptor '/home/revel34/rscp_communication_v3/rscp_comms/install/rscp_sender/share/rscp_sender/hook/pythonpath.dsv'
[0.980s] INFO:colcon.colcon_core.shell:Creating environment hook '/home/revel34/rscp_communication_v3/rscp_comms/install/rscp_sender/share/rscp_sender/hook/pythonpath.sh'
[0.980s] Level 1:colcon.colcon_core.environment:checking '/home/revel34/rscp_communication_v3/rscp_comms/install/rscp_sender/bin'
[0.980s] Level 1:colcon.colcon_core.environment:create_environment_scripts_only(rscp_sender)
[0.981s] INFO:colcon.colcon_core.shell:Creating package script '/home/revel34/rscp_communication_v3/rscp_comms/install/rscp_sender/share/rscp_sender/package.ps1'
[0.981s] INFO:colcon.colcon_core.shell:Creating package descriptor '/home/revel34/rscp_communication_v3/rscp_comms/install/rscp_sender/share/rscp_sender/package.dsv'
[0.982s] INFO:colcon.colcon_core.shell:Creating package script '/home/revel34/rscp_communication_v3/rscp_comms/install/rscp_sender/share/rscp_sender/package.sh'
[0.982s] INFO:colcon.colcon_core.shell:Creating package script '/home/revel34/rscp_communication_v3/rscp_comms/install/rscp_sender/share/rscp_sender/package.bash'
[0.983s] INFO:colcon.colcon_core.shell:Creating package script '/home/revel34/rscp_communication_v3/rscp_comms/install/rscp_sender/share/rscp_sender/package.zsh'
[0.983s] Level 1:colcon.colcon_core.environment:create_file_with_runtime_dependencies(/home/revel34/rscp_communication_v3/rscp_comms/install/rscp_sender/share/colcon-core/packages/rscp_sender)
[0.987s] Level 1:colcon.colcon_core.environment:checking '/home/revel34/rscp_communication_v3/rscp_comms/install/rscp_receiver' for CMake module files
[0.987s] DEBUG:colcon.colcon_core.event_handler.log_command:Invoked command in '/home/revel34/rscp_communication_v3/rscp_comms/src/rscp_receiver' returned '0': PYTHONPATH=/home/revel34/rscp_communication_v3/rscp_comms/build/rscp_receiver/prefix_override:/usr/lib/python3/dist-packages/colcon_core/task/python/colcon_distutils_commands:/home/revel34/rscp_communication_v3/rscp_comms/install/rscp_receiver/lib/python3.10/site-packages:${PYTHONPATH} /usr/bin/python3 -W ignore:setup.py install is deprecated -W ignore:easy_install command is deprecated setup.py egg_info --egg-base ../../build/rscp_receiver build --build-base /home/revel34/rscp_communication_v3/rscp_comms/build/rscp_receiver/build install --record /home/revel34/rscp_communication_v3/rscp_comms/build/rscp_receiver/install.log --single-version-externally-managed install_data
[0.987s] Level 1:colcon.colcon_core.environment:checking '/home/revel34/rscp_communication_v3/rscp_comms/install/rscp_receiver' for CMake config files
[0.987s] Level 1:colcon.colcon_core.environment:checking '/home/revel34/rscp_communication_v3/rscp_comms/install/rscp_receiver/lib'
[0.988s] Level 1:colcon.colcon_core.environment:checking '/home/revel34/rscp_communication_v3/rscp_comms/install/rscp_receiver/bin'
[0.988s] Level 1:colcon.colcon_core.environment:checking '/home/revel34/rscp_communication_v3/rscp_comms/install/rscp_receiver/lib/pkgconfig/rscp_receiver.pc'
[0.988s] Level 1:colcon.colcon_core.environment:checking '/home/revel34/rscp_communication_v3/rscp_comms/install/rscp_receiver/lib/python3.10/site-packages'
[0.988s] Level 1:colcon.colcon_core.shell:create_environment_hook('rscp_receiver', 'pythonpath')
[0.988s] INFO:colcon.colcon_core.shell:Creating environment hook '/home/revel34/rscp_communication_v3/rscp_comms/install/rscp_receiver/share/rscp_receiver/hook/pythonpath.ps1'
[0.988s] INFO:colcon.colcon_core.shell:Creating environment descriptor '/home/revel34/rscp_communication_v3/rscp_comms/install/rscp_receiver/share/rscp_receiver/hook/pythonpath.dsv'
[0.989s] INFO:colcon.colcon_core.shell:Creating environment hook '/home/revel34/rscp_communication_v3/rscp_comms/install/rscp_receiver/share/rscp_receiver/hook/pythonpath.sh'
[0.989s] Level 1:colcon.colcon_core.environment:checking '/home/revel34/rscp_communication_v3/rscp_comms/install/rscp_receiver/bin'
[0.989s] Level 1:colcon.colcon_core.environment:create_environment_scripts_only(rscp_receiver)
[0.989s] INFO:colcon.colcon_core.shell:Creating package script '/home/revel34/rscp_communication_v3/rscp_comms/install/rscp_receiver/share/rscp_receiver/package.ps1'
[0.990s] INFO:colcon.colcon_core.shell:Creating package descriptor '/home/revel34/rscp_communication_v3/rscp_comms/install/rscp_receiver/share/rscp_receiver/package.dsv'
[0.990s] INFO:colcon.colcon_core.shell:Creating package script '/home/revel34/rscp_communication_v3/rscp_comms/install/rscp_receiver/share/rscp_receiver/package.sh'
[0.991s] INFO:colcon.colcon_core.shell:Creating package script '/home/revel34/rscp_communication_v3/rscp_comms/install/rscp_receiver/share/rscp_receiver/package.bash'
[0.991s] INFO:colcon.colcon_core.shell:Creating package script '/home/revel34/rscp_communication_v3/rscp_comms/install/rscp_receiver/share/rscp_receiver/package.zsh'
[0.991s] Level 1:colcon.colcon_core.environment:create_file_with_runtime_dependencies(/home/revel34/rscp_communication_v3/rscp_comms/install/rscp_receiver/share/colcon-core/packages/rscp_receiver)
[0.991s] DEBUG:colcon.colcon_parallel_executor.executor.parallel:closing loop
[0.992s] DEBUG:colcon.colcon_parallel_executor.executor.parallel:loop closed
[0.992s] DEBUG:colcon.colcon_parallel_executor.executor.parallel:run_until_complete finished with '0'
[0.992s] DEBUG:colcon.colcon_core.event_reactor:joining thread
[0.996s] INFO:colcon.colcon_core.plugin_system:Skipping extension 'colcon_notification.desktop_notification.terminal_notifier': Not used on non-Darwin systems
[0.996s] INFO:colcon.colcon_core.plugin_system:Skipping extension 'colcon_notification.desktop_notification.win32': Not used on non-Windows systems
[0.996s] INFO:colcon.colcon_notification.desktop_notification:Sending desktop notification using 'notify2'
[1.005s] DEBUG:colcon.colcon_core.event_reactor:joined thread
[1.005s] INFO:colcon.colcon_core.shell:Creating prefix script '/home/revel34/rscp_communication_v3/rscp_comms/install/local_setup.ps1'
[1.006s] INFO:colcon.colcon_core.shell:Creating prefix util module '/home/revel34/rscp_communication_v3/rscp_comms/install/_local_setup_util_ps1.py'
[1.007s] INFO:colcon.colcon_core.shell:Creating prefix chain script '/home/revel34/rscp_communication_v3/rscp_comms/install/setup.ps1'
[1.007s] INFO:colcon.colcon_core.shell:Creating prefix script '/home/revel34/rscp_communication_v3/rscp_comms/install/local_setup.sh'
[1.007s] INFO:colcon.colcon_core.shell:Creating prefix util module '/home/revel34/rscp_communication_v3/rscp_comms/install/_local_setup_util_sh.py'
[1.008s] INFO:colcon.colcon_core.shell:Creating prefix chain script '/home/revel34/rscp_communication_v3/rscp_comms/install/setup.sh'
[1.008s] INFO:colcon.colcon_core.shell:Creating prefix script '/home/revel34/rscp_communication_v3/rscp_comms/install/local_setup.bash'
[1.009s] INFO:colcon.colcon_core.shell:Creating prefix chain script '/home/revel34/rscp_communication_v3/rscp_comms/install/setup.bash'
[1.009s] INFO:colcon.colcon_core.shell:Creating prefix script '/home/revel34/rscp_communication_v3/rscp_comms/install/local_setup.zsh'
[1.010s] INFO:colcon.colcon_core.shell:Creating prefix chain script '/home/revel34/rscp_communication_v3/rscp_comms/install/setup.zsh'
