[1.577s] Invoking command in '/home/revel34/rscp_communication_LR/rscp_communication_v3/rscp_bridge_ws/src/rscp_bridge_node': PYTHONPATH=/home/revel34/rscp_communication_LR/rscp_communication_v3/rscp_bridge_ws/build/rscp_bridge_node/prefix_override:/usr/lib/python3/dist-packages/colcon_core/task/python/colcon_distutils_commands:/home/revel34/rscp_communication_LR/rscp_communication_v3/rscp_bridge_ws/install/rscp_bridge_node/lib/python3.10/site-packages:${PYTHONPATH} /usr/bin/python3 -W ignore:setup.py install is deprecated -W ignore:easy_install command is deprecated setup.py egg_info --egg-base ../../build/rscp_bridge_node build --build-base /home/revel34/rscp_communication_LR/rscp_communication_v3/rscp_bridge_ws/build/rscp_bridge_node/build install --record /home/revel34/rscp_communication_LR/rscp_communication_v3/rscp_bridge_ws/build/rscp_bridge_node/install.log --single-version-externally-managed install_data
[1.939s] running egg_info
[1.942s] writing ../../build/rscp_bridge_node/rscp_bridge_node.egg-info/PKG-INFO
[1.943s] writing dependency_links to ../../build/rscp_bridge_node/rscp_bridge_node.egg-info/dependency_links.txt
[1.944s] writing entry points to ../../build/rscp_bridge_node/rscp_bridge_node.egg-info/entry_points.txt
[1.944s] writing requirements to ../../build/rscp_bridge_node/rscp_bridge_node.egg-info/requires.txt
[1.945s] writing top-level names to ../../build/rscp_bridge_node/rscp_bridge_node.egg-info/top_level.txt
[1.949s] reading manifest file '../../build/rscp_bridge_node/rscp_bridge_node.egg-info/SOURCES.txt'
[1.952s] writing manifest file '../../build/rscp_bridge_node/rscp_bridge_node.egg-info/SOURCES.txt'
[1.952s] running build
[1.952s] running build_py
[1.953s] copying rscp_bridge_node/rscp_bridge_node.py -> /home/revel34/rscp_communication_LR/rscp_communication_v3/rscp_bridge_ws/build/rscp_bridge_node/build/lib/rscp_bridge_node
[1.955s] running install
[1.955s] running install_lib
[1.957s] copying /home/revel34/rscp_communication_LR/rscp_communication_v3/rscp_bridge_ws/build/rscp_bridge_node/build/lib/rscp_bridge_node/rscp_bridge_node.py -> /home/revel34/rscp_communication_LR/rscp_communication_v3/rscp_bridge_ws/install/rscp_bridge_node/lib/python3.10/site-packages/rscp_bridge_node
[1.958s] byte-compiling /home/revel34/rscp_communication_LR/rscp_communication_v3/rscp_bridge_ws/install/rscp_bridge_node/lib/python3.10/site-packages/rscp_bridge_node/rscp_bridge_node.py to rscp_bridge_node.cpython-310.pyc
[1.962s] running install_data
[1.964s] running install_egg_info
[1.965s] removing '/home/revel34/rscp_communication_LR/rscp_communication_v3/rscp_bridge_ws/install/rscp_bridge_node/lib/python3.10/site-packages/rscp_bridge_node-0.0.0-py3.10.egg-info' (and everything under it)
[1.965s] Copying ../../build/rscp_bridge_node/rscp_bridge_node.egg-info to /home/revel34/rscp_communication_LR/rscp_communication_v3/rscp_bridge_ws/install/rscp_bridge_node/lib/python3.10/site-packages/rscp_bridge_node-0.0.0-py3.10.egg-info
[1.967s] running install_scripts
[1.993s] Installing rscp_bridge_node script to /home/revel34/rscp_communication_LR/rscp_communication_v3/rscp_bridge_ws/install/rscp_bridge_node/lib/rscp_bridge_node
[1.995s] writing list of installed files to '/home/revel34/rscp_communication_LR/rscp_communication_v3/rscp_bridge_ws/build/rscp_bridge_node/install.log'
[2.030s] Invoked command in '/home/revel34/rscp_communication_LR/rscp_communication_v3/rscp_bridge_ws/src/rscp_bridge_node' returned '0': PYTHONPATH=/home/revel34/rscp_communication_LR/rscp_communication_v3/rscp_bridge_ws/build/rscp_bridge_node/prefix_override:/usr/lib/python3/dist-packages/colcon_core/task/python/colcon_distutils_commands:/home/revel34/rscp_communication_LR/rscp_communication_v3/rscp_bridge_ws/install/rscp_bridge_node/lib/python3.10/site-packages:${PYTHONPATH} /usr/bin/python3 -W ignore:setup.py install is deprecated -W ignore:easy_install command is deprecated setup.py egg_info --egg-base ../../build/rscp_bridge_node build --build-base /home/revel34/rscp_communication_LR/rscp_communication_v3/rscp_bridge_ws/build/rscp_bridge_node/build install --record /home/revel34/rscp_communication_LR/rscp_communication_v3/rscp_bridge_ws/build/rscp_bridge_node/install.log --single-version-externally-managed install_data
