[1.629s] DEBUG:colcon:Command line arguments: ['/usr/bin/colcon', 'build']
[1.630s] DEBUG:colcon:Parsed command line arguments: Namespace(log_base=None, log_level=None, verb_name='build', build_base='build', install_base='install', merge_install=False, symlink_install=False, test_result_base=None, continue_on_error=False, executor='parallel', parallel_workers=2, event_handlers=None, ignore_user_meta=False, metas=['./colcon.meta'], base_paths=['.'], packages_ignore=None, packages_ignore_regex=None, paths=None, packages_up_to=None, packages_up_to_regex=None, packages_above=None, packages_above_and_dependencies=None, packages_above_depth=None, packages_select_by_dep=None, packages_skip_by_dep=None, packages_skip_up_to=None, packages_select_build_failed=False, packages_skip_build_finished=False, packages_select_test_failures=False, packages_skip_test_passed=False, packages_select=None, packages_skip=None, packages_select_regex=None, packages_skip_regex=None, packages_start=None, packages_end=None, allow_overriding=[], cmake_args=None, cmake_target=None, cmake_target_skip_unavailable=False, cmake_clean_cache=False, cmake_clean_first=False, cmake_force_configure=False, ament_cmake_args=None, catkin_cmake_args=None, catkin_skip_building_tests=False, mixin_files=None, mixin=None, verb_parser=<colcon_mixin.mixin.mixin_argument.MixinArgumentDecorator object at 0x7b914fa52bf0>, verb_extension=<colcon_core.verb.build.BuildVerb object at 0x7b914fb67b80>, main=<bound method BuildVerb.main of <colcon_core.verb.build.BuildVerb object at 0x7b914fb67b80>>, mixin_verb=('build',))
[2.883s] Level 1:colcon.colcon_core.package_discovery:discover_packages(colcon_meta) check parameters
[2.883s] Level 1:colcon.colcon_core.package_discovery:discover_packages(recursive) check parameters
[2.883s] Level 1:colcon.colcon_core.package_discovery:discover_packages(ignore) check parameters
[2.883s] Level 1:colcon.colcon_core.package_discovery:discover_packages(path) check parameters
[2.883s] Level 1:colcon.colcon_core.package_discovery:discover_packages(colcon_meta) discover
[2.884s] Level 1:colcon.colcon_core.package_discovery:discover_packages(recursive) discover
[2.884s] INFO:colcon.colcon_core.package_discovery:Crawling recursively for packages in '/home/revel34/rscp_communication_LR/rscp_communication_v3/rscp_bridge_ws'
[2.885s] Level 1:colcon.colcon_core.package_identification:_identify(.) by extensions ['ignore', 'ignore_ament_install']
[2.885s] Level 1:colcon.colcon_core.package_identification:_identify(.) by extension 'ignore'
[2.885s] Level 1:colcon.colcon_core.package_identification:_identify(.) by extension 'ignore_ament_install'
[2.886s] Level 1:colcon.colcon_core.package_identification:_identify(.) by extensions ['colcon_pkg']
[2.886s] Level 1:colcon.colcon_core.package_identification:_identify(.) by extension 'colcon_pkg'
[2.886s] Level 1:colcon.colcon_core.package_identification:_identify(.) by extensions ['colcon_meta']
[2.886s] Level 1:colcon.colcon_core.package_identification:_identify(.) by extension 'colcon_meta'
[2.886s] Level 1:colcon.colcon_core.package_identification:_identify(.) by extensions ['ros']
[2.886s] Level 1:colcon.colcon_core.package_identification:_identify(.) by extension 'ros'
[2.928s] Level 1:colcon.colcon_core.package_identification:_identify(.) by extensions ['cmake', 'python']
[2.928s] Level 1:colcon.colcon_core.package_identification:_identify(.) by extension 'cmake'
[2.929s] Level 1:colcon.colcon_core.package_identification:_identify(.) by extension 'python'
[2.929s] Level 1:colcon.colcon_core.package_identification:_identify(.) by extensions ['python_setup_py']
[2.929s] Level 1:colcon.colcon_core.package_identification:_identify(.) by extension 'python_setup_py'
[2.929s] Level 1:colcon.colcon_core.package_identification:_identify(build) by extensions ['ignore', 'ignore_ament_install']
[2.930s] Level 1:colcon.colcon_core.package_identification:_identify(build) by extension 'ignore'
[2.930s] Level 1:colcon.colcon_core.package_identification:_identify(build) ignored
[2.930s] Level 1:colcon.colcon_core.package_identification:_identify(install) by extensions ['ignore', 'ignore_ament_install']
[2.930s] Level 1:colcon.colcon_core.package_identification:_identify(install) by extension 'ignore'
[2.931s] Level 1:colcon.colcon_core.package_identification:_identify(install) ignored
[2.931s] Level 1:colcon.colcon_core.package_identification:_identify(log) by extensions ['ignore', 'ignore_ament_install']
[2.931s] Level 1:colcon.colcon_core.package_identification:_identify(log) by extension 'ignore'
[2.931s] Level 1:colcon.colcon_core.package_identification:_identify(log) ignored
[2.931s] Level 1:colcon.colcon_core.package_identification:_identify(src) by extensions ['ignore', 'ignore_ament_install']
[2.932s] Level 1:colcon.colcon_core.package_identification:_identify(src) by extension 'ignore'
[2.932s] Level 1:colcon.colcon_core.package_identification:_identify(src) by extension 'ignore_ament_install'
[2.932s] Level 1:colcon.colcon_core.package_identification:_identify(src) by extensions ['colcon_pkg']
[2.932s] Level 1:colcon.colcon_core.package_identification:_identify(src) by extension 'colcon_pkg'
[2.932s] Level 1:colcon.colcon_core.package_identification:_identify(src) by extensions ['colcon_meta']
[2.933s] Level 1:colcon.colcon_core.package_identification:_identify(src) by extension 'colcon_meta'
[2.933s] Level 1:colcon.colcon_core.package_identification:_identify(src) by extensions ['ros']
[2.933s] Level 1:colcon.colcon_core.package_identification:_identify(src) by extension 'ros'
[2.933s] Level 1:colcon.colcon_core.package_identification:_identify(src) by extensions ['cmake', 'python']
[2.933s] Level 1:colcon.colcon_core.package_identification:_identify(src) by extension 'cmake'
[2.933s] Level 1:colcon.colcon_core.package_identification:_identify(src) by extension 'python'
[2.933s] Level 1:colcon.colcon_core.package_identification:_identify(src) by extensions ['python_setup_py']
[2.933s] Level 1:colcon.colcon_core.package_identification:_identify(src) by extension 'python_setup_py'
[2.934s] Level 1:colcon.colcon_core.package_identification:_identify(src/rscp_bridge_node) by extensions ['ignore', 'ignore_ament_install']
[2.934s] Level 1:colcon.colcon_core.package_identification:_identify(src/rscp_bridge_node) by extension 'ignore'
[2.934s] Level 1:colcon.colcon_core.package_identification:_identify(src/rscp_bridge_node) by extension 'ignore_ament_install'
[2.934s] Level 1:colcon.colcon_core.package_identification:_identify(src/rscp_bridge_node) by extensions ['colcon_pkg']
[2.934s] Level 1:colcon.colcon_core.package_identification:_identify(src/rscp_bridge_node) by extension 'colcon_pkg'
[2.935s] Level 1:colcon.colcon_core.package_identification:_identify(src/rscp_bridge_node) by extensions ['colcon_meta']
[2.935s] Level 1:colcon.colcon_core.package_identification:_identify(src/rscp_bridge_node) by extension 'colcon_meta'
[2.935s] Level 1:colcon.colcon_core.package_identification:_identify(src/rscp_bridge_node) by extensions ['ros']
[2.935s] Level 1:colcon.colcon_core.package_identification:_identify(src/rscp_bridge_node) by extension 'ros'
[2.947s] DEBUG:colcon.colcon_core.package_identification:Package 'src/rscp_bridge_node' with type 'ros.ament_python' and name 'rscp_bridge_node'
[2.947s] Level 1:colcon.colcon_core.package_identification:_identify(src/rscp_mission_interfaces) by extensions ['ignore', 'ignore_ament_install']
[2.947s] Level 1:colcon.colcon_core.package_identification:_identify(src/rscp_mission_interfaces) by extension 'ignore'
[2.947s] Level 1:colcon.colcon_core.package_identification:_identify(src/rscp_mission_interfaces) by extension 'ignore_ament_install'
[2.948s] Level 1:colcon.colcon_core.package_identification:_identify(src/rscp_mission_interfaces) by extensions ['colcon_pkg']
[2.948s] Level 1:colcon.colcon_core.package_identification:_identify(src/rscp_mission_interfaces) by extension 'colcon_pkg'
[2.948s] Level 1:colcon.colcon_core.package_identification:_identify(src/rscp_mission_interfaces) by extensions ['colcon_meta']
[2.948s] Level 1:colcon.colcon_core.package_identification:_identify(src/rscp_mission_interfaces) by extension 'colcon_meta'
[2.948s] Level 1:colcon.colcon_core.package_identification:_identify(src/rscp_mission_interfaces) by extensions ['ros']
[2.948s] Level 1:colcon.colcon_core.package_identification:_identify(src/rscp_mission_interfaces) by extension 'ros'
[2.950s] DEBUG:colcon.colcon_core.package_identification:Package 'src/rscp_mission_interfaces' with type 'ros.ament_cmake' and name 'rscp_mission_interfaces'
[2.950s] Level 1:colcon.colcon_core.package_identification:_identify(src/rscp_mission_orchestrator) by extensions ['ignore', 'ignore_ament_install']
[2.951s] Level 1:colcon.colcon_core.package_identification:_identify(src/rscp_mission_orchestrator) by extension 'ignore'
[2.951s] Level 1:colcon.colcon_core.package_identification:_identify(src/rscp_mission_orchestrator) by extension 'ignore_ament_install'
[2.951s] Level 1:colcon.colcon_core.package_identification:_identify(src/rscp_mission_orchestrator) by extensions ['colcon_pkg']
[2.951s] Level 1:colcon.colcon_core.package_identification:_identify(src/rscp_mission_orchestrator) by extension 'colcon_pkg'
[2.951s] Level 1:colcon.colcon_core.package_identification:_identify(src/rscp_mission_orchestrator) by extensions ['colcon_meta']
[2.951s] Level 1:colcon.colcon_core.package_identification:_identify(src/rscp_mission_orchestrator) by extension 'colcon_meta'
[2.951s] Level 1:colcon.colcon_core.package_identification:_identify(src/rscp_mission_orchestrator) by extensions ['ros']
[2.951s] Level 1:colcon.colcon_core.package_identification:_identify(src/rscp_mission_orchestrator) by extension 'ros'
[2.954s] DEBUG:colcon.colcon_core.package_identification:Package 'src/rscp_mission_orchestrator' with type 'ros.ament_python' and name 'rscp_mission_orchestrator'
[2.954s] Level 1:colcon.colcon_core.package_discovery:discover_packages(recursive) using defaults
[2.975s] Level 1:colcon.colcon_core.package_discovery:discover_packages(ignore) discover
[2.975s] Level 1:colcon.colcon_core.package_discovery:discover_packages(ignore) using defaults
[2.975s] Level 1:colcon.colcon_core.package_discovery:discover_packages(path) discover
[2.975s] Level 1:colcon.colcon_core.package_discovery:discover_packages(path) using defaults
[3.095s] Level 1:colcon.colcon_core.package_discovery:discover_packages(prefix_path) check parameters
[3.095s] Level 1:colcon.colcon_core.package_discovery:discover_packages(prefix_path) discover
[3.114s] DEBUG:colcon.colcon_installed_package_information.package_discovery:Found 384 installed packages in /opt/ros/humble
[3.118s] Level 1:colcon.colcon_core.package_discovery:discover_packages(prefix_path) using defaults
[3.279s] Level 5:colcon.colcon_core.verb:set package 'rscp_bridge_node' build argument 'cmake_args' from command line to 'None'
[3.279s] Level 5:colcon.colcon_core.verb:set package 'rscp_bridge_node' build argument 'cmake_target' from command line to 'None'
[3.279s] Level 5:colcon.colcon_core.verb:set package 'rscp_bridge_node' build argument 'cmake_target_skip_unavailable' from command line to 'False'
[3.279s] Level 5:colcon.colcon_core.verb:set package 'rscp_bridge_node' build argument 'cmake_clean_cache' from command line to 'False'
[3.279s] Level 5:colcon.colcon_core.verb:set package 'rscp_bridge_node' build argument 'cmake_clean_first' from command line to 'False'
[3.279s] Level 5:colcon.colcon_core.verb:set package 'rscp_bridge_node' build argument 'cmake_force_configure' from command line to 'False'
[3.280s] Level 5:colcon.colcon_core.verb:set package 'rscp_bridge_node' build argument 'ament_cmake_args' from command line to 'None'
[3.280s] Level 5:colcon.colcon_core.verb:set package 'rscp_bridge_node' build argument 'catkin_cmake_args' from command line to 'None'
[3.280s] Level 5:colcon.colcon_core.verb:set package 'rscp_bridge_node' build argument 'catkin_skip_building_tests' from command line to 'False'
[3.280s] DEBUG:colcon.colcon_core.verb:Building package 'rscp_bridge_node' with the following arguments: {'ament_cmake_args': None, 'build_base': '/home/revel34/rscp_communication_LR/rscp_communication_v3/rscp_bridge_ws/build/rscp_bridge_node', 'catkin_cmake_args': None, 'catkin_skip_building_tests': False, 'cmake_args': None, 'cmake_clean_cache': False, 'cmake_clean_first': False, 'cmake_force_configure': False, 'cmake_target': None, 'cmake_target_skip_unavailable': False, 'install_base': '/home/revel34/rscp_communication_LR/rscp_communication_v3/rscp_bridge_ws/install/rscp_bridge_node', 'merge_install': False, 'path': '/home/revel34/rscp_communication_LR/rscp_communication_v3/rscp_bridge_ws/src/rscp_bridge_node', 'symlink_install': False, 'test_result_base': None}
[3.281s] Level 5:colcon.colcon_core.verb:set package 'rscp_mission_interfaces' build argument 'cmake_args' from command line to 'None'
[3.281s] Level 5:colcon.colcon_core.verb:set package 'rscp_mission_interfaces' build argument 'cmake_target' from command line to 'None'
[3.281s] Level 5:colcon.colcon_core.verb:set package 'rscp_mission_interfaces' build argument 'cmake_target_skip_unavailable' from command line to 'False'
[3.281s] Level 5:colcon.colcon_core.verb:set package 'rscp_mission_interfaces' build argument 'cmake_clean_cache' from command line to 'False'
[3.281s] Level 5:colcon.colcon_core.verb:set package 'rscp_mission_interfaces' build argument 'cmake_clean_first' from command line to 'False'
[3.281s] Level 5:colcon.colcon_core.verb:set package 'rscp_mission_interfaces' build argument 'cmake_force_configure' from command line to 'False'
[3.281s] Level 5:colcon.colcon_core.verb:set package 'rscp_mission_interfaces' build argument 'ament_cmake_args' from command line to 'None'
[3.281s] Level 5:colcon.colcon_core.verb:set package 'rscp_mission_interfaces' build argument 'catkin_cmake_args' from command line to 'None'
[3.281s] Level 5:colcon.colcon_core.verb:set package 'rscp_mission_interfaces' build argument 'catkin_skip_building_tests' from command line to 'False'
[3.282s] DEBUG:colcon.colcon_core.verb:Building package 'rscp_mission_interfaces' with the following arguments: {'ament_cmake_args': None, 'build_base': '/home/revel34/rscp_communication_LR/rscp_communication_v3/rscp_bridge_ws/build/rscp_mission_interfaces', 'catkin_cmake_args': None, 'catkin_skip_building_tests': False, 'cmake_args': None, 'cmake_clean_cache': False, 'cmake_clean_first': False, 'cmake_force_configure': False, 'cmake_target': None, 'cmake_target_skip_unavailable': False, 'install_base': '/home/revel34/rscp_communication_LR/rscp_communication_v3/rscp_bridge_ws/install/rscp_mission_interfaces', 'merge_install': False, 'path': '/home/revel34/rscp_communication_LR/rscp_communication_v3/rscp_bridge_ws/src/rscp_mission_interfaces', 'symlink_install': False, 'test_result_base': None}
[3.282s] Level 5:colcon.colcon_core.verb:set package 'rscp_mission_orchestrator' build argument 'cmake_args' from command line to 'None'
[3.283s] Level 5:colcon.colcon_core.verb:set package 'rscp_mission_orchestrator' build argument 'cmake_target' from command line to 'None'
[3.283s] Level 5:colcon.colcon_core.verb:set package 'rscp_mission_orchestrator' build argument 'cmake_target_skip_unavailable' from command line to 'False'
[3.283s] Level 5:colcon.colcon_core.verb:set package 'rscp_mission_orchestrator' build argument 'cmake_clean_cache' from command line to 'False'
[3.283s] Level 5:colcon.colcon_core.verb:set package 'rscp_mission_orchestrator' build argument 'cmake_clean_first' from command line to 'False'
[3.283s] Level 5:colcon.colcon_core.verb:set package 'rscp_mission_orchestrator' build argument 'cmake_force_configure' from command line to 'False'
[3.283s] Level 5:colcon.colcon_core.verb:set package 'rscp_mission_orchestrator' build argument 'ament_cmake_args' from command line to 'None'
[3.283s] Level 5:colcon.colcon_core.verb:set package 'rscp_mission_orchestrator' build argument 'catkin_cmake_args' from command line to 'None'
[3.283s] Level 5:colcon.colcon_core.verb:set package 'rscp_mission_orchestrator' build argument 'catkin_skip_building_tests' from command line to 'False'
[3.283s] DEBUG:colcon.colcon_core.verb:Building package 'rscp_mission_orchestrator' with the following arguments: {'ament_cmake_args': None, 'build_base': '/home/revel34/rscp_communication_LR/rscp_communication_v3/rscp_bridge_ws/build/rscp_mission_orchestrator', 'catkin_cmake_args': None, 'catkin_skip_building_tests': False, 'cmake_args': None, 'cmake_clean_cache': False, 'cmake_clean_first': False, 'cmake_force_configure': False, 'cmake_target': None, 'cmake_target_skip_unavailable': False, 'install_base': '/home/revel34/rscp_communication_LR/rscp_communication_v3/rscp_bridge_ws/install/rscp_mission_orchestrator', 'merge_install': False, 'path': '/home/revel34/rscp_communication_LR/rscp_communication_v3/rscp_bridge_ws/src/rscp_mission_orchestrator', 'symlink_install': False, 'test_result_base': None}
[3.284s] INFO:colcon.colcon_core.executor:Executing jobs using 'parallel' executor
[3.287s] DEBUG:colcon.colcon_parallel_executor.executor.parallel:run_until_complete
[3.287s] INFO:colcon.colcon_ros.task.ament_cmake.build:Building ROS package in '/home/revel34/rscp_communication_LR/rscp_communication_v3/rscp_bridge_ws/src/rscp_mission_interfaces' with build type 'ament_cmake'
[3.287s] INFO:colcon.colcon_cmake.task.cmake.build:Building CMake package in '/home/revel34/rscp_communication_LR/rscp_communication_v3/rscp_bridge_ws/src/rscp_mission_interfaces'
[3.324s] INFO:colcon.colcon_core.plugin_system:Skipping extension 'colcon_core.shell.bat': Not used on non-Windows systems
[3.325s] INFO:colcon.colcon_core.shell:Skip shell extension 'powershell' for command environment: Not usable outside of PowerShell
[3.326s] DEBUG:colcon.colcon_core.shell:Skip shell extension 'dsv' for command environment
[3.342s] INFO:colcon.colcon_ros.task.ament_python.build:Building ROS package in '/home/revel34/rscp_communication_LR/rscp_communication_v3/rscp_bridge_ws/src/rscp_bridge_node' with build type 'ament_python'
[3.343s] Level 1:colcon.colcon_core.shell:create_environment_hook('rscp_bridge_node', 'ament_prefix_path')
[3.344s] INFO:colcon.colcon_core.shell:Creating environment hook '/home/revel34/rscp_communication_LR/rscp_communication_v3/rscp_bridge_ws/install/rscp_bridge_node/share/rscp_bridge_node/hook/ament_prefix_path.ps1'
[3.357s] INFO:colcon.colcon_core.shell:Creating environment descriptor '/home/revel34/rscp_communication_LR/rscp_communication_v3/rscp_bridge_ws/install/rscp_bridge_node/share/rscp_bridge_node/hook/ament_prefix_path.dsv'
[3.360s] INFO:colcon.colcon_core.shell:Creating environment hook '/home/revel34/rscp_communication_LR/rscp_communication_v3/rscp_bridge_ws/install/rscp_bridge_node/share/rscp_bridge_node/hook/ament_prefix_path.sh'
[3.363s] INFO:colcon.colcon_core.shell:Skip shell extension 'powershell' for command environment: Not usable outside of PowerShell
[3.364s] DEBUG:colcon.colcon_core.shell:Skip shell extension 'dsv' for command environment
[3.378s] DEBUG:colcon.colcon_core.event_handler.log_command:Invoking command in '/home/revel34/rscp_communication_LR/rscp_communication_v3/rscp_bridge_ws/build/rscp_mission_interfaces': CMAKE_PREFIX_PATH=/opt/ros/humble /usr/bin/cmake --build /home/revel34/rscp_communication_LR/rscp_communication_v3/rscp_bridge_ws/build/rscp_mission_interfaces -- -j2 -l2
[4.063s] INFO:colcon.colcon_core.task.python.build:Building Python package in '/home/revel34/rscp_communication_LR/rscp_communication_v3/rscp_bridge_ws/src/rscp_bridge_node'
[4.063s] INFO:colcon.colcon_core.shell:Skip shell extension 'powershell' for command environment: Not usable outside of PowerShell
[4.063s] DEBUG:colcon.colcon_core.shell:Skip shell extension 'dsv' for command environment
[5.501s] DEBUG:colcon.colcon_core.event_handler.log_command:Invoking command in '/home/revel34/rscp_communication_LR/rscp_communication_v3/rscp_bridge_ws/src/rscp_bridge_node': PYTHONPATH=/home/revel34/rscp_communication_LR/rscp_communication_v3/rscp_bridge_ws/build/rscp_bridge_node/prefix_override:/usr/lib/python3/dist-packages/colcon_core/task/python/colcon_distutils_commands:/home/revel34/rscp_communication_LR/rscp_communication_v3/rscp_bridge_ws/install/rscp_bridge_node/lib/python3.10/site-packages:${PYTHONPATH} /usr/bin/python3 -W ignore:setup.py install is deprecated -W ignore:easy_install command is deprecated setup.py egg_info --egg-base ../../build/rscp_bridge_node build --build-base /home/revel34/rscp_communication_LR/rscp_communication_v3/rscp_bridge_ws/build/rscp_bridge_node/build install --record /home/revel34/rscp_communication_LR/rscp_communication_v3/rscp_bridge_ws/build/rscp_bridge_node/install.log --single-version-externally-managed install_data
[6.020s] DEBUG:colcon.colcon_core.event_handler.log_command:Invoked command in '/home/revel34/rscp_communication_LR/rscp_communication_v3/rscp_bridge_ws/src/rscp_bridge_node' returned '0': PYTHONPATH=/home/revel34/rscp_communication_LR/rscp_communication_v3/rscp_bridge_ws/build/rscp_bridge_node/prefix_override:/usr/lib/python3/dist-packages/colcon_core/task/python/colcon_distutils_commands:/home/revel34/rscp_communication_LR/rscp_communication_v3/rscp_bridge_ws/install/rscp_bridge_node/lib/python3.10/site-packages:${PYTHONPATH} /usr/bin/python3 -W ignore:setup.py install is deprecated -W ignore:easy_install command is deprecated setup.py egg_info --egg-base ../../build/rscp_bridge_node build --build-base /home/revel34/rscp_communication_LR/rscp_communication_v3/rscp_bridge_ws/build/rscp_bridge_node/build install --record /home/revel34/rscp_communication_LR/rscp_communication_v3/rscp_bridge_ws/build/rscp_bridge_node/install.log --single-version-externally-managed install_data
[6.044s] Level 1:colcon.colcon_core.environment:checking '/home/revel34/rscp_communication_LR/rscp_communication_v3/rscp_bridge_ws/install/rscp_bridge_node' for CMake module files
[6.045s] Level 1:colcon.colcon_core.environment:checking '/home/revel34/rscp_communication_LR/rscp_communication_v3/rscp_bridge_ws/install/rscp_bridge_node' for CMake config files
[6.048s] Level 1:colcon.colcon_core.environment:checking '/home/revel34/rscp_communication_LR/rscp_communication_v3/rscp_bridge_ws/install/rscp_bridge_node/lib'
[6.049s] Level 1:colcon.colcon_core.environment:checking '/home/revel34/rscp_communication_LR/rscp_communication_v3/rscp_bridge_ws/install/rscp_bridge_node/bin'
[6.049s] Level 1:colcon.colcon_core.environment:checking '/home/revel34/rscp_communication_LR/rscp_communication_v3/rscp_bridge_ws/install/rscp_bridge_node/lib/pkgconfig/rscp_bridge_node.pc'
[6.049s] Level 1:colcon.colcon_core.environment:checking '/home/revel34/rscp_communication_LR/rscp_communication_v3/rscp_bridge_ws/install/rscp_bridge_node/lib/python3.10/site-packages'
[6.049s] Level 1:colcon.colcon_core.shell:create_environment_hook('rscp_bridge_node', 'pythonpath')
[6.050s] INFO:colcon.colcon_core.shell:Creating environment hook '/home/revel34/rscp_communication_LR/rscp_communication_v3/rscp_bridge_ws/install/rscp_bridge_node/share/rscp_bridge_node/hook/pythonpath.ps1'
[6.051s] INFO:colcon.colcon_core.shell:Creating environment descriptor '/home/revel34/rscp_communication_LR/rscp_communication_v3/rscp_bridge_ws/install/rscp_bridge_node/share/rscp_bridge_node/hook/pythonpath.dsv'
[6.053s] INFO:colcon.colcon_core.shell:Creating environment hook '/home/revel34/rscp_communication_LR/rscp_communication_v3/rscp_bridge_ws/install/rscp_bridge_node/share/rscp_bridge_node/hook/pythonpath.sh'
[6.055s] Level 1:colcon.colcon_core.environment:checking '/home/revel34/rscp_communication_LR/rscp_communication_v3/rscp_bridge_ws/install/rscp_bridge_node/bin'
[6.055s] Level 1:colcon.colcon_core.environment:create_environment_scripts_only(rscp_bridge_node)
[6.056s] INFO:colcon.colcon_core.shell:Creating package script '/home/revel34/rscp_communication_LR/rscp_communication_v3/rscp_bridge_ws/install/rscp_bridge_node/share/rscp_bridge_node/package.ps1'
[6.060s] INFO:colcon.colcon_core.shell:Creating package descriptor '/home/revel34/rscp_communication_LR/rscp_communication_v3/rscp_bridge_ws/install/rscp_bridge_node/share/rscp_bridge_node/package.dsv'
[6.064s] INFO:colcon.colcon_core.shell:Creating package script '/home/revel34/rscp_communication_LR/rscp_communication_v3/rscp_bridge_ws/install/rscp_bridge_node/share/rscp_bridge_node/package.sh'
[6.067s] INFO:colcon.colcon_core.shell:Creating package script '/home/revel34/rscp_communication_LR/rscp_communication_v3/rscp_bridge_ws/install/rscp_bridge_node/share/rscp_bridge_node/package.bash'
[6.070s] INFO:colcon.colcon_core.shell:Creating package script '/home/revel34/rscp_communication_LR/rscp_communication_v3/rscp_bridge_ws/install/rscp_bridge_node/share/rscp_bridge_node/package.zsh'
[6.074s] Level 1:colcon.colcon_core.environment:create_file_with_runtime_dependencies(/home/revel34/rscp_communication_LR/rscp_communication_v3/rscp_bridge_ws/install/rscp_bridge_node/share/colcon-core/packages/rscp_bridge_node)
[17.761s] DEBUG:colcon.colcon_core.event_handler.log_command:Invoked command in '/home/revel34/rscp_communication_LR/rscp_communication_v3/rscp_bridge_ws/build/rscp_mission_interfaces' returned '0': CMAKE_PREFIX_PATH=/opt/ros/humble /usr/bin/cmake --build /home/revel34/rscp_communication_LR/rscp_communication_v3/rscp_bridge_ws/build/rscp_mission_interfaces -- -j2 -l2
[17.804s] DEBUG:colcon.colcon_core.event_handler.log_command:Invoking command in '/home/revel34/rscp_communication_LR/rscp_communication_v3/rscp_bridge_ws/build/rscp_mission_interfaces': CMAKE_PREFIX_PATH=/opt/ros/humble /usr/bin/cmake --install /home/revel34/rscp_communication_LR/rscp_communication_v3/rscp_bridge_ws/build/rscp_mission_interfaces
[18.024s] Level 1:colcon.colcon_core.environment:create_environment_scripts_only(rscp_mission_interfaces)
[18.025s] Level 1:colcon.colcon_core.environment:checking '/home/revel34/rscp_communication_LR/rscp_communication_v3/rscp_bridge_ws/install/rscp_mission_interfaces' for CMake module files
[18.029s] DEBUG:colcon.colcon_core.event_handler.log_command:Invoked command in '/home/revel34/rscp_communication_LR/rscp_communication_v3/rscp_bridge_ws/build/rscp_mission_interfaces' returned '0': CMAKE_PREFIX_PATH=/opt/ros/humble /usr/bin/cmake --install /home/revel34/rscp_communication_LR/rscp_communication_v3/rscp_bridge_ws/build/rscp_mission_interfaces
[18.030s] Level 1:colcon.colcon_core.environment:checking '/home/revel34/rscp_communication_LR/rscp_communication_v3/rscp_bridge_ws/install/rscp_mission_interfaces' for CMake config files
[18.031s] Level 1:colcon.colcon_core.shell:create_environment_hook('rscp_mission_interfaces', 'cmake_prefix_path')
[18.031s] INFO:colcon.colcon_core.shell:Creating environment hook '/home/revel34/rscp_communication_LR/rscp_communication_v3/rscp_bridge_ws/install/rscp_mission_interfaces/share/rscp_mission_interfaces/hook/cmake_prefix_path.ps1'
[18.032s] INFO:colcon.colcon_core.shell:Creating environment descriptor '/home/revel34/rscp_communication_LR/rscp_communication_v3/rscp_bridge_ws/install/rscp_mission_interfaces/share/rscp_mission_interfaces/hook/cmake_prefix_path.dsv'
[18.034s] INFO:colcon.colcon_core.shell:Creating environment hook '/home/revel34/rscp_communication_LR/rscp_communication_v3/rscp_bridge_ws/install/rscp_mission_interfaces/share/rscp_mission_interfaces/hook/cmake_prefix_path.sh'
[18.035s] Level 1:colcon.colcon_core.environment:checking '/home/revel34/rscp_communication_LR/rscp_communication_v3/rscp_bridge_ws/install/rscp_mission_interfaces/lib'
[18.036s] Level 1:colcon.colcon_core.shell:create_environment_hook('rscp_mission_interfaces', 'ld_library_path_lib')
[18.036s] INFO:colcon.colcon_core.shell:Creating environment hook '/home/revel34/rscp_communication_LR/rscp_communication_v3/rscp_bridge_ws/install/rscp_mission_interfaces/share/rscp_mission_interfaces/hook/ld_library_path_lib.ps1'
[18.037s] INFO:colcon.colcon_core.shell:Creating environment descriptor '/home/revel34/rscp_communication_LR/rscp_communication_v3/rscp_bridge_ws/install/rscp_mission_interfaces/share/rscp_mission_interfaces/hook/ld_library_path_lib.dsv'
[18.038s] INFO:colcon.colcon_core.shell:Creating environment hook '/home/revel34/rscp_communication_LR/rscp_communication_v3/rscp_bridge_ws/install/rscp_mission_interfaces/share/rscp_mission_interfaces/hook/ld_library_path_lib.sh'
[18.039s] Level 1:colcon.colcon_core.environment:checking '/home/revel34/rscp_communication_LR/rscp_communication_v3/rscp_bridge_ws/install/rscp_mission_interfaces/bin'
[18.039s] Level 1:colcon.colcon_core.environment:checking '/home/revel34/rscp_communication_LR/rscp_communication_v3/rscp_bridge_ws/install/rscp_mission_interfaces/lib/pkgconfig/rscp_mission_interfaces.pc'
[18.039s] Level 1:colcon.colcon_core.environment:checking '/home/revel34/rscp_communication_LR/rscp_communication_v3/rscp_bridge_ws/install/rscp_mission_interfaces/lib/python3.10/site-packages'
[18.040s] Level 1:colcon.colcon_core.environment:checking '/home/revel34/rscp_communication_LR/rscp_communication_v3/rscp_bridge_ws/install/rscp_mission_interfaces/bin'
[18.040s] INFO:colcon.colcon_core.shell:Creating package script '/home/revel34/rscp_communication_LR/rscp_communication_v3/rscp_bridge_ws/install/rscp_mission_interfaces/share/rscp_mission_interfaces/package.ps1'
[18.042s] INFO:colcon.colcon_core.shell:Creating package descriptor '/home/revel34/rscp_communication_LR/rscp_communication_v3/rscp_bridge_ws/install/rscp_mission_interfaces/share/rscp_mission_interfaces/package.dsv'
[18.043s] INFO:colcon.colcon_core.shell:Creating package script '/home/revel34/rscp_communication_LR/rscp_communication_v3/rscp_bridge_ws/install/rscp_mission_interfaces/share/rscp_mission_interfaces/package.sh'
[18.044s] INFO:colcon.colcon_core.shell:Creating package script '/home/revel34/rscp_communication_LR/rscp_communication_v3/rscp_bridge_ws/install/rscp_mission_interfaces/share/rscp_mission_interfaces/package.bash'
[18.045s] INFO:colcon.colcon_core.shell:Creating package script '/home/revel34/rscp_communication_LR/rscp_communication_v3/rscp_bridge_ws/install/rscp_mission_interfaces/share/rscp_mission_interfaces/package.zsh'
[18.047s] Level 1:colcon.colcon_core.environment:create_file_with_runtime_dependencies(/home/revel34/rscp_communication_LR/rscp_communication_v3/rscp_bridge_ws/install/rscp_mission_interfaces/share/colcon-core/packages/rscp_mission_interfaces)
[18.049s] Level 1:colcon.colcon_core.environment:create_environment_scripts_only(rscp_mission_interfaces)
[18.050s] Level 1:colcon.colcon_core.environment:checking '/home/revel34/rscp_communication_LR/rscp_communication_v3/rscp_bridge_ws/install/rscp_mission_interfaces' for CMake module files
[18.051s] Level 1:colcon.colcon_core.environment:checking '/home/revel34/rscp_communication_LR/rscp_communication_v3/rscp_bridge_ws/install/rscp_mission_interfaces' for CMake config files
[18.052s] Level 1:colcon.colcon_core.shell:create_environment_hook('rscp_mission_interfaces', 'cmake_prefix_path')
[18.053s] INFO:colcon.colcon_core.shell:Creating environment hook '/home/revel34/rscp_communication_LR/rscp_communication_v3/rscp_bridge_ws/install/rscp_mission_interfaces/share/rscp_mission_interfaces/hook/cmake_prefix_path.ps1'
[18.056s] INFO:colcon.colcon_core.shell:Creating environment descriptor '/home/revel34/rscp_communication_LR/rscp_communication_v3/rscp_bridge_ws/install/rscp_mission_interfaces/share/rscp_mission_interfaces/hook/cmake_prefix_path.dsv'
[18.058s] INFO:colcon.colcon_core.shell:Creating environment hook '/home/revel34/rscp_communication_LR/rscp_communication_v3/rscp_bridge_ws/install/rscp_mission_interfaces/share/rscp_mission_interfaces/hook/cmake_prefix_path.sh'
[18.067s] Level 1:colcon.colcon_core.environment:checking '/home/revel34/rscp_communication_LR/rscp_communication_v3/rscp_bridge_ws/install/rscp_mission_interfaces/lib'
[18.068s] Level 1:colcon.colcon_core.shell:create_environment_hook('rscp_mission_interfaces', 'ld_library_path_lib')
[18.070s] INFO:colcon.colcon_core.shell:Creating environment hook '/home/revel34/rscp_communication_LR/rscp_communication_v3/rscp_bridge_ws/install/rscp_mission_interfaces/share/rscp_mission_interfaces/hook/ld_library_path_lib.ps1'
[18.075s] INFO:colcon.colcon_core.shell:Creating environment descriptor '/home/revel34/rscp_communication_LR/rscp_communication_v3/rscp_bridge_ws/install/rscp_mission_interfaces/share/rscp_mission_interfaces/hook/ld_library_path_lib.dsv'
[18.076s] INFO:colcon.colcon_core.shell:Creating environment hook '/home/revel34/rscp_communication_LR/rscp_communication_v3/rscp_bridge_ws/install/rscp_mission_interfaces/share/rscp_mission_interfaces/hook/ld_library_path_lib.sh'
[18.078s] Level 1:colcon.colcon_core.environment:checking '/home/revel34/rscp_communication_LR/rscp_communication_v3/rscp_bridge_ws/install/rscp_mission_interfaces/bin'
[18.079s] Level 1:colcon.colcon_core.environment:checking '/home/revel34/rscp_communication_LR/rscp_communication_v3/rscp_bridge_ws/install/rscp_mission_interfaces/lib/pkgconfig/rscp_mission_interfaces.pc'
[18.080s] Level 1:colcon.colcon_core.environment:checking '/home/revel34/rscp_communication_LR/rscp_communication_v3/rscp_bridge_ws/install/rscp_mission_interfaces/lib/python3.10/site-packages'
[18.081s] Level 1:colcon.colcon_core.environment:checking '/home/revel34/rscp_communication_LR/rscp_communication_v3/rscp_bridge_ws/install/rscp_mission_interfaces/bin'
[18.082s] INFO:colcon.colcon_core.shell:Creating package script '/home/revel34/rscp_communication_LR/rscp_communication_v3/rscp_bridge_ws/install/rscp_mission_interfaces/share/rscp_mission_interfaces/package.ps1'
[18.087s] INFO:colcon.colcon_core.shell:Creating package descriptor '/home/revel34/rscp_communication_LR/rscp_communication_v3/rscp_bridge_ws/install/rscp_mission_interfaces/share/rscp_mission_interfaces/package.dsv'
[18.091s] INFO:colcon.colcon_core.shell:Creating package script '/home/revel34/rscp_communication_LR/rscp_communication_v3/rscp_bridge_ws/install/rscp_mission_interfaces/share/rscp_mission_interfaces/package.sh'
[18.093s] INFO:colcon.colcon_core.shell:Creating package script '/home/revel34/rscp_communication_LR/rscp_communication_v3/rscp_bridge_ws/install/rscp_mission_interfaces/share/rscp_mission_interfaces/package.bash'
[18.095s] INFO:colcon.colcon_core.shell:Creating package script '/home/revel34/rscp_communication_LR/rscp_communication_v3/rscp_bridge_ws/install/rscp_mission_interfaces/share/rscp_mission_interfaces/package.zsh'
[18.096s] Level 1:colcon.colcon_core.environment:create_file_with_runtime_dependencies(/home/revel34/rscp_communication_LR/rscp_communication_v3/rscp_bridge_ws/install/rscp_mission_interfaces/share/colcon-core/packages/rscp_mission_interfaces)
[18.097s] INFO:colcon.colcon_ros.task.ament_python.build:Building ROS package in '/home/revel34/rscp_communication_LR/rscp_communication_v3/rscp_bridge_ws/src/rscp_mission_orchestrator' with build type 'ament_python'
[18.098s] Level 1:colcon.colcon_core.shell:create_environment_hook('rscp_mission_orchestrator', 'ament_prefix_path')
[18.099s] INFO:colcon.colcon_core.shell:Creating environment hook '/home/revel34/rscp_communication_LR/rscp_communication_v3/rscp_bridge_ws/install/rscp_mission_orchestrator/share/rscp_mission_orchestrator/hook/ament_prefix_path.ps1'
[18.102s] INFO:colcon.colcon_core.shell:Creating environment descriptor '/home/revel34/rscp_communication_LR/rscp_communication_v3/rscp_bridge_ws/install/rscp_mission_orchestrator/share/rscp_mission_orchestrator/hook/ament_prefix_path.dsv'
[18.104s] INFO:colcon.colcon_core.shell:Creating environment hook '/home/revel34/rscp_communication_LR/rscp_communication_v3/rscp_bridge_ws/install/rscp_mission_orchestrator/share/rscp_mission_orchestrator/hook/ament_prefix_path.sh'
[18.105s] INFO:colcon.colcon_core.shell:Skip shell extension 'powershell' for command environment: Not usable outside of PowerShell
[18.105s] DEBUG:colcon.colcon_core.shell:Skip shell extension 'dsv' for command environment
[18.995s] INFO:colcon.colcon_core.task.python.build:Building Python package in '/home/revel34/rscp_communication_LR/rscp_communication_v3/rscp_bridge_ws/src/rscp_mission_orchestrator'
[18.995s] INFO:colcon.colcon_core.shell:Skip shell extension 'powershell' for command environment: Not usable outside of PowerShell
[18.996s] DEBUG:colcon.colcon_core.shell:Skip shell extension 'dsv' for command environment
[19.833s] DEBUG:colcon.colcon_core.event_handler.log_command:Invoking command in '/home/revel34/rscp_communication_LR/rscp_communication_v3/rscp_bridge_ws/src/rscp_mission_orchestrator': AMENT_PREFIX_PATH=/home/revel34/rscp_communication_LR/rscp_communication_v3/rscp_bridge_ws/install/rscp_mission_interfaces:${AMENT_PREFIX_PATH} CMAKE_PREFIX_PATH=/home/revel34/rscp_communication_LR/rscp_communication_v3/rscp_bridge_ws/install/rscp_mission_interfaces LD_LIBRARY_PATH=/home/revel34/rscp_communication_LR/rscp_communication_v3/rscp_bridge_ws/install/rscp_mission_interfaces/lib:${LD_LIBRARY_PATH} PYTHONPATH=/home/revel34/rscp_communication_LR/rscp_communication_v3/rscp_bridge_ws/build/rscp_mission_orchestrator/prefix_override:/usr/lib/python3/dist-packages/colcon_core/task/python/colcon_distutils_commands:/home/revel34/rscp_communication_LR/rscp_communication_v3/rscp_bridge_ws/install/rscp_mission_orchestrator/lib/python3.10/site-packages:/home/revel34/rscp_communication_LR/rscp_communication_v3/rscp_bridge_ws/install/rscp_mission_interfaces/local/lib/python3.10/dist-packages:${PYTHONPATH} /usr/bin/python3 -W ignore:setup.py install is deprecated -W ignore:easy_install command is deprecated setup.py egg_info --egg-base ../../build/rscp_mission_orchestrator build --build-base /home/revel34/rscp_communication_LR/rscp_communication_v3/rscp_bridge_ws/build/rscp_mission_orchestrator/build install --record /home/revel34/rscp_communication_LR/rscp_communication_v3/rscp_bridge_ws/build/rscp_mission_orchestrator/install.log --single-version-externally-managed install_data
[20.433s] Level 1:colcon.colcon_core.environment:checking '/home/revel34/rscp_communication_LR/rscp_communication_v3/rscp_bridge_ws/install/rscp_mission_orchestrator' for CMake module files
[20.436s] DEBUG:colcon.colcon_core.event_handler.log_command:Invoked command in '/home/revel34/rscp_communication_LR/rscp_communication_v3/rscp_bridge_ws/src/rscp_mission_orchestrator' returned '0': AMENT_PREFIX_PATH=/home/revel34/rscp_communication_LR/rscp_communication_v3/rscp_bridge_ws/install/rscp_mission_interfaces:${AMENT_PREFIX_PATH} CMAKE_PREFIX_PATH=/home/revel34/rscp_communication_LR/rscp_communication_v3/rscp_bridge_ws/install/rscp_mission_interfaces LD_LIBRARY_PATH=/home/revel34/rscp_communication_LR/rscp_communication_v3/rscp_bridge_ws/install/rscp_mission_interfaces/lib:${LD_LIBRARY_PATH} PYTHONPATH=/home/revel34/rscp_communication_LR/rscp_communication_v3/rscp_bridge_ws/build/rscp_mission_orchestrator/prefix_override:/usr/lib/python3/dist-packages/colcon_core/task/python/colcon_distutils_commands:/home/revel34/rscp_communication_LR/rscp_communication_v3/rscp_bridge_ws/install/rscp_mission_orchestrator/lib/python3.10/site-packages:/home/revel34/rscp_communication_LR/rscp_communication_v3/rscp_bridge_ws/install/rscp_mission_interfaces/local/lib/python3.10/dist-packages:${PYTHONPATH} /usr/bin/python3 -W ignore:setup.py install is deprecated -W ignore:easy_install command is deprecated setup.py egg_info --egg-base ../../build/rscp_mission_orchestrator build --build-base /home/revel34/rscp_communication_LR/rscp_communication_v3/rscp_bridge_ws/build/rscp_mission_orchestrator/build install --record /home/revel34/rscp_communication_LR/rscp_communication_v3/rscp_bridge_ws/build/rscp_mission_orchestrator/install.log --single-version-externally-managed install_data
[20.436s] Level 1:colcon.colcon_core.environment:checking '/home/revel34/rscp_communication_LR/rscp_communication_v3/rscp_bridge_ws/install/rscp_mission_orchestrator' for CMake config files
[20.437s] Level 1:colcon.colcon_core.environment:checking '/home/revel34/rscp_communication_LR/rscp_communication_v3/rscp_bridge_ws/install/rscp_mission_orchestrator/lib'
[20.438s] Level 1:colcon.colcon_core.environment:checking '/home/revel34/rscp_communication_LR/rscp_communication_v3/rscp_bridge_ws/install/rscp_mission_orchestrator/bin'
[20.438s] Level 1:colcon.colcon_core.environment:checking '/home/revel34/rscp_communication_LR/rscp_communication_v3/rscp_bridge_ws/install/rscp_mission_orchestrator/lib/pkgconfig/rscp_mission_orchestrator.pc'
[20.439s] Level 1:colcon.colcon_core.environment:checking '/home/revel34/rscp_communication_LR/rscp_communication_v3/rscp_bridge_ws/install/rscp_mission_orchestrator/lib/python3.10/site-packages'
[20.439s] Level 1:colcon.colcon_core.shell:create_environment_hook('rscp_mission_orchestrator', 'pythonpath')
[20.439s] INFO:colcon.colcon_core.shell:Creating environment hook '/home/revel34/rscp_communication_LR/rscp_communication_v3/rscp_bridge_ws/install/rscp_mission_orchestrator/share/rscp_mission_orchestrator/hook/pythonpath.ps1'
[20.440s] INFO:colcon.colcon_core.shell:Creating environment descriptor '/home/revel34/rscp_communication_LR/rscp_communication_v3/rscp_bridge_ws/install/rscp_mission_orchestrator/share/rscp_mission_orchestrator/hook/pythonpath.dsv'
[20.441s] INFO:colcon.colcon_core.shell:Creating environment hook '/home/revel34/rscp_communication_LR/rscp_communication_v3/rscp_bridge_ws/install/rscp_mission_orchestrator/share/rscp_mission_orchestrator/hook/pythonpath.sh'
[20.443s] Level 1:colcon.colcon_core.environment:checking '/home/revel34/rscp_communication_LR/rscp_communication_v3/rscp_bridge_ws/install/rscp_mission_orchestrator/bin'
[20.443s] Level 1:colcon.colcon_core.environment:create_environment_scripts_only(rscp_mission_orchestrator)
[20.444s] INFO:colcon.colcon_core.shell:Creating package script '/home/revel34/rscp_communication_LR/rscp_communication_v3/rscp_bridge_ws/install/rscp_mission_orchestrator/share/rscp_mission_orchestrator/package.ps1'
[20.444s] INFO:colcon.colcon_core.shell:Creating package descriptor '/home/revel34/rscp_communication_LR/rscp_communication_v3/rscp_bridge_ws/install/rscp_mission_orchestrator/share/rscp_mission_orchestrator/package.dsv'
[20.445s] INFO:colcon.colcon_core.shell:Creating package script '/home/revel34/rscp_communication_LR/rscp_communication_v3/rscp_bridge_ws/install/rscp_mission_orchestrator/share/rscp_mission_orchestrator/package.sh'
[20.446s] INFO:colcon.colcon_core.shell:Creating package script '/home/revel34/rscp_communication_LR/rscp_communication_v3/rscp_bridge_ws/install/rscp_mission_orchestrator/share/rscp_mission_orchestrator/package.bash'
[20.447s] INFO:colcon.colcon_core.shell:Creating package script '/home/revel34/rscp_communication_LR/rscp_communication_v3/rscp_bridge_ws/install/rscp_mission_orchestrator/share/rscp_mission_orchestrator/package.zsh'
[20.448s] Level 1:colcon.colcon_core.environment:create_file_with_runtime_dependencies(/home/revel34/rscp_communication_LR/rscp_communication_v3/rscp_bridge_ws/install/rscp_mission_orchestrator/share/colcon-core/packages/rscp_mission_orchestrator)
[20.449s] DEBUG:colcon.colcon_parallel_executor.executor.parallel:closing loop
[20.450s] DEBUG:colcon.colcon_parallel_executor.executor.parallel:loop closed
[20.450s] DEBUG:colcon.colcon_parallel_executor.executor.parallel:run_until_complete finished with '0'
[20.450s] DEBUG:colcon.colcon_core.event_reactor:joining thread
[20.470s] INFO:colcon.colcon_core.plugin_system:Skipping extension 'colcon_notification.desktop_notification.terminal_notifier': Not used on non-Darwin systems
[20.470s] INFO:colcon.colcon_core.plugin_system:Skipping extension 'colcon_notification.desktop_notification.win32': Not used on non-Windows systems
[20.470s] INFO:colcon.colcon_notification.desktop_notification:Sending desktop notification using 'notify2'
[20.522s] DEBUG:colcon.colcon_core.event_reactor:joined thread
[20.523s] INFO:colcon.colcon_core.shell:Creating prefix script '/home/revel34/rscp_communication_LR/rscp_communication_v3/rscp_bridge_ws/install/local_setup.ps1'
[20.526s] INFO:colcon.colcon_core.shell:Creating prefix util module '/home/revel34/rscp_communication_LR/rscp_communication_v3/rscp_bridge_ws/install/_local_setup_util_ps1.py'
[20.530s] INFO:colcon.colcon_core.shell:Creating prefix chain script '/home/revel34/rscp_communication_LR/rscp_communication_v3/rscp_bridge_ws/install/setup.ps1'
[20.533s] INFO:colcon.colcon_core.shell:Creating prefix script '/home/revel34/rscp_communication_LR/rscp_communication_v3/rscp_bridge_ws/install/local_setup.sh'
[20.535s] INFO:colcon.colcon_core.shell:Creating prefix util module '/home/revel34/rscp_communication_LR/rscp_communication_v3/rscp_bridge_ws/install/_local_setup_util_sh.py'
[20.537s] INFO:colcon.colcon_core.shell:Creating prefix chain script '/home/revel34/rscp_communication_LR/rscp_communication_v3/rscp_bridge_ws/install/setup.sh'
[20.539s] INFO:colcon.colcon_core.shell:Creating prefix script '/home/revel34/rscp_communication_LR/rscp_communication_v3/rscp_bridge_ws/install/local_setup.bash'
[20.542s] INFO:colcon.colcon_core.shell:Creating prefix chain script '/home/revel34/rscp_communication_LR/rscp_communication_v3/rscp_bridge_ws/install/setup.bash'
[20.544s] INFO:colcon.colcon_core.shell:Creating prefix script '/home/revel34/rscp_communication_LR/rscp_communication_v3/rscp_bridge_ws/install/local_setup.zsh'
[20.546s] INFO:colcon.colcon_core.shell:Creating prefix chain script '/home/revel34/rscp_communication_LR/rscp_communication_v3/rscp_bridge_ws/install/setup.zsh'
