-- Found ament_cmake: 1.3.11 (/opt/ros/humble/share/ament_cmake/cmake)
-- Found rosidl_default_generators: 1.2.0 (/opt/ros/humble/share/rosidl_default_generators/cmake)
-- Using all available rosidl_typesupport_c: rosidl_typesupport_fastrtps_c;rosidl_typesupport_introspection_c
-- Found rosidl_adapter: 3.1.6 (/opt/ros/humble/share/rosidl_adapter/cmake)
-- Using all available rosidl_typesupport_cpp: rosidl_typesupport_fastrtps_cpp;rosidl_typesupport_introspection_cpp
-- Found ament_cmake_ros: 0.10.0 (/opt/ros/humble/share/ament_cmake_ros/cmake)
-- Using all available rosidl_typesupport_c: rosidl_typesupport_fastrtps_c;rosidl_typesupport_introspection_c
-- Using all available rosidl_typesupport_cpp: rosidl_typesupport_fastrtps_cpp;rosidl_typesupport_introspection_cpp
-- Found python_cmake_module: 0.10.0 (/opt/ros/humble/share/python_cmake_module/cmake)
-- Using PYTHON_EXECUTABLE: /usr/bin/python3
-- Using PYTHON_INCLUDE_DIRS: /usr/include/python3.10
-- Using PYTHON_LIBRARIES: /usr/lib/x86_64-linux-gnu/libpython3.10.so
-- Found ament_lint_auto: 0.12.12 (/opt/ros/humble/share/ament_lint_auto/cmake)
-- Added test 'lint_cmake' to check CMake code style
-- Added test 'xmllint' to check XML markup files
-- Configuring done
-- Generating done
-- Build files have been written to: /home/revel34/rscp_communication_LR/rscp_communication_v3/rscp_bridge_ws/build/rscp_mission_interfaces
[35m[1mConsolidate compiler generated dependencies of target rscp_mission_interfaces__rosidl_generator_c[0m
[  2%] [32mBuilding C object CMakeFiles/rscp_mission_interfaces__rosidl_generator_c.dir/rosidl_generator_c/rscp_mission_interfaces/action/detail/search_area__functions.c.o[0m
[  4%] Built target rscp_mission_interfaces__cpp
[  4%] Built target ament_cmake_python_copy_rscp_mission_interfaces
[  6%] [32mBuilding C object CMakeFiles/rscp_mission_interfaces__rosidl_generator_c.dir/rosidl_generator_c/rscp_mission_interfaces/action/detail/navigate_to_gps__functions.c.o[0m
[  8%] [32mBuilding C object CMakeFiles/rscp_mission_interfaces__rosidl_generator_c.dir/rosidl_generator_c/rscp_mission_interfaces/action/detail/explore__functions.c.o[0m
[35m[1mConsolidate compiler generated dependencies of target rscp_mission_interfaces__rosidl_typesupport_cpp[0m
[ 10%] [32mBuilding CXX object CMakeFiles/rscp_mission_interfaces__rosidl_typesupport_cpp.dir/rosidl_typesupport_cpp/rscp_mission_interfaces/action/search_area__type_support.cpp.o[0m
[ 12%] [32m[1mLinking C shared library librscp_mission_interfaces__rosidl_generator_c.so[0m
[ 14%] Built target rscp_mission_interfaces__rosidl_generator_c
[35m[1mConsolidate compiler generated dependencies of target rscp_mission_interfaces__rosidl_typesupport_fastrtps_cpp[0m
[ 17%] [32mBuilding CXX object CMakeFiles/rscp_mission_interfaces__rosidl_typesupport_fastrtps_cpp.dir/rosidl_typesupport_fastrtps_cpp/rscp_mission_interfaces/action/detail/dds_fastrtps/search_area__type_support.cpp.o[0m
[ 19%] [32mBuilding CXX object CMakeFiles/rscp_mission_interfaces__rosidl_typesupport_cpp.dir/rosidl_typesupport_cpp/rscp_mission_interfaces/action/navigate_to_gps__type_support.cpp.o[0m
[ 21%] [32mBuilding CXX object CMakeFiles/rscp_mission_interfaces__rosidl_typesupport_fastrtps_cpp.dir/rosidl_typesupport_fastrtps_cpp/rscp_mission_interfaces/action/detail/dds_fastrtps/navigate_to_gps__type_support.cpp.o[0m
[ 23%] [32mBuilding CXX object CMakeFiles/rscp_mission_interfaces__rosidl_typesupport_cpp.dir/rosidl_typesupport_cpp/rscp_mission_interfaces/action/explore__type_support.cpp.o[0m
[ 25%] [32mBuilding CXX object CMakeFiles/rscp_mission_interfaces__rosidl_typesupport_fastrtps_cpp.dir/rosidl_typesupport_fastrtps_cpp/rscp_mission_interfaces/action/detail/dds_fastrtps/explore__type_support.cpp.o[0m
[ 27%] [32m[1mLinking CXX shared library librscp_mission_interfaces__rosidl_typesupport_cpp.so[0m
[ 29%] Built target rscp_mission_interfaces__rosidl_typesupport_cpp
[35m[1mConsolidate compiler generated dependencies of target rscp_mission_interfaces__rosidl_typesupport_introspection_cpp[0m
[ 31%] [32mBuilding CXX object CMakeFiles/rscp_mission_interfaces__rosidl_typesupport_introspection_cpp.dir/rosidl_typesupport_introspection_cpp/rscp_mission_interfaces/action/detail/search_area__type_support.cpp.o[0m
[ 34%] [32m[1mLinking CXX shared library librscp_mission_interfaces__rosidl_typesupport_fastrtps_cpp.so[0m
[ 36%] Built target rscp_mission_interfaces__rosidl_typesupport_fastrtps_cpp
[ 38%] [32mBuilding CXX object CMakeFiles/rscp_mission_interfaces__rosidl_typesupport_introspection_cpp.dir/rosidl_typesupport_introspection_cpp/rscp_mission_interfaces/action/detail/navigate_to_gps__type_support.cpp.o[0m
running egg_info
writing rscp_mission_interfaces.egg-info/PKG-INFO
writing dependency_links to rscp_mission_interfaces.egg-info/dependency_links.txt
writing top-level names to rscp_mission_interfaces.egg-info/top_level.txt
reading manifest file 'rscp_mission_interfaces.egg-info/SOURCES.txt'
writing manifest file 'rscp_mission_interfaces.egg-info/SOURCES.txt'
[ 38%] Built target ament_cmake_python_build_rscp_mission_interfaces_egg
[ 40%] [32mBuilding CXX object CMakeFiles/rscp_mission_interfaces__rosidl_typesupport_introspection_cpp.dir/rosidl_typesupport_introspection_cpp/rscp_mission_interfaces/action/detail/explore__type_support.cpp.o[0m
[35m[1mConsolidate compiler generated dependencies of target rscp_mission_interfaces__rosidl_typesupport_fastrtps_c[0m
[ 42%] [32mBuilding CXX object CMakeFiles/rscp_mission_interfaces__rosidl_typesupport_fastrtps_c.dir/rosidl_typesupport_fastrtps_c/rscp_mission_interfaces/action/detail/search_area__type_support_c.cpp.o[0m
[ 44%] [32m[1mLinking CXX shared library librscp_mission_interfaces__rosidl_typesupport_introspection_cpp.so[0m
[ 46%] Built target rscp_mission_interfaces__rosidl_typesupport_introspection_cpp
[ 48%] [32mBuilding CXX object CMakeFiles/rscp_mission_interfaces__rosidl_typesupport_fastrtps_c.dir/rosidl_typesupport_fastrtps_c/rscp_mission_interfaces/action/detail/navigate_to_gps__type_support_c.cpp.o[0m
[35m[1mConsolidate compiler generated dependencies of target rscp_mission_interfaces__rosidl_typesupport_introspection_c[0m
[ 51%] [32mBuilding C object CMakeFiles/rscp_mission_interfaces__rosidl_typesupport_introspection_c.dir/rosidl_typesupport_introspection_c/rscp_mission_interfaces/action/detail/search_area__type_support.c.o[0m
[ 53%] [32mBuilding C object CMakeFiles/rscp_mission_interfaces__rosidl_typesupport_introspection_c.dir/rosidl_typesupport_introspection_c/rscp_mission_interfaces/action/detail/navigate_to_gps__type_support.c.o[0m
[ 55%] [32mBuilding C object CMakeFiles/rscp_mission_interfaces__rosidl_typesupport_introspection_c.dir/rosidl_typesupport_introspection_c/rscp_mission_interfaces/action/detail/explore__type_support.c.o[0m
[ 57%] [32mBuilding CXX object CMakeFiles/rscp_mission_interfaces__rosidl_typesupport_fastrtps_c.dir/rosidl_typesupport_fastrtps_c/rscp_mission_interfaces/action/detail/explore__type_support_c.cpp.o[0m
[ 59%] [32m[1mLinking C shared library librscp_mission_interfaces__rosidl_typesupport_introspection_c.so[0m
[ 61%] Built target rscp_mission_interfaces__rosidl_typesupport_introspection_c
[35m[1mConsolidate compiler generated dependencies of target rscp_mission_interfaces__rosidl_typesupport_c[0m
[ 63%] [32mBuilding CXX object CMakeFiles/rscp_mission_interfaces__rosidl_typesupport_c.dir/rosidl_typesupport_c/rscp_mission_interfaces/action/search_area__type_support.cpp.o[0m
[ 65%] [32mBuilding CXX object CMakeFiles/rscp_mission_interfaces__rosidl_typesupport_c.dir/rosidl_typesupport_c/rscp_mission_interfaces/action/navigate_to_gps__type_support.cpp.o[0m
[ 68%] [32mBuilding CXX object CMakeFiles/rscp_mission_interfaces__rosidl_typesupport_c.dir/rosidl_typesupport_c/rscp_mission_interfaces/action/explore__type_support.cpp.o[0m
[ 70%] [32m[1mLinking CXX shared library librscp_mission_interfaces__rosidl_typesupport_c.so[0m
[ 72%] Built target rscp_mission_interfaces__rosidl_typesupport_c
[ 74%] [32m[1mLinking CXX shared library librscp_mission_interfaces__rosidl_typesupport_fastrtps_c.so[0m
[ 76%] Built target rscp_mission_interfaces__rosidl_typesupport_fastrtps_c
[ 76%] Built target rscp_mission_interfaces
[ 78%] Built target rscp_mission_interfaces__py
[35m[1mConsolidate compiler generated dependencies of target rscp_mission_interfaces__rosidl_generator_py[0m
[ 80%] [32mBuilding C object CMakeFiles/rscp_mission_interfaces__rosidl_generator_py.dir/rosidl_generator_py/rscp_mission_interfaces/action/_navigate_to_gps_s.c.o[0m
[ 82%] [32mBuilding C object CMakeFiles/rscp_mission_interfaces__rosidl_generator_py.dir/rosidl_generator_py/rscp_mission_interfaces/action/_search_area_s.c.o[0m
[ 85%] [32mBuilding C object CMakeFiles/rscp_mission_interfaces__rosidl_generator_py.dir/rosidl_generator_py/rscp_mission_interfaces/action/_explore_s.c.o[0m
[ 87%] [32m[1mLinking C shared library rosidl_generator_py/rscp_mission_interfaces/librscp_mission_interfaces__rosidl_generator_py.so[0m
[ 87%] Built target rscp_mission_interfaces__rosidl_generator_py
[35m[1mConsolidate compiler generated dependencies of target rscp_mission_interfaces__rosidl_typesupport_fastrtps_c__pyext[0m
[35m[1mConsolidate compiler generated dependencies of target rscp_mission_interfaces__rosidl_typesupport_introspection_c__pyext[0m
[ 89%] [32mBuilding C object CMakeFiles/rscp_mission_interfaces__rosidl_typesupport_fastrtps_c__pyext.dir/rosidl_generator_py/rscp_mission_interfaces/_rscp_mission_interfaces_s.ep.rosidl_typesupport_fastrtps_c.c.o[0m
[ 91%] [32mBuilding C object CMakeFiles/rscp_mission_interfaces__rosidl_typesupport_introspection_c__pyext.dir/rosidl_generator_py/rscp_mission_interfaces/_rscp_mission_interfaces_s.ep.rosidl_typesupport_introspection_c.c.o[0m
[ 93%] [32m[1mLinking C shared library rosidl_generator_py/rscp_mission_interfaces/rscp_mission_interfaces_s__rosidl_typesupport_introspection_c.cpython-310-x86_64-linux-gnu.so[0m
[ 95%] [32m[1mLinking C shared library rosidl_generator_py/rscp_mission_interfaces/rscp_mission_interfaces_s__rosidl_typesupport_fastrtps_c.cpython-310-x86_64-linux-gnu.so[0m
[ 95%] Built target rscp_mission_interfaces__rosidl_typesupport_introspection_c__pyext
[35m[1mConsolidate compiler generated dependencies of target rscp_mission_interfaces__rosidl_typesupport_c__pyext[0m
[ 95%] Built target rscp_mission_interfaces__rosidl_typesupport_fastrtps_c__pyext
[ 97%] [32mBuilding C object CMakeFiles/rscp_mission_interfaces__rosidl_typesupport_c__pyext.dir/rosidl_generator_py/rscp_mission_interfaces/_rscp_mission_interfaces_s.ep.rosidl_typesupport_c.c.o[0m
[100%] [32m[1mLinking C shared library rosidl_generator_py/rscp_mission_interfaces/rscp_mission_interfaces_s__rosidl_typesupport_c.cpython-310-x86_64-linux-gnu.so[0m
[100%] Built target rscp_mission_interfaces__rosidl_typesupport_c__pyext
-- Install configuration: ""
-- Up-to-date: /home/revel34/rscp_communication_LR/rscp_communication_v3/rscp_bridge_ws/install/rscp_mission_interfaces/share/ament_index/resource_index/rosidl_interfaces/rscp_mission_interfaces
-- Up-to-date: /home/revel34/rscp_communication_LR/rscp_communication_v3/rscp_bridge_ws/install/rscp_mission_interfaces/include/rscp_mission_interfaces/rscp_mission_interfaces
-- Up-to-date: /home/revel34/rscp_communication_LR/rscp_communication_v3/rscp_bridge_ws/install/rscp_mission_interfaces/include/rscp_mission_interfaces/rscp_mission_interfaces/msg
-- Up-to-date: /home/revel34/rscp_communication_LR/rscp_communication_v3/rscp_bridge_ws/install/rscp_mission_interfaces/include/rscp_mission_interfaces/rscp_mission_interfaces/msg/rosidl_generator_c__visibility_control.h
-- Up-to-date: /home/revel34/rscp_communication_LR/rscp_communication_v3/rscp_bridge_ws/install/rscp_mission_interfaces/include/rscp_mission_interfaces/rscp_mission_interfaces/action
-- Up-to-date: /home/revel34/rscp_communication_LR/rscp_communication_v3/rscp_bridge_ws/install/rscp_mission_interfaces/include/rscp_mission_interfaces/rscp_mission_interfaces/action/navigate_to_gps.h
-- Up-to-date: /home/revel34/rscp_communication_LR/rscp_communication_v3/rscp_bridge_ws/install/rscp_mission_interfaces/include/rscp_mission_interfaces/rscp_mission_interfaces/action/search_area.h
-- Up-to-date: /home/revel34/rscp_communication_LR/rscp_communication_v3/rscp_bridge_ws/install/rscp_mission_interfaces/include/rscp_mission_interfaces/rscp_mission_interfaces/action/detail
-- Installing: /home/revel34/rscp_communication_LR/rscp_communication_v3/rscp_bridge_ws/install/rscp_mission_interfaces/include/rscp_mission_interfaces/rscp_mission_interfaces/action/detail/explore__functions.c
-- Up-to-date: /home/revel34/rscp_communication_LR/rscp_communication_v3/rscp_bridge_ws/install/rscp_mission_interfaces/include/rscp_mission_interfaces/rscp_mission_interfaces/action/detail/search_area__functions.h
-- Installing: /home/revel34/rscp_communication_LR/rscp_communication_v3/rscp_bridge_ws/install/rscp_mission_interfaces/include/rscp_mission_interfaces/rscp_mission_interfaces/action/detail/explore__functions.h
-- Installing: /home/revel34/rscp_communication_LR/rscp_communication_v3/rscp_bridge_ws/install/rscp_mission_interfaces/include/rscp_mission_interfaces/rscp_mission_interfaces/action/detail/explore__struct.h
-- Installing: /home/revel34/rscp_communication_LR/rscp_communication_v3/rscp_bridge_ws/install/rscp_mission_interfaces/include/rscp_mission_interfaces/rscp_mission_interfaces/action/detail/explore__type_support.h
-- Installing: /home/revel34/rscp_communication_LR/rscp_communication_v3/rscp_bridge_ws/install/rscp_mission_interfaces/include/rscp_mission_interfaces/rscp_mission_interfaces/action/detail/search_area__functions.c
-- Installing: /home/revel34/rscp_communication_LR/rscp_communication_v3/rscp_bridge_ws/install/rscp_mission_interfaces/include/rscp_mission_interfaces/rscp_mission_interfaces/action/detail/navigate_to_gps__type_support.h
-- Installing: /home/revel34/rscp_communication_LR/rscp_communication_v3/rscp_bridge_ws/install/rscp_mission_interfaces/include/rscp_mission_interfaces/rscp_mission_interfaces/action/detail/navigate_to_gps__functions.h
-- Up-to-date: /home/revel34/rscp_communication_LR/rscp_communication_v3/rscp_bridge_ws/install/rscp_mission_interfaces/include/rscp_mission_interfaces/rscp_mission_interfaces/action/detail/search_area__struct.h
-- Installing: /home/revel34/rscp_communication_LR/rscp_communication_v3/rscp_bridge_ws/install/rscp_mission_interfaces/include/rscp_mission_interfaces/rscp_mission_interfaces/action/detail/navigate_to_gps__struct.h
-- Installing: /home/revel34/rscp_communication_LR/rscp_communication_v3/rscp_bridge_ws/install/rscp_mission_interfaces/include/rscp_mission_interfaces/rscp_mission_interfaces/action/detail/navigate_to_gps__functions.c
-- Up-to-date: /home/revel34/rscp_communication_LR/rscp_communication_v3/rscp_bridge_ws/install/rscp_mission_interfaces/include/rscp_mission_interfaces/rscp_mission_interfaces/action/detail/search_area__type_support.h
-- Up-to-date: /home/revel34/rscp_communication_LR/rscp_communication_v3/rscp_bridge_ws/install/rscp_mission_interfaces/include/rscp_mission_interfaces/rscp_mission_interfaces/action/explore.h
-- Installing: /home/revel34/rscp_communication_LR/rscp_communication_v3/rscp_bridge_ws/install/rscp_mission_interfaces/share/rscp_mission_interfaces/environment/library_path.sh
-- Installing: /home/revel34/rscp_communication_LR/rscp_communication_v3/rscp_bridge_ws/install/rscp_mission_interfaces/share/rscp_mission_interfaces/environment/library_path.dsv
-- Installing: /home/revel34/rscp_communication_LR/rscp_communication_v3/rscp_bridge_ws/install/rscp_mission_interfaces/lib/librscp_mission_interfaces__rosidl_generator_c.so
-- Set runtime path of "/home/revel34/rscp_communication_LR/rscp_communication_v3/rscp_bridge_ws/install/rscp_mission_interfaces/lib/librscp_mission_interfaces__rosidl_generator_c.so" to ""
-- Up-to-date: /home/revel34/rscp_communication_LR/rscp_communication_v3/rscp_bridge_ws/install/rscp_mission_interfaces/include/rscp_mission_interfaces/rscp_mission_interfaces
-- Up-to-date: /home/revel34/rscp_communication_LR/rscp_communication_v3/rscp_bridge_ws/install/rscp_mission_interfaces/include/rscp_mission_interfaces/rscp_mission_interfaces/msg
-- Up-to-date: /home/revel34/rscp_communication_LR/rscp_communication_v3/rscp_bridge_ws/install/rscp_mission_interfaces/include/rscp_mission_interfaces/rscp_mission_interfaces/msg/rosidl_typesupport_fastrtps_c__visibility_control.h
-- Up-to-date: /home/revel34/rscp_communication_LR/rscp_communication_v3/rscp_bridge_ws/install/rscp_mission_interfaces/include/rscp_mission_interfaces/rscp_mission_interfaces/action
-- Up-to-date: /home/revel34/rscp_communication_LR/rscp_communication_v3/rscp_bridge_ws/install/rscp_mission_interfaces/include/rscp_mission_interfaces/rscp_mission_interfaces/action/detail
-- Up-to-date: /home/revel34/rscp_communication_LR/rscp_communication_v3/rscp_bridge_ws/install/rscp_mission_interfaces/include/rscp_mission_interfaces/rscp_mission_interfaces/action/detail/navigate_to_gps__rosidl_typesupport_fastrtps_c.h
-- Up-to-date: /home/revel34/rscp_communication_LR/rscp_communication_v3/rscp_bridge_ws/install/rscp_mission_interfaces/include/rscp_mission_interfaces/rscp_mission_interfaces/action/detail/search_area__rosidl_typesupport_fastrtps_c.h
-- Installing: /home/revel34/rscp_communication_LR/rscp_communication_v3/rscp_bridge_ws/install/rscp_mission_interfaces/include/rscp_mission_interfaces/rscp_mission_interfaces/action/detail/explore__rosidl_typesupport_fastrtps_c.h
-- Installing: /home/revel34/rscp_communication_LR/rscp_communication_v3/rscp_bridge_ws/install/rscp_mission_interfaces/lib/librscp_mission_interfaces__rosidl_typesupport_fastrtps_c.so
-- Set runtime path of "/home/revel34/rscp_communication_LR/rscp_communication_v3/rscp_bridge_ws/install/rscp_mission_interfaces/lib/librscp_mission_interfaces__rosidl_typesupport_fastrtps_c.so" to ""
-- Up-to-date: /home/revel34/rscp_communication_LR/rscp_communication_v3/rscp_bridge_ws/install/rscp_mission_interfaces/include/rscp_mission_interfaces/rscp_mission_interfaces
-- Up-to-date: /home/revel34/rscp_communication_LR/rscp_communication_v3/rscp_bridge_ws/install/rscp_mission_interfaces/include/rscp_mission_interfaces/rscp_mission_interfaces/msg
-- Up-to-date: /home/revel34/rscp_communication_LR/rscp_communication_v3/rscp_bridge_ws/install/rscp_mission_interfaces/include/rscp_mission_interfaces/rscp_mission_interfaces/msg/rosidl_typesupport_introspection_c__visibility_control.h
-- Up-to-date: /home/revel34/rscp_communication_LR/rscp_communication_v3/rscp_bridge_ws/install/rscp_mission_interfaces/include/rscp_mission_interfaces/rscp_mission_interfaces/action
-- Up-to-date: /home/revel34/rscp_communication_LR/rscp_communication_v3/rscp_bridge_ws/install/rscp_mission_interfaces/include/rscp_mission_interfaces/rscp_mission_interfaces/action/detail
-- Up-to-date: /home/revel34/rscp_communication_LR/rscp_communication_v3/rscp_bridge_ws/install/rscp_mission_interfaces/include/rscp_mission_interfaces/rscp_mission_interfaces/action/detail/navigate_to_gps__rosidl_typesupport_introspection_c.h
-- Up-to-date: /home/revel34/rscp_communication_LR/rscp_communication_v3/rscp_bridge_ws/install/rscp_mission_interfaces/include/rscp_mission_interfaces/rscp_mission_interfaces/action/detail/navigate_to_gps__type_support.c
-- Up-to-date: /home/revel34/rscp_communication_LR/rscp_communication_v3/rscp_bridge_ws/install/rscp_mission_interfaces/include/rscp_mission_interfaces/rscp_mission_interfaces/action/detail/search_area__rosidl_typesupport_introspection_c.h
-- Installing: /home/revel34/rscp_communication_LR/rscp_communication_v3/rscp_bridge_ws/install/rscp_mission_interfaces/include/rscp_mission_interfaces/rscp_mission_interfaces/action/detail/explore__rosidl_typesupport_introspection_c.h
-- Up-to-date: /home/revel34/rscp_communication_LR/rscp_communication_v3/rscp_bridge_ws/install/rscp_mission_interfaces/include/rscp_mission_interfaces/rscp_mission_interfaces/action/detail/explore__type_support.c
-- Up-to-date: /home/revel34/rscp_communication_LR/rscp_communication_v3/rscp_bridge_ws/install/rscp_mission_interfaces/include/rscp_mission_interfaces/rscp_mission_interfaces/action/detail/search_area__type_support.c
-- Installing: /home/revel34/rscp_communication_LR/rscp_communication_v3/rscp_bridge_ws/install/rscp_mission_interfaces/lib/librscp_mission_interfaces__rosidl_typesupport_introspection_c.so
-- Set runtime path of "/home/revel34/rscp_communication_LR/rscp_communication_v3/rscp_bridge_ws/install/rscp_mission_interfaces/lib/librscp_mission_interfaces__rosidl_typesupport_introspection_c.so" to ""
-- Installing: /home/revel34/rscp_communication_LR/rscp_communication_v3/rscp_bridge_ws/install/rscp_mission_interfaces/lib/librscp_mission_interfaces__rosidl_typesupport_c.so
-- Set runtime path of "/home/revel34/rscp_communication_LR/rscp_communication_v3/rscp_bridge_ws/install/rscp_mission_interfaces/lib/librscp_mission_interfaces__rosidl_typesupport_c.so" to ""
-- Up-to-date: /home/revel34/rscp_communication_LR/rscp_communication_v3/rscp_bridge_ws/install/rscp_mission_interfaces/include/rscp_mission_interfaces/rscp_mission_interfaces
-- Up-to-date: /home/revel34/rscp_communication_LR/rscp_communication_v3/rscp_bridge_ws/install/rscp_mission_interfaces/include/rscp_mission_interfaces/rscp_mission_interfaces/msg
-- Up-to-date: /home/revel34/rscp_communication_LR/rscp_communication_v3/rscp_bridge_ws/install/rscp_mission_interfaces/include/rscp_mission_interfaces/rscp_mission_interfaces/msg/rosidl_generator_cpp__visibility_control.hpp
-- Up-to-date: /home/revel34/rscp_communication_LR/rscp_communication_v3/rscp_bridge_ws/install/rscp_mission_interfaces/include/rscp_mission_interfaces/rscp_mission_interfaces/action
-- Up-to-date: /home/revel34/rscp_communication_LR/rscp_communication_v3/rscp_bridge_ws/install/rscp_mission_interfaces/include/rscp_mission_interfaces/rscp_mission_interfaces/action/detail
-- Installing: /home/revel34/rscp_communication_LR/rscp_communication_v3/rscp_bridge_ws/install/rscp_mission_interfaces/include/rscp_mission_interfaces/rscp_mission_interfaces/action/detail/navigate_to_gps__type_support.hpp
-- Installing: /home/revel34/rscp_communication_LR/rscp_communication_v3/rscp_bridge_ws/install/rscp_mission_interfaces/include/rscp_mission_interfaces/rscp_mission_interfaces/action/detail/navigate_to_gps__struct.hpp
-- Installing: /home/revel34/rscp_communication_LR/rscp_communication_v3/rscp_bridge_ws/install/rscp_mission_interfaces/include/rscp_mission_interfaces/rscp_mission_interfaces/action/detail/navigate_to_gps__traits.hpp
-- Installing: /home/revel34/rscp_communication_LR/rscp_communication_v3/rscp_bridge_ws/install/rscp_mission_interfaces/include/rscp_mission_interfaces/rscp_mission_interfaces/action/detail/search_area__type_support.hpp
-- Installing: /home/revel34/rscp_communication_LR/rscp_communication_v3/rscp_bridge_ws/install/rscp_mission_interfaces/include/rscp_mission_interfaces/rscp_mission_interfaces/action/detail/search_area__struct.hpp
-- Installing: /home/revel34/rscp_communication_LR/rscp_communication_v3/rscp_bridge_ws/install/rscp_mission_interfaces/include/rscp_mission_interfaces/rscp_mission_interfaces/action/detail/explore__builder.hpp
-- Installing: /home/revel34/rscp_communication_LR/rscp_communication_v3/rscp_bridge_ws/install/rscp_mission_interfaces/include/rscp_mission_interfaces/rscp_mission_interfaces/action/detail/search_area__builder.hpp
-- Installing: /home/revel34/rscp_communication_LR/rscp_communication_v3/rscp_bridge_ws/install/rscp_mission_interfaces/include/rscp_mission_interfaces/rscp_mission_interfaces/action/detail/navigate_to_gps__builder.hpp
-- Installing: /home/revel34/rscp_communication_LR/rscp_communication_v3/rscp_bridge_ws/install/rscp_mission_interfaces/include/rscp_mission_interfaces/rscp_mission_interfaces/action/detail/search_area__traits.hpp
-- Installing: /home/revel34/rscp_communication_LR/rscp_communication_v3/rscp_bridge_ws/install/rscp_mission_interfaces/include/rscp_mission_interfaces/rscp_mission_interfaces/action/detail/explore__struct.hpp
-- Installing: /home/revel34/rscp_communication_LR/rscp_communication_v3/rscp_bridge_ws/install/rscp_mission_interfaces/include/rscp_mission_interfaces/rscp_mission_interfaces/action/detail/explore__traits.hpp
-- Installing: /home/revel34/rscp_communication_LR/rscp_communication_v3/rscp_bridge_ws/install/rscp_mission_interfaces/include/rscp_mission_interfaces/rscp_mission_interfaces/action/detail/explore__type_support.hpp
-- Up-to-date: /home/revel34/rscp_communication_LR/rscp_communication_v3/rscp_bridge_ws/install/rscp_mission_interfaces/include/rscp_mission_interfaces/rscp_mission_interfaces/action/search_area.hpp
-- Installing: /home/revel34/rscp_communication_LR/rscp_communication_v3/rscp_bridge_ws/install/rscp_mission_interfaces/include/rscp_mission_interfaces/rscp_mission_interfaces/action/explore.hpp
-- Up-to-date: /home/revel34/rscp_communication_LR/rscp_communication_v3/rscp_bridge_ws/install/rscp_mission_interfaces/include/rscp_mission_interfaces/rscp_mission_interfaces/action/navigate_to_gps.hpp
-- Up-to-date: /home/revel34/rscp_communication_LR/rscp_communication_v3/rscp_bridge_ws/install/rscp_mission_interfaces/include/rscp_mission_interfaces/rscp_mission_interfaces
-- Up-to-date: /home/revel34/rscp_communication_LR/rscp_communication_v3/rscp_bridge_ws/install/rscp_mission_interfaces/include/rscp_mission_interfaces/rscp_mission_interfaces/msg
-- Up-to-date: /home/revel34/rscp_communication_LR/rscp_communication_v3/rscp_bridge_ws/install/rscp_mission_interfaces/include/rscp_mission_interfaces/rscp_mission_interfaces/msg/rosidl_typesupport_fastrtps_cpp__visibility_control.h
-- Up-to-date: /home/revel34/rscp_communication_LR/rscp_communication_v3/rscp_bridge_ws/install/rscp_mission_interfaces/include/rscp_mission_interfaces/rscp_mission_interfaces/action
-- Up-to-date: /home/revel34/rscp_communication_LR/rscp_communication_v3/rscp_bridge_ws/install/rscp_mission_interfaces/include/rscp_mission_interfaces/rscp_mission_interfaces/action/detail
-- Up-to-date: /home/revel34/rscp_communication_LR/rscp_communication_v3/rscp_bridge_ws/install/rscp_mission_interfaces/include/rscp_mission_interfaces/rscp_mission_interfaces/action/detail/navigate_to_gps__rosidl_typesupport_fastrtps_cpp.hpp
-- Installing: /home/revel34/rscp_communication_LR/rscp_communication_v3/rscp_bridge_ws/install/rscp_mission_interfaces/include/rscp_mission_interfaces/rscp_mission_interfaces/action/detail/dds_fastrtps
-- Up-to-date: /home/revel34/rscp_communication_LR/rscp_communication_v3/rscp_bridge_ws/install/rscp_mission_interfaces/include/rscp_mission_interfaces/rscp_mission_interfaces/action/detail/search_area__rosidl_typesupport_fastrtps_cpp.hpp
-- Up-to-date: /home/revel34/rscp_communication_LR/rscp_communication_v3/rscp_bridge_ws/install/rscp_mission_interfaces/include/rscp_mission_interfaces/rscp_mission_interfaces/action/detail/explore__rosidl_typesupport_fastrtps_cpp.hpp
-- Installing: /home/revel34/rscp_communication_LR/rscp_communication_v3/rscp_bridge_ws/install/rscp_mission_interfaces/lib/librscp_mission_interfaces__rosidl_typesupport_fastrtps_cpp.so
-- Set runtime path of "/home/revel34/rscp_communication_LR/rscp_communication_v3/rscp_bridge_ws/install/rscp_mission_interfaces/lib/librscp_mission_interfaces__rosidl_typesupport_fastrtps_cpp.so" to ""
-- Up-to-date: /home/revel34/rscp_communication_LR/rscp_communication_v3/rscp_bridge_ws/install/rscp_mission_interfaces/include/rscp_mission_interfaces/rscp_mission_interfaces
-- Up-to-date: /home/revel34/rscp_communication_LR/rscp_communication_v3/rscp_bridge_ws/install/rscp_mission_interfaces/include/rscp_mission_interfaces/rscp_mission_interfaces/action
-- Up-to-date: /home/revel34/rscp_communication_LR/rscp_communication_v3/rscp_bridge_ws/install/rscp_mission_interfaces/include/rscp_mission_interfaces/rscp_mission_interfaces/action/detail
-- Up-to-date: /home/revel34/rscp_communication_LR/rscp_communication_v3/rscp_bridge_ws/install/rscp_mission_interfaces/include/rscp_mission_interfaces/rscp_mission_interfaces/action/detail/navigate_to_gps__rosidl_typesupport_introspection_cpp.hpp
-- Up-to-date: /home/revel34/rscp_communication_LR/rscp_communication_v3/rscp_bridge_ws/install/rscp_mission_interfaces/include/rscp_mission_interfaces/rscp_mission_interfaces/action/detail/explore__rosidl_typesupport_introspection_cpp.hpp
-- Up-to-date: /home/revel34/rscp_communication_LR/rscp_communication_v3/rscp_bridge_ws/install/rscp_mission_interfaces/include/rscp_mission_interfaces/rscp_mission_interfaces/action/detail/explore__type_support.cpp
-- Up-to-date: /home/revel34/rscp_communication_LR/rscp_communication_v3/rscp_bridge_ws/install/rscp_mission_interfaces/include/rscp_mission_interfaces/rscp_mission_interfaces/action/detail/search_area__type_support.cpp
-- Up-to-date: /home/revel34/rscp_communication_LR/rscp_communication_v3/rscp_bridge_ws/install/rscp_mission_interfaces/include/rscp_mission_interfaces/rscp_mission_interfaces/action/detail/search_area__rosidl_typesupport_introspection_cpp.hpp
-- Up-to-date: /home/revel34/rscp_communication_LR/rscp_communication_v3/rscp_bridge_ws/install/rscp_mission_interfaces/include/rscp_mission_interfaces/rscp_mission_interfaces/action/detail/navigate_to_gps__type_support.cpp
-- Installing: /home/revel34/rscp_communication_LR/rscp_communication_v3/rscp_bridge_ws/install/rscp_mission_interfaces/lib/librscp_mission_interfaces__rosidl_typesupport_introspection_cpp.so
-- Set runtime path of "/home/revel34/rscp_communication_LR/rscp_communication_v3/rscp_bridge_ws/install/rscp_mission_interfaces/lib/librscp_mission_interfaces__rosidl_typesupport_introspection_cpp.so" to ""
-- Installing: /home/revel34/rscp_communication_LR/rscp_communication_v3/rscp_bridge_ws/install/rscp_mission_interfaces/lib/librscp_mission_interfaces__rosidl_typesupport_cpp.so
-- Set runtime path of "/home/revel34/rscp_communication_LR/rscp_communication_v3/rscp_bridge_ws/install/rscp_mission_interfaces/lib/librscp_mission_interfaces__rosidl_typesupport_cpp.so" to ""
-- Up-to-date: /home/revel34/rscp_communication_LR/rscp_communication_v3/rscp_bridge_ws/install/rscp_mission_interfaces/share/rscp_mission_interfaces/environment/pythonpath.sh
-- Installing: /home/revel34/rscp_communication_LR/rscp_communication_v3/rscp_bridge_ws/install/rscp_mission_interfaces/share/rscp_mission_interfaces/environment/pythonpath.dsv
-- Up-to-date: /home/revel34/rscp_communication_LR/rscp_communication_v3/rscp_bridge_ws/install/rscp_mission_interfaces/local/lib/python3.10/dist-packages/rscp_mission_interfaces-0.0.0-py3.10.egg-info
-- Installing: /home/revel34/rscp_communication_LR/rscp_communication_v3/rscp_bridge_ws/install/rscp_mission_interfaces/local/lib/python3.10/dist-packages/rscp_mission_interfaces-0.0.0-py3.10.egg-info/dependency_links.txt
-- Installing: /home/revel34/rscp_communication_LR/rscp_communication_v3/rscp_bridge_ws/install/rscp_mission_interfaces/local/lib/python3.10/dist-packages/rscp_mission_interfaces-0.0.0-py3.10.egg-info/PKG-INFO
-- Installing: /home/revel34/rscp_communication_LR/rscp_communication_v3/rscp_bridge_ws/install/rscp_mission_interfaces/local/lib/python3.10/dist-packages/rscp_mission_interfaces-0.0.0-py3.10.egg-info/SOURCES.txt
-- Installing: /home/revel34/rscp_communication_LR/rscp_communication_v3/rscp_bridge_ws/install/rscp_mission_interfaces/local/lib/python3.10/dist-packages/rscp_mission_interfaces-0.0.0-py3.10.egg-info/top_level.txt
-- Up-to-date: /home/revel34/rscp_communication_LR/rscp_communication_v3/rscp_bridge_ws/install/rscp_mission_interfaces/local/lib/python3.10/dist-packages/rscp_mission_interfaces
-- Up-to-date: /home/revel34/rscp_communication_LR/rscp_communication_v3/rscp_bridge_ws/install/rscp_mission_interfaces/local/lib/python3.10/dist-packages/rscp_mission_interfaces/_rscp_mission_interfaces_s.ep.rosidl_typesupport_fastrtps_c.c
-- Up-to-date: /home/revel34/rscp_communication_LR/rscp_communication_v3/rscp_bridge_ws/install/rscp_mission_interfaces/local/lib/python3.10/dist-packages/rscp_mission_interfaces/_rscp_mission_interfaces_s.ep.rosidl_typesupport_introspection_c.c
-- Installing: /home/revel34/rscp_communication_LR/rscp_communication_v3/rscp_bridge_ws/install/rscp_mission_interfaces/local/lib/python3.10/dist-packages/rscp_mission_interfaces/rscp_mission_interfaces_s__rosidl_typesupport_c.cpython-310-x86_64-linux-gnu.so
-- Up-to-date: /home/revel34/rscp_communication_LR/rscp_communication_v3/rscp_bridge_ws/install/rscp_mission_interfaces/local/lib/python3.10/dist-packages/rscp_mission_interfaces/_rscp_mission_interfaces_s.ep.rosidl_typesupport_c.c
-- Installing: /home/revel34/rscp_communication_LR/rscp_communication_v3/rscp_bridge_ws/install/rscp_mission_interfaces/local/lib/python3.10/dist-packages/rscp_mission_interfaces/rscp_mission_interfaces_s__rosidl_typesupport_fastrtps_c.cpython-310-x86_64-linux-gnu.so
-- Installing: /home/revel34/rscp_communication_LR/rscp_communication_v3/rscp_bridge_ws/install/rscp_mission_interfaces/local/lib/python3.10/dist-packages/rscp_mission_interfaces/rscp_mission_interfaces_s__rosidl_typesupport_introspection_c.cpython-310-x86_64-linux-gnu.so
-- Installing: /home/revel34/rscp_communication_LR/rscp_communication_v3/rscp_bridge_ws/install/rscp_mission_interfaces/local/lib/python3.10/dist-packages/rscp_mission_interfaces/librscp_mission_interfaces__rosidl_generator_py.so
-- Up-to-date: /home/revel34/rscp_communication_LR/rscp_communication_v3/rscp_bridge_ws/install/rscp_mission_interfaces/local/lib/python3.10/dist-packages/rscp_mission_interfaces/action
-- Up-to-date: /home/revel34/rscp_communication_LR/rscp_communication_v3/rscp_bridge_ws/install/rscp_mission_interfaces/local/lib/python3.10/dist-packages/rscp_mission_interfaces/action/_navigate_to_gps.py
-- Up-to-date: /home/revel34/rscp_communication_LR/rscp_communication_v3/rscp_bridge_ws/install/rscp_mission_interfaces/local/lib/python3.10/dist-packages/rscp_mission_interfaces/action/_navigate_to_gps_s.c
-- Up-to-date: /home/revel34/rscp_communication_LR/rscp_communication_v3/rscp_bridge_ws/install/rscp_mission_interfaces/local/lib/python3.10/dist-packages/rscp_mission_interfaces/action/_explore_s.c
-- Up-to-date: /home/revel34/rscp_communication_LR/rscp_communication_v3/rscp_bridge_ws/install/rscp_mission_interfaces/local/lib/python3.10/dist-packages/rscp_mission_interfaces/action/_search_area_s.c
-- Up-to-date: /home/revel34/rscp_communication_LR/rscp_communication_v3/rscp_bridge_ws/install/rscp_mission_interfaces/local/lib/python3.10/dist-packages/rscp_mission_interfaces/action/_search_area.py
-- Up-to-date: /home/revel34/rscp_communication_LR/rscp_communication_v3/rscp_bridge_ws/install/rscp_mission_interfaces/local/lib/python3.10/dist-packages/rscp_mission_interfaces/action/__init__.py
-- Up-to-date: /home/revel34/rscp_communication_LR/rscp_communication_v3/rscp_bridge_ws/install/rscp_mission_interfaces/local/lib/python3.10/dist-packages/rscp_mission_interfaces/action/_explore.py
-- Installing: /home/revel34/rscp_communication_LR/rscp_communication_v3/rscp_bridge_ws/install/rscp_mission_interfaces/local/lib/python3.10/dist-packages/rscp_mission_interfaces/__init__.py
Listing '/home/revel34/rscp_communication_LR/rscp_communication_v3/rscp_bridge_ws/install/rscp_mission_interfaces/local/lib/python3.10/dist-packages/rscp_mission_interfaces'...
Compiling '/home/revel34/rscp_communication_LR/rscp_communication_v3/rscp_bridge_ws/install/rscp_mission_interfaces/local/lib/python3.10/dist-packages/rscp_mission_interfaces/__init__.py'...
Listing '/home/revel34/rscp_communication_LR/rscp_communication_v3/rscp_bridge_ws/install/rscp_mission_interfaces/local/lib/python3.10/dist-packages/rscp_mission_interfaces/action'...
Compiling '/home/revel34/rscp_communication_LR/rscp_communication_v3/rscp_bridge_ws/install/rscp_mission_interfaces/local/lib/python3.10/dist-packages/rscp_mission_interfaces/action/__init__.py'...
Compiling '/home/revel34/rscp_communication_LR/rscp_communication_v3/rscp_bridge_ws/install/rscp_mission_interfaces/local/lib/python3.10/dist-packages/rscp_mission_interfaces/action/_explore.py'...
Compiling '/home/revel34/rscp_communication_LR/rscp_communication_v3/rscp_bridge_ws/install/rscp_mission_interfaces/local/lib/python3.10/dist-packages/rscp_mission_interfaces/action/_navigate_to_gps.py'...
Compiling '/home/revel34/rscp_communication_LR/rscp_communication_v3/rscp_bridge_ws/install/rscp_mission_interfaces/local/lib/python3.10/dist-packages/rscp_mission_interfaces/action/_search_area.py'...
-- Installing: /home/revel34/rscp_communication_LR/rscp_communication_v3/rscp_bridge_ws/install/rscp_mission_interfaces/local/lib/python3.10/dist-packages/rscp_mission_interfaces/rscp_mission_interfaces_s__rosidl_typesupport_fastrtps_c.cpython-310-x86_64-linux-gnu.so
-- Set runtime path of "/home/revel34/rscp_communication_LR/rscp_communication_v3/rscp_bridge_ws/install/rscp_mission_interfaces/local/lib/python3.10/dist-packages/rscp_mission_interfaces/rscp_mission_interfaces_s__rosidl_typesupport_fastrtps_c.cpython-310-x86_64-linux-gnu.so" to ""
-- Installing: /home/revel34/rscp_communication_LR/rscp_communication_v3/rscp_bridge_ws/install/rscp_mission_interfaces/local/lib/python3.10/dist-packages/rscp_mission_interfaces/rscp_mission_interfaces_s__rosidl_typesupport_introspection_c.cpython-310-x86_64-linux-gnu.so
-- Set runtime path of "/home/revel34/rscp_communication_LR/rscp_communication_v3/rscp_bridge_ws/install/rscp_mission_interfaces/local/lib/python3.10/dist-packages/rscp_mission_interfaces/rscp_mission_interfaces_s__rosidl_typesupport_introspection_c.cpython-310-x86_64-linux-gnu.so" to ""
-- Installing: /home/revel34/rscp_communication_LR/rscp_communication_v3/rscp_bridge_ws/install/rscp_mission_interfaces/local/lib/python3.10/dist-packages/rscp_mission_interfaces/rscp_mission_interfaces_s__rosidl_typesupport_c.cpython-310-x86_64-linux-gnu.so
-- Set runtime path of "/home/revel34/rscp_communication_LR/rscp_communication_v3/rscp_bridge_ws/install/rscp_mission_interfaces/local/lib/python3.10/dist-packages/rscp_mission_interfaces/rscp_mission_interfaces_s__rosidl_typesupport_c.cpython-310-x86_64-linux-gnu.so" to ""
-- Installing: /home/revel34/rscp_communication_LR/rscp_communication_v3/rscp_bridge_ws/install/rscp_mission_interfaces/lib/librscp_mission_interfaces__rosidl_generator_py.so
-- Set runtime path of "/home/revel34/rscp_communication_LR/rscp_communication_v3/rscp_bridge_ws/install/rscp_mission_interfaces/lib/librscp_mission_interfaces__rosidl_generator_py.so" to ""
-- Up-to-date: /home/revel34/rscp_communication_LR/rscp_communication_v3/rscp_bridge_ws/install/rscp_mission_interfaces/share/rscp_mission_interfaces/action/SearchArea.idl
-- Up-to-date: /home/revel34/rscp_communication_LR/rscp_communication_v3/rscp_bridge_ws/install/rscp_mission_interfaces/share/rscp_mission_interfaces/action/NavigateToGPS.idl
-- Up-to-date: /home/revel34/rscp_communication_LR/rscp_communication_v3/rscp_bridge_ws/install/rscp_mission_interfaces/share/rscp_mission_interfaces/action/Explore.idl
-- Up-to-date: /home/revel34/rscp_communication_LR/rscp_communication_v3/rscp_bridge_ws/install/rscp_mission_interfaces/share/rscp_mission_interfaces/action/SearchArea.action
-- Up-to-date: /home/revel34/rscp_communication_LR/rscp_communication_v3/rscp_bridge_ws/install/rscp_mission_interfaces/share/rscp_mission_interfaces/action/NavigateToGPS.action
-- Up-to-date: /home/revel34/rscp_communication_LR/rscp_communication_v3/rscp_bridge_ws/install/rscp_mission_interfaces/share/rscp_mission_interfaces/action/Explore.action
-- Up-to-date: /home/revel34/rscp_communication_LR/rscp_communication_v3/rscp_bridge_ws/install/rscp_mission_interfaces/share/ament_index/resource_index/package_run_dependencies/rscp_mission_interfaces
-- Up-to-date: /home/revel34/rscp_communication_LR/rscp_communication_v3/rscp_bridge_ws/install/rscp_mission_interfaces/share/ament_index/resource_index/parent_prefix_path/rscp_mission_interfaces
-- Installing: /home/revel34/rscp_communication_LR/rscp_communication_v3/rscp_bridge_ws/install/rscp_mission_interfaces/share/rscp_mission_interfaces/environment/ament_prefix_path.sh
-- Installing: /home/revel34/rscp_communication_LR/rscp_communication_v3/rscp_bridge_ws/install/rscp_mission_interfaces/share/rscp_mission_interfaces/environment/ament_prefix_path.dsv
-- Installing: /home/revel34/rscp_communication_LR/rscp_communication_v3/rscp_bridge_ws/install/rscp_mission_interfaces/share/rscp_mission_interfaces/environment/path.sh
-- Installing: /home/revel34/rscp_communication_LR/rscp_communication_v3/rscp_bridge_ws/install/rscp_mission_interfaces/share/rscp_mission_interfaces/environment/path.dsv
-- Up-to-date: /home/revel34/rscp_communication_LR/rscp_communication_v3/rscp_bridge_ws/install/rscp_mission_interfaces/share/rscp_mission_interfaces/local_setup.bash
-- Up-to-date: /home/revel34/rscp_communication_LR/rscp_communication_v3/rscp_bridge_ws/install/rscp_mission_interfaces/share/rscp_mission_interfaces/local_setup.sh
-- Up-to-date: /home/revel34/rscp_communication_LR/rscp_communication_v3/rscp_bridge_ws/install/rscp_mission_interfaces/share/rscp_mission_interfaces/local_setup.zsh
-- Installing: /home/revel34/rscp_communication_LR/rscp_communication_v3/rscp_bridge_ws/install/rscp_mission_interfaces/share/rscp_mission_interfaces/local_setup.dsv
-- Installing: /home/revel34/rscp_communication_LR/rscp_communication_v3/rscp_bridge_ws/install/rscp_mission_interfaces/share/rscp_mission_interfaces/package.dsv
-- Up-to-date: /home/revel34/rscp_communication_LR/rscp_communication_v3/rscp_bridge_ws/install/rscp_mission_interfaces/share/ament_index/resource_index/packages/rscp_mission_interfaces
-- Up-to-date: /home/revel34/rscp_communication_LR/rscp_communication_v3/rscp_bridge_ws/install/rscp_mission_interfaces/share/rscp_mission_interfaces/cmake/export_rscp_mission_interfaces__rosidl_generator_cExport.cmake
-- Up-to-date: /home/revel34/rscp_communication_LR/rscp_communication_v3/rscp_bridge_ws/install/rscp_mission_interfaces/share/rscp_mission_interfaces/cmake/export_rscp_mission_interfaces__rosidl_generator_cExport-noconfig.cmake
-- Up-to-date: /home/revel34/rscp_communication_LR/rscp_communication_v3/rscp_bridge_ws/install/rscp_mission_interfaces/share/rscp_mission_interfaces/cmake/export_rscp_mission_interfaces__rosidl_typesupport_fastrtps_cExport.cmake
-- Up-to-date: /home/revel34/rscp_communication_LR/rscp_communication_v3/rscp_bridge_ws/install/rscp_mission_interfaces/share/rscp_mission_interfaces/cmake/export_rscp_mission_interfaces__rosidl_typesupport_fastrtps_cExport-noconfig.cmake
-- Up-to-date: /home/revel34/rscp_communication_LR/rscp_communication_v3/rscp_bridge_ws/install/rscp_mission_interfaces/share/rscp_mission_interfaces/cmake/rscp_mission_interfaces__rosidl_typesupport_introspection_cExport.cmake
-- Up-to-date: /home/revel34/rscp_communication_LR/rscp_communication_v3/rscp_bridge_ws/install/rscp_mission_interfaces/share/rscp_mission_interfaces/cmake/rscp_mission_interfaces__rosidl_typesupport_introspection_cExport-noconfig.cmake
-- Up-to-date: /home/revel34/rscp_communication_LR/rscp_communication_v3/rscp_bridge_ws/install/rscp_mission_interfaces/share/rscp_mission_interfaces/cmake/rscp_mission_interfaces__rosidl_typesupport_cExport.cmake
-- Up-to-date: /home/revel34/rscp_communication_LR/rscp_communication_v3/rscp_bridge_ws/install/rscp_mission_interfaces/share/rscp_mission_interfaces/cmake/rscp_mission_interfaces__rosidl_typesupport_cExport-noconfig.cmake
-- Up-to-date: /home/revel34/rscp_communication_LR/rscp_communication_v3/rscp_bridge_ws/install/rscp_mission_interfaces/share/rscp_mission_interfaces/cmake/export_rscp_mission_interfaces__rosidl_generator_cppExport.cmake
-- Up-to-date: /home/revel34/rscp_communication_LR/rscp_communication_v3/rscp_bridge_ws/install/rscp_mission_interfaces/share/rscp_mission_interfaces/cmake/export_rscp_mission_interfaces__rosidl_typesupport_fastrtps_cppExport.cmake
-- Up-to-date: /home/revel34/rscp_communication_LR/rscp_communication_v3/rscp_bridge_ws/install/rscp_mission_interfaces/share/rscp_mission_interfaces/cmake/export_rscp_mission_interfaces__rosidl_typesupport_fastrtps_cppExport-noconfig.cmake
-- Up-to-date: /home/revel34/rscp_communication_LR/rscp_communication_v3/rscp_bridge_ws/install/rscp_mission_interfaces/share/rscp_mission_interfaces/cmake/rscp_mission_interfaces__rosidl_typesupport_introspection_cppExport.cmake
-- Up-to-date: /home/revel34/rscp_communication_LR/rscp_communication_v3/rscp_bridge_ws/install/rscp_mission_interfaces/share/rscp_mission_interfaces/cmake/rscp_mission_interfaces__rosidl_typesupport_introspection_cppExport-noconfig.cmake
-- Up-to-date: /home/revel34/rscp_communication_LR/rscp_communication_v3/rscp_bridge_ws/install/rscp_mission_interfaces/share/rscp_mission_interfaces/cmake/rscp_mission_interfaces__rosidl_typesupport_cppExport.cmake
-- Up-to-date: /home/revel34/rscp_communication_LR/rscp_communication_v3/rscp_bridge_ws/install/rscp_mission_interfaces/share/rscp_mission_interfaces/cmake/rscp_mission_interfaces__rosidl_typesupport_cppExport-noconfig.cmake
-- Up-to-date: /home/revel34/rscp_communication_LR/rscp_communication_v3/rscp_bridge_ws/install/rscp_mission_interfaces/share/rscp_mission_interfaces/cmake/export_rscp_mission_interfaces__rosidl_generator_pyExport.cmake
-- Up-to-date: /home/revel34/rscp_communication_LR/rscp_communication_v3/rscp_bridge_ws/install/rscp_mission_interfaces/share/rscp_mission_interfaces/cmake/export_rscp_mission_interfaces__rosidl_generator_pyExport-noconfig.cmake
-- Up-to-date: /home/revel34/rscp_communication_LR/rscp_communication_v3/rscp_bridge_ws/install/rscp_mission_interfaces/share/rscp_mission_interfaces/cmake/rosidl_cmake-extras.cmake
-- Up-to-date: /home/revel34/rscp_communication_LR/rscp_communication_v3/rscp_bridge_ws/install/rscp_mission_interfaces/share/rscp_mission_interfaces/cmake/ament_cmake_export_dependencies-extras.cmake
-- Up-to-date: /home/revel34/rscp_communication_LR/rscp_communication_v3/rscp_bridge_ws/install/rscp_mission_interfaces/share/rscp_mission_interfaces/cmake/ament_cmake_export_include_directories-extras.cmake
-- Up-to-date: /home/revel34/rscp_communication_LR/rscp_communication_v3/rscp_bridge_ws/install/rscp_mission_interfaces/share/rscp_mission_interfaces/cmake/ament_cmake_export_libraries-extras.cmake
-- Up-to-date: /home/revel34/rscp_communication_LR/rscp_communication_v3/rscp_bridge_ws/install/rscp_mission_interfaces/share/rscp_mission_interfaces/cmake/ament_cmake_export_targets-extras.cmake
-- Up-to-date: /home/revel34/rscp_communication_LR/rscp_communication_v3/rscp_bridge_ws/install/rscp_mission_interfaces/share/rscp_mission_interfaces/cmake/rosidl_cmake_export_typesupport_targets-extras.cmake
-- Up-to-date: /home/revel34/rscp_communication_LR/rscp_communication_v3/rscp_bridge_ws/install/rscp_mission_interfaces/share/rscp_mission_interfaces/cmake/rosidl_cmake_export_typesupport_libraries-extras.cmake
-- Up-to-date: /home/revel34/rscp_communication_LR/rscp_communication_v3/rscp_bridge_ws/install/rscp_mission_interfaces/share/rscp_mission_interfaces/cmake/rscp_mission_interfacesConfig.cmake
-- Up-to-date: /home/revel34/rscp_communication_LR/rscp_communication_v3/rscp_bridge_ws/install/rscp_mission_interfaces/share/rscp_mission_interfaces/cmake/rscp_mission_interfacesConfig-version.cmake
-- Up-to-date: /home/revel34/rscp_communication_LR/rscp_communication_v3/rscp_bridge_ws/install/rscp_mission_interfaces/share/rscp_mission_interfaces/package.xml
