[0.087s] Invoking command in '/home/revel34/rscp_communication_LR/rscp_communication_v3/rscp_bridge_ws/build/rscp_mission_interfaces': CMAKE_PREFIX_PATH=/opt/ros/humble /usr/bin/cmake --build /home/revel34/rscp_communication_LR/rscp_communication_v3/rscp_bridge_ws/build/rscp_mission_interfaces -- -j2 -l2
[0.314s] -- Found ament_cmake: 1.3.11 (/opt/ros/humble/share/ament_cmake/cmake)
[0.695s] -- Found rosidl_default_generators: 1.2.0 (/opt/ros/humble/share/rosidl_default_generators/cmake)
[0.705s] -- Using all available rosidl_typesupport_c: rosidl_typesupport_fastrtps_c;rosidl_typesupport_introspection_c
[0.720s] -- Found rosidl_adapter: 3.1.6 (/opt/ros/humble/share/rosidl_adapter/cmake)
[0.885s] -- Using all available rosidl_typesupport_cpp: rosidl_typesupport_fastrtps_cpp;rosidl_typesupport_introspection_cpp
[1.687s] -- Found ament_cmake_ros: 0.10.0 (/opt/ros/humble/share/ament_cmake_ros/cmake)
[2.091s] -- Using all available rosidl_typesupport_c: rosidl_typesupport_fastrtps_c;rosidl_typesupport_introspection_c
[2.511s] -- Using all available rosidl_typesupport_cpp: rosidl_typesupport_fastrtps_cpp;rosidl_typesupport_introspection_cpp
[2.548s] -- Found python_cmake_module: 0.10.0 (/opt/ros/humble/share/python_cmake_module/cmake)
[2.602s] -- Using PYTHON_EXECUTABLE: /usr/bin/python3
[2.602s] -- Using PYTHON_INCLUDE_DIRS: /usr/include/python3.10
[2.602s] -- Using PYTHON_LIBRARIES: /usr/lib/x86_64-linux-gnu/libpython3.10.so
[2.640s] -- Found ament_lint_auto: 0.12.12 (/opt/ros/humble/share/ament_lint_auto/cmake)
[2.726s] -- Added test 'lint_cmake' to check CMake code style
[2.731s] -- Added test 'xmllint' to check XML markup files
[2.738s] -- Configuring done
[2.875s] -- Generating done
[2.900s] -- Build files have been written to: /home/revel34/rscp_communication_LR/rscp_communication_v3/rscp_bridge_ws/build/rscp_mission_interfaces
[3.073s] [35m[1mConsolidate compiler generated dependencies of target rscp_mission_interfaces__rosidl_generator_c[0m
[3.118s] [  2%] [32mBuilding C object CMakeFiles/rscp_mission_interfaces__rosidl_generator_c.dir/rosidl_generator_c/rscp_mission_interfaces/action/detail/search_area__functions.c.o[0m
[3.173s] [  4%] Built target rscp_mission_interfaces__cpp
[3.241s] [  4%] Built target ament_cmake_python_copy_rscp_mission_interfaces
[3.263s] [  6%] [32mBuilding C object CMakeFiles/rscp_mission_interfaces__rosidl_generator_c.dir/rosidl_generator_c/rscp_mission_interfaces/action/detail/navigate_to_gps__functions.c.o[0m
[3.541s] [  8%] [32mBuilding C object CMakeFiles/rscp_mission_interfaces__rosidl_generator_c.dir/rosidl_generator_c/rscp_mission_interfaces/action/detail/explore__functions.c.o[0m
[3.548s] [35m[1mConsolidate compiler generated dependencies of target rscp_mission_interfaces__rosidl_typesupport_cpp[0m
[3.613s] [ 10%] [32mBuilding CXX object CMakeFiles/rscp_mission_interfaces__rosidl_typesupport_cpp.dir/rosidl_typesupport_cpp/rscp_mission_interfaces/action/search_area__type_support.cpp.o[0m
[3.784s] [ 12%] [32m[1mLinking C shared library librscp_mission_interfaces__rosidl_generator_c.so[0m
[3.952s] [ 14%] Built target rscp_mission_interfaces__rosidl_generator_c
[3.984s] [35m[1mConsolidate compiler generated dependencies of target rscp_mission_interfaces__rosidl_typesupport_fastrtps_cpp[0m
[4.022s] [ 17%] [32mBuilding CXX object CMakeFiles/rscp_mission_interfaces__rosidl_typesupport_fastrtps_cpp.dir/rosidl_typesupport_fastrtps_cpp/rscp_mission_interfaces/action/detail/dds_fastrtps/search_area__type_support.cpp.o[0m
[5.622s] [ 19%] [32mBuilding CXX object CMakeFiles/rscp_mission_interfaces__rosidl_typesupport_cpp.dir/rosidl_typesupport_cpp/rscp_mission_interfaces/action/navigate_to_gps__type_support.cpp.o[0m
[6.179s] [ 21%] [32mBuilding CXX object CMakeFiles/rscp_mission_interfaces__rosidl_typesupport_fastrtps_cpp.dir/rosidl_typesupport_fastrtps_cpp/rscp_mission_interfaces/action/detail/dds_fastrtps/navigate_to_gps__type_support.cpp.o[0m
[6.465s] [ 23%] [32mBuilding CXX object CMakeFiles/rscp_mission_interfaces__rosidl_typesupport_cpp.dir/rosidl_typesupport_cpp/rscp_mission_interfaces/action/explore__type_support.cpp.o[0m
[7.064s] [ 25%] [32mBuilding CXX object CMakeFiles/rscp_mission_interfaces__rosidl_typesupport_fastrtps_cpp.dir/rosidl_typesupport_fastrtps_cpp/rscp_mission_interfaces/action/detail/dds_fastrtps/explore__type_support.cpp.o[0m
[7.136s] [ 27%] [32m[1mLinking CXX shared library librscp_mission_interfaces__rosidl_typesupport_cpp.so[0m
[7.234s] [ 29%] Built target rscp_mission_interfaces__rosidl_typesupport_cpp
[7.256s] [35m[1mConsolidate compiler generated dependencies of target rscp_mission_interfaces__rosidl_typesupport_introspection_cpp[0m
[7.291s] [ 31%] [32mBuilding CXX object CMakeFiles/rscp_mission_interfaces__rosidl_typesupport_introspection_cpp.dir/rosidl_typesupport_introspection_cpp/rscp_mission_interfaces/action/detail/search_area__type_support.cpp.o[0m
[7.927s] [ 34%] [32m[1mLinking CXX shared library librscp_mission_interfaces__rosidl_typesupport_fastrtps_cpp.so[0m
[8.119s] [ 36%] Built target rscp_mission_interfaces__rosidl_typesupport_fastrtps_cpp
[8.140s] [ 38%] [32mBuilding CXX object CMakeFiles/rscp_mission_interfaces__rosidl_typesupport_introspection_cpp.dir/rosidl_typesupport_introspection_cpp/rscp_mission_interfaces/action/detail/navigate_to_gps__type_support.cpp.o[0m
[8.666s] running egg_info
[8.666s] writing rscp_mission_interfaces.egg-info/PKG-INFO
[8.666s] writing dependency_links to rscp_mission_interfaces.egg-info/dependency_links.txt
[8.666s] writing top-level names to rscp_mission_interfaces.egg-info/top_level.txt
[8.670s] reading manifest file 'rscp_mission_interfaces.egg-info/SOURCES.txt'
[8.671s] writing manifest file 'rscp_mission_interfaces.egg-info/SOURCES.txt'
[8.721s] [ 38%] Built target ament_cmake_python_build_rscp_mission_interfaces_egg
[8.737s] [ 40%] [32mBuilding CXX object CMakeFiles/rscp_mission_interfaces__rosidl_typesupport_introspection_cpp.dir/rosidl_typesupport_introspection_cpp/rscp_mission_interfaces/action/detail/explore__type_support.cpp.o[0m
[9.513s] [35m[1mConsolidate compiler generated dependencies of target rscp_mission_interfaces__rosidl_typesupport_fastrtps_c[0m
[9.561s] [ 42%] [32mBuilding CXX object CMakeFiles/rscp_mission_interfaces__rosidl_typesupport_fastrtps_c.dir/rosidl_typesupport_fastrtps_c/rscp_mission_interfaces/action/detail/search_area__type_support_c.cpp.o[0m
[9.637s] [ 44%] [32m[1mLinking CXX shared library librscp_mission_interfaces__rosidl_typesupport_introspection_cpp.so[0m
[9.775s] [ 46%] Built target rscp_mission_interfaces__rosidl_typesupport_introspection_cpp
[9.792s] [ 48%] [32mBuilding CXX object CMakeFiles/rscp_mission_interfaces__rosidl_typesupport_fastrtps_c.dir/rosidl_typesupport_fastrtps_c/rscp_mission_interfaces/action/detail/navigate_to_gps__type_support_c.cpp.o[0m
[10.159s] [35m[1mConsolidate compiler generated dependencies of target rscp_mission_interfaces__rosidl_typesupport_introspection_c[0m
[10.182s] [ 51%] [32mBuilding C object CMakeFiles/rscp_mission_interfaces__rosidl_typesupport_introspection_c.dir/rosidl_typesupport_introspection_c/rscp_mission_interfaces/action/detail/search_area__type_support.c.o[0m
[10.282s] [ 53%] [32mBuilding C object CMakeFiles/rscp_mission_interfaces__rosidl_typesupport_introspection_c.dir/rosidl_typesupport_introspection_c/rscp_mission_interfaces/action/detail/navigate_to_gps__type_support.c.o[0m
[10.370s] [ 55%] [32mBuilding C object CMakeFiles/rscp_mission_interfaces__rosidl_typesupport_introspection_c.dir/rosidl_typesupport_introspection_c/rscp_mission_interfaces/action/detail/explore__type_support.c.o[0m
[10.370s] [ 57%] [32mBuilding CXX object CMakeFiles/rscp_mission_interfaces__rosidl_typesupport_fastrtps_c.dir/rosidl_typesupport_fastrtps_c/rscp_mission_interfaces/action/detail/explore__type_support_c.cpp.o[0m
[10.454s] [ 59%] [32m[1mLinking C shared library librscp_mission_interfaces__rosidl_typesupport_introspection_c.so[0m
[10.541s] [ 61%] Built target rscp_mission_interfaces__rosidl_typesupport_introspection_c
[10.597s] [35m[1mConsolidate compiler generated dependencies of target rscp_mission_interfaces__rosidl_typesupport_c[0m
[10.627s] [ 63%] [32mBuilding CXX object CMakeFiles/rscp_mission_interfaces__rosidl_typesupport_c.dir/rosidl_typesupport_c/rscp_mission_interfaces/action/search_area__type_support.cpp.o[0m
[10.786s] [ 65%] [32mBuilding CXX object CMakeFiles/rscp_mission_interfaces__rosidl_typesupport_c.dir/rosidl_typesupport_c/rscp_mission_interfaces/action/navigate_to_gps__type_support.cpp.o[0m
[10.905s] [ 68%] [32mBuilding CXX object CMakeFiles/rscp_mission_interfaces__rosidl_typesupport_c.dir/rosidl_typesupport_c/rscp_mission_interfaces/action/explore__type_support.cpp.o[0m
[11.043s] [ 70%] [32m[1mLinking CXX shared library librscp_mission_interfaces__rosidl_typesupport_c.so[0m
[11.171s] [ 72%] Built target rscp_mission_interfaces__rosidl_typesupport_c
[11.225s] [ 74%] [32m[1mLinking CXX shared library librscp_mission_interfaces__rosidl_typesupport_fastrtps_c.so[0m
[11.418s] [ 76%] Built target rscp_mission_interfaces__rosidl_typesupport_fastrtps_c
[11.476s] [ 76%] Built target rscp_mission_interfaces
[11.521s] [ 78%] Built target rscp_mission_interfaces__py
[11.551s] [35m[1mConsolidate compiler generated dependencies of target rscp_mission_interfaces__rosidl_generator_py[0m
[11.595s] [ 80%] [32mBuilding C object CMakeFiles/rscp_mission_interfaces__rosidl_generator_py.dir/rosidl_generator_py/rscp_mission_interfaces/action/_navigate_to_gps_s.c.o[0m
[11.597s] [ 82%] [32mBuilding C object CMakeFiles/rscp_mission_interfaces__rosidl_generator_py.dir/rosidl_generator_py/rscp_mission_interfaces/action/_search_area_s.c.o[0m
[12.091s] [ 85%] [32mBuilding C object CMakeFiles/rscp_mission_interfaces__rosidl_generator_py.dir/rosidl_generator_py/rscp_mission_interfaces/action/_explore_s.c.o[0m
[12.685s] [ 87%] [32m[1mLinking C shared library rosidl_generator_py/rscp_mission_interfaces/librscp_mission_interfaces__rosidl_generator_py.so[0m
[12.785s] [ 87%] Built target rscp_mission_interfaces__rosidl_generator_py
[12.809s] [35m[1mConsolidate compiler generated dependencies of target rscp_mission_interfaces__rosidl_typesupport_fastrtps_c__pyext[0m
[12.809s] [35m[1mConsolidate compiler generated dependencies of target rscp_mission_interfaces__rosidl_typesupport_introspection_c__pyext[0m
[12.830s] [ 89%] [32mBuilding C object CMakeFiles/rscp_mission_interfaces__rosidl_typesupport_fastrtps_c__pyext.dir/rosidl_generator_py/rscp_mission_interfaces/_rscp_mission_interfaces_s.ep.rosidl_typesupport_fastrtps_c.c.o[0m
[12.830s] [ 91%] [32mBuilding C object CMakeFiles/rscp_mission_interfaces__rosidl_typesupport_introspection_c__pyext.dir/rosidl_generator_py/rscp_mission_interfaces/_rscp_mission_interfaces_s.ep.rosidl_typesupport_introspection_c.c.o[0m
[13.416s] [ 93%] [32m[1mLinking C shared library rosidl_generator_py/rscp_mission_interfaces/rscp_mission_interfaces_s__rosidl_typesupport_introspection_c.cpython-310-x86_64-linux-gnu.so[0m
[13.478s] [ 95%] [32m[1mLinking C shared library rosidl_generator_py/rscp_mission_interfaces/rscp_mission_interfaces_s__rosidl_typesupport_fastrtps_c.cpython-310-x86_64-linux-gnu.so[0m
[13.581s] [ 95%] Built target rscp_mission_interfaces__rosidl_typesupport_introspection_c__pyext
[13.641s] [35m[1mConsolidate compiler generated dependencies of target rscp_mission_interfaces__rosidl_typesupport_c__pyext[0m
[13.701s] [ 95%] Built target rscp_mission_interfaces__rosidl_typesupport_fastrtps_c__pyext
[13.726s] [ 97%] [32mBuilding C object CMakeFiles/rscp_mission_interfaces__rosidl_typesupport_c__pyext.dir/rosidl_generator_py/rscp_mission_interfaces/_rscp_mission_interfaces_s.ep.rosidl_typesupport_c.c.o[0m
[14.326s] [100%] [32m[1mLinking C shared library rosidl_generator_py/rscp_mission_interfaces/rscp_mission_interfaces_s__rosidl_typesupport_c.cpython-310-x86_64-linux-gnu.so[0m
[14.435s] [100%] Built target rscp_mission_interfaces__rosidl_typesupport_c__pyext
[14.471s] Invoked command in '/home/revel34/rscp_communication_LR/rscp_communication_v3/rscp_bridge_ws/build/rscp_mission_interfaces' returned '0': CMAKE_PREFIX_PATH=/opt/ros/humble /usr/bin/cmake --build /home/revel34/rscp_communication_LR/rscp_communication_v3/rscp_bridge_ws/build/rscp_mission_interfaces -- -j2 -l2
[14.514s] Invoking command in '/home/revel34/rscp_communication_LR/rscp_communication_v3/rscp_bridge_ws/build/rscp_mission_interfaces': CMAKE_PREFIX_PATH=/opt/ros/humble /usr/bin/cmake --install /home/revel34/rscp_communication_LR/rscp_communication_v3/rscp_bridge_ws/build/rscp_mission_interfaces
[14.531s] -- Install configuration: ""
[14.532s] -- Up-to-date: /home/revel34/rscp_communication_LR/rscp_communication_v3/rscp_bridge_ws/install/rscp_mission_interfaces/share/ament_index/resource_index/rosidl_interfaces/rscp_mission_interfaces
[14.532s] -- Up-to-date: /home/revel34/rscp_communication_LR/rscp_communication_v3/rscp_bridge_ws/install/rscp_mission_interfaces/include/rscp_mission_interfaces/rscp_mission_interfaces
[14.532s] -- Up-to-date: /home/revel34/rscp_communication_LR/rscp_communication_v3/rscp_bridge_ws/install/rscp_mission_interfaces/include/rscp_mission_interfaces/rscp_mission_interfaces/msg
[14.532s] -- Up-to-date: /home/revel34/rscp_communication_LR/rscp_communication_v3/rscp_bridge_ws/install/rscp_mission_interfaces/include/rscp_mission_interfaces/rscp_mission_interfaces/msg/rosidl_generator_c__visibility_control.h
[14.532s] -- Up-to-date: /home/revel34/rscp_communication_LR/rscp_communication_v3/rscp_bridge_ws/install/rscp_mission_interfaces/include/rscp_mission_interfaces/rscp_mission_interfaces/action
[14.532s] -- Up-to-date: /home/revel34/rscp_communication_LR/rscp_communication_v3/rscp_bridge_ws/install/rscp_mission_interfaces/include/rscp_mission_interfaces/rscp_mission_interfaces/action/navigate_to_gps.h
[14.533s] -- Up-to-date: /home/revel34/rscp_communication_LR/rscp_communication_v3/rscp_bridge_ws/install/rscp_mission_interfaces/include/rscp_mission_interfaces/rscp_mission_interfaces/action/search_area.h
[14.533s] -- Up-to-date: /home/revel34/rscp_communication_LR/rscp_communication_v3/rscp_bridge_ws/install/rscp_mission_interfaces/include/rscp_mission_interfaces/rscp_mission_interfaces/action/detail
[14.533s] -- Installing: /home/revel34/rscp_communication_LR/rscp_communication_v3/rscp_bridge_ws/install/rscp_mission_interfaces/include/rscp_mission_interfaces/rscp_mission_interfaces/action/detail/explore__functions.c
[14.533s] -- Up-to-date: /home/revel34/rscp_communication_LR/rscp_communication_v3/rscp_bridge_ws/install/rscp_mission_interfaces/include/rscp_mission_interfaces/rscp_mission_interfaces/action/detail/search_area__functions.h
[14.533s] -- Installing: /home/revel34/rscp_communication_LR/rscp_communication_v3/rscp_bridge_ws/install/rscp_mission_interfaces/include/rscp_mission_interfaces/rscp_mission_interfaces/action/detail/explore__functions.h
[14.533s] -- Installing: /home/revel34/rscp_communication_LR/rscp_communication_v3/rscp_bridge_ws/install/rscp_mission_interfaces/include/rscp_mission_interfaces/rscp_mission_interfaces/action/detail/explore__struct.h
[14.533s] -- Installing: /home/revel34/rscp_communication_LR/rscp_communication_v3/rscp_bridge_ws/install/rscp_mission_interfaces/include/rscp_mission_interfaces/rscp_mission_interfaces/action/detail/explore__type_support.h
[14.534s] -- Installing: /home/revel34/rscp_communication_LR/rscp_communication_v3/rscp_bridge_ws/install/rscp_mission_interfaces/include/rscp_mission_interfaces/rscp_mission_interfaces/action/detail/search_area__functions.c
[14.534s] -- Installing: /home/revel34/rscp_communication_LR/rscp_communication_v3/rscp_bridge_ws/install/rscp_mission_interfaces/include/rscp_mission_interfaces/rscp_mission_interfaces/action/detail/navigate_to_gps__type_support.h
[14.534s] -- Installing: /home/revel34/rscp_communication_LR/rscp_communication_v3/rscp_bridge_ws/install/rscp_mission_interfaces/include/rscp_mission_interfaces/rscp_mission_interfaces/action/detail/navigate_to_gps__functions.h
[14.535s] -- Up-to-date: /home/revel34/rscp_communication_LR/rscp_communication_v3/rscp_bridge_ws/install/rscp_mission_interfaces/include/rscp_mission_interfaces/rscp_mission_interfaces/action/detail/search_area__struct.h
[14.535s] -- Installing: /home/revel34/rscp_communication_LR/rscp_communication_v3/rscp_bridge_ws/install/rscp_mission_interfaces/include/rscp_mission_interfaces/rscp_mission_interfaces/action/detail/navigate_to_gps__struct.h
[14.535s] -- Installing: /home/revel34/rscp_communication_LR/rscp_communication_v3/rscp_bridge_ws/install/rscp_mission_interfaces/include/rscp_mission_interfaces/rscp_mission_interfaces/action/detail/navigate_to_gps__functions.c
[14.535s] -- Up-to-date: /home/revel34/rscp_communication_LR/rscp_communication_v3/rscp_bridge_ws/install/rscp_mission_interfaces/include/rscp_mission_interfaces/rscp_mission_interfaces/action/detail/search_area__type_support.h
[14.535s] -- Up-to-date: /home/revel34/rscp_communication_LR/rscp_communication_v3/rscp_bridge_ws/install/rscp_mission_interfaces/include/rscp_mission_interfaces/rscp_mission_interfaces/action/explore.h
[14.536s] -- Installing: /home/revel34/rscp_communication_LR/rscp_communication_v3/rscp_bridge_ws/install/rscp_mission_interfaces/share/rscp_mission_interfaces/environment/library_path.sh
[14.536s] -- Installing: /home/revel34/rscp_communication_LR/rscp_communication_v3/rscp_bridge_ws/install/rscp_mission_interfaces/share/rscp_mission_interfaces/environment/library_path.dsv
[14.537s] -- Installing: /home/revel34/rscp_communication_LR/rscp_communication_v3/rscp_bridge_ws/install/rscp_mission_interfaces/lib/librscp_mission_interfaces__rosidl_generator_c.so
[14.538s] -- Set runtime path of "/home/revel34/rscp_communication_LR/rscp_communication_v3/rscp_bridge_ws/install/rscp_mission_interfaces/lib/librscp_mission_interfaces__rosidl_generator_c.so" to ""
[14.538s] -- Up-to-date: /home/revel34/rscp_communication_LR/rscp_communication_v3/rscp_bridge_ws/install/rscp_mission_interfaces/include/rscp_mission_interfaces/rscp_mission_interfaces
[14.539s] -- Up-to-date: /home/revel34/rscp_communication_LR/rscp_communication_v3/rscp_bridge_ws/install/rscp_mission_interfaces/include/rscp_mission_interfaces/rscp_mission_interfaces/msg
[14.539s] -- Up-to-date: /home/revel34/rscp_communication_LR/rscp_communication_v3/rscp_bridge_ws/install/rscp_mission_interfaces/include/rscp_mission_interfaces/rscp_mission_interfaces/msg/rosidl_typesupport_fastrtps_c__visibility_control.h
[14.539s] -- Up-to-date: /home/revel34/rscp_communication_LR/rscp_communication_v3/rscp_bridge_ws/install/rscp_mission_interfaces/include/rscp_mission_interfaces/rscp_mission_interfaces/action
[14.539s] -- Up-to-date: /home/revel34/rscp_communication_LR/rscp_communication_v3/rscp_bridge_ws/install/rscp_mission_interfaces/include/rscp_mission_interfaces/rscp_mission_interfaces/action/detail
[14.539s] -- Up-to-date: /home/revel34/rscp_communication_LR/rscp_communication_v3/rscp_bridge_ws/install/rscp_mission_interfaces/include/rscp_mission_interfaces/rscp_mission_interfaces/action/detail/navigate_to_gps__rosidl_typesupport_fastrtps_c.h
[14.539s] -- Up-to-date: /home/revel34/rscp_communication_LR/rscp_communication_v3/rscp_bridge_ws/install/rscp_mission_interfaces/include/rscp_mission_interfaces/rscp_mission_interfaces/action/detail/search_area__rosidl_typesupport_fastrtps_c.h
[14.539s] -- Installing: /home/revel34/rscp_communication_LR/rscp_communication_v3/rscp_bridge_ws/install/rscp_mission_interfaces/include/rscp_mission_interfaces/rscp_mission_interfaces/action/detail/explore__rosidl_typesupport_fastrtps_c.h
[14.539s] -- Installing: /home/revel34/rscp_communication_LR/rscp_communication_v3/rscp_bridge_ws/install/rscp_mission_interfaces/lib/librscp_mission_interfaces__rosidl_typesupport_fastrtps_c.so
[14.541s] -- Set runtime path of "/home/revel34/rscp_communication_LR/rscp_communication_v3/rscp_bridge_ws/install/rscp_mission_interfaces/lib/librscp_mission_interfaces__rosidl_typesupport_fastrtps_c.so" to ""
[14.541s] -- Up-to-date: /home/revel34/rscp_communication_LR/rscp_communication_v3/rscp_bridge_ws/install/rscp_mission_interfaces/include/rscp_mission_interfaces/rscp_mission_interfaces
[14.541s] -- Up-to-date: /home/revel34/rscp_communication_LR/rscp_communication_v3/rscp_bridge_ws/install/rscp_mission_interfaces/include/rscp_mission_interfaces/rscp_mission_interfaces/msg
[14.541s] -- Up-to-date: /home/revel34/rscp_communication_LR/rscp_communication_v3/rscp_bridge_ws/install/rscp_mission_interfaces/include/rscp_mission_interfaces/rscp_mission_interfaces/msg/rosidl_typesupport_introspection_c__visibility_control.h
[14.541s] -- Up-to-date: /home/revel34/rscp_communication_LR/rscp_communication_v3/rscp_bridge_ws/install/rscp_mission_interfaces/include/rscp_mission_interfaces/rscp_mission_interfaces/action
[14.541s] -- Up-to-date: /home/revel34/rscp_communication_LR/rscp_communication_v3/rscp_bridge_ws/install/rscp_mission_interfaces/include/rscp_mission_interfaces/rscp_mission_interfaces/action/detail
[14.542s] -- Up-to-date: /home/revel34/rscp_communication_LR/rscp_communication_v3/rscp_bridge_ws/install/rscp_mission_interfaces/include/rscp_mission_interfaces/rscp_mission_interfaces/action/detail/navigate_to_gps__rosidl_typesupport_introspection_c.h
[14.542s] -- Up-to-date: /home/revel34/rscp_communication_LR/rscp_communication_v3/rscp_bridge_ws/install/rscp_mission_interfaces/include/rscp_mission_interfaces/rscp_mission_interfaces/action/detail/navigate_to_gps__type_support.c
[14.542s] -- Up-to-date: /home/revel34/rscp_communication_LR/rscp_communication_v3/rscp_bridge_ws/install/rscp_mission_interfaces/include/rscp_mission_interfaces/rscp_mission_interfaces/action/detail/search_area__rosidl_typesupport_introspection_c.h
[14.542s] -- Installing: /home/revel34/rscp_communication_LR/rscp_communication_v3/rscp_bridge_ws/install/rscp_mission_interfaces/include/rscp_mission_interfaces/rscp_mission_interfaces/action/detail/explore__rosidl_typesupport_introspection_c.h
[14.542s] -- Up-to-date: /home/revel34/rscp_communication_LR/rscp_communication_v3/rscp_bridge_ws/install/rscp_mission_interfaces/include/rscp_mission_interfaces/rscp_mission_interfaces/action/detail/explore__type_support.c
[14.542s] -- Up-to-date: /home/revel34/rscp_communication_LR/rscp_communication_v3/rscp_bridge_ws/install/rscp_mission_interfaces/include/rscp_mission_interfaces/rscp_mission_interfaces/action/detail/search_area__type_support.c
[14.542s] -- Installing: /home/revel34/rscp_communication_LR/rscp_communication_v3/rscp_bridge_ws/install/rscp_mission_interfaces/lib/librscp_mission_interfaces__rosidl_typesupport_introspection_c.so
[14.543s] -- Set runtime path of "/home/revel34/rscp_communication_LR/rscp_communication_v3/rscp_bridge_ws/install/rscp_mission_interfaces/lib/librscp_mission_interfaces__rosidl_typesupport_introspection_c.so" to ""
[14.543s] -- Installing: /home/revel34/rscp_communication_LR/rscp_communication_v3/rscp_bridge_ws/install/rscp_mission_interfaces/lib/librscp_mission_interfaces__rosidl_typesupport_c.so
[14.544s] -- Set runtime path of "/home/revel34/rscp_communication_LR/rscp_communication_v3/rscp_bridge_ws/install/rscp_mission_interfaces/lib/librscp_mission_interfaces__rosidl_typesupport_c.so" to ""
[14.545s] -- Up-to-date: /home/revel34/rscp_communication_LR/rscp_communication_v3/rscp_bridge_ws/install/rscp_mission_interfaces/include/rscp_mission_interfaces/rscp_mission_interfaces
[14.545s] -- Up-to-date: /home/revel34/rscp_communication_LR/rscp_communication_v3/rscp_bridge_ws/install/rscp_mission_interfaces/include/rscp_mission_interfaces/rscp_mission_interfaces/msg
[14.545s] -- Up-to-date: /home/revel34/rscp_communication_LR/rscp_communication_v3/rscp_bridge_ws/install/rscp_mission_interfaces/include/rscp_mission_interfaces/rscp_mission_interfaces/msg/rosidl_generator_cpp__visibility_control.hpp
[14.546s] -- Up-to-date: /home/revel34/rscp_communication_LR/rscp_communication_v3/rscp_bridge_ws/install/rscp_mission_interfaces/include/rscp_mission_interfaces/rscp_mission_interfaces/action
[14.546s] -- Up-to-date: /home/revel34/rscp_communication_LR/rscp_communication_v3/rscp_bridge_ws/install/rscp_mission_interfaces/include/rscp_mission_interfaces/rscp_mission_interfaces/action/detail
[14.546s] -- Installing: /home/revel34/rscp_communication_LR/rscp_communication_v3/rscp_bridge_ws/install/rscp_mission_interfaces/include/rscp_mission_interfaces/rscp_mission_interfaces/action/detail/navigate_to_gps__type_support.hpp
[14.546s] -- Installing: /home/revel34/rscp_communication_LR/rscp_communication_v3/rscp_bridge_ws/install/rscp_mission_interfaces/include/rscp_mission_interfaces/rscp_mission_interfaces/action/detail/navigate_to_gps__struct.hpp
[14.546s] -- Installing: /home/revel34/rscp_communication_LR/rscp_communication_v3/rscp_bridge_ws/install/rscp_mission_interfaces/include/rscp_mission_interfaces/rscp_mission_interfaces/action/detail/navigate_to_gps__traits.hpp
[14.547s] -- Installing: /home/revel34/rscp_communication_LR/rscp_communication_v3/rscp_bridge_ws/install/rscp_mission_interfaces/include/rscp_mission_interfaces/rscp_mission_interfaces/action/detail/search_area__type_support.hpp
[14.547s] -- Installing: /home/revel34/rscp_communication_LR/rscp_communication_v3/rscp_bridge_ws/install/rscp_mission_interfaces/include/rscp_mission_interfaces/rscp_mission_interfaces/action/detail/search_area__struct.hpp
[14.547s] -- Installing: /home/revel34/rscp_communication_LR/rscp_communication_v3/rscp_bridge_ws/install/rscp_mission_interfaces/include/rscp_mission_interfaces/rscp_mission_interfaces/action/detail/explore__builder.hpp
[14.547s] -- Installing: /home/revel34/rscp_communication_LR/rscp_communication_v3/rscp_bridge_ws/install/rscp_mission_interfaces/include/rscp_mission_interfaces/rscp_mission_interfaces/action/detail/search_area__builder.hpp
[14.548s] -- Installing: /home/revel34/rscp_communication_LR/rscp_communication_v3/rscp_bridge_ws/install/rscp_mission_interfaces/include/rscp_mission_interfaces/rscp_mission_interfaces/action/detail/navigate_to_gps__builder.hpp
[14.548s] -- Installing: /home/revel34/rscp_communication_LR/rscp_communication_v3/rscp_bridge_ws/install/rscp_mission_interfaces/include/rscp_mission_interfaces/rscp_mission_interfaces/action/detail/search_area__traits.hpp
[14.548s] -- Installing: /home/revel34/rscp_communication_LR/rscp_communication_v3/rscp_bridge_ws/install/rscp_mission_interfaces/include/rscp_mission_interfaces/rscp_mission_interfaces/action/detail/explore__struct.hpp
[14.549s] -- Installing: /home/revel34/rscp_communication_LR/rscp_communication_v3/rscp_bridge_ws/install/rscp_mission_interfaces/include/rscp_mission_interfaces/rscp_mission_interfaces/action/detail/explore__traits.hpp
[14.549s] -- Installing: /home/revel34/rscp_communication_LR/rscp_communication_v3/rscp_bridge_ws/install/rscp_mission_interfaces/include/rscp_mission_interfaces/rscp_mission_interfaces/action/detail/explore__type_support.hpp
[14.549s] -- Up-to-date: /home/revel34/rscp_communication_LR/rscp_communication_v3/rscp_bridge_ws/install/rscp_mission_interfaces/include/rscp_mission_interfaces/rscp_mission_interfaces/action/search_area.hpp
[14.549s] -- Installing: /home/revel34/rscp_communication_LR/rscp_communication_v3/rscp_bridge_ws/install/rscp_mission_interfaces/include/rscp_mission_interfaces/rscp_mission_interfaces/action/explore.hpp
[14.549s] -- Up-to-date: /home/revel34/rscp_communication_LR/rscp_communication_v3/rscp_bridge_ws/install/rscp_mission_interfaces/include/rscp_mission_interfaces/rscp_mission_interfaces/action/navigate_to_gps.hpp
[14.550s] -- Up-to-date: /home/revel34/rscp_communication_LR/rscp_communication_v3/rscp_bridge_ws/install/rscp_mission_interfaces/include/rscp_mission_interfaces/rscp_mission_interfaces
[14.550s] -- Up-to-date: /home/revel34/rscp_communication_LR/rscp_communication_v3/rscp_bridge_ws/install/rscp_mission_interfaces/include/rscp_mission_interfaces/rscp_mission_interfaces/msg
[14.550s] -- Up-to-date: /home/revel34/rscp_communication_LR/rscp_communication_v3/rscp_bridge_ws/install/rscp_mission_interfaces/include/rscp_mission_interfaces/rscp_mission_interfaces/msg/rosidl_typesupport_fastrtps_cpp__visibility_control.h
[14.550s] -- Up-to-date: /home/revel34/rscp_communication_LR/rscp_communication_v3/rscp_bridge_ws/install/rscp_mission_interfaces/include/rscp_mission_interfaces/rscp_mission_interfaces/action
[14.550s] -- Up-to-date: /home/revel34/rscp_communication_LR/rscp_communication_v3/rscp_bridge_ws/install/rscp_mission_interfaces/include/rscp_mission_interfaces/rscp_mission_interfaces/action/detail
[14.550s] -- Up-to-date: /home/revel34/rscp_communication_LR/rscp_communication_v3/rscp_bridge_ws/install/rscp_mission_interfaces/include/rscp_mission_interfaces/rscp_mission_interfaces/action/detail/navigate_to_gps__rosidl_typesupport_fastrtps_cpp.hpp
[14.550s] -- Installing: /home/revel34/rscp_communication_LR/rscp_communication_v3/rscp_bridge_ws/install/rscp_mission_interfaces/include/rscp_mission_interfaces/rscp_mission_interfaces/action/detail/dds_fastrtps
[14.550s] -- Up-to-date: /home/revel34/rscp_communication_LR/rscp_communication_v3/rscp_bridge_ws/install/rscp_mission_interfaces/include/rscp_mission_interfaces/rscp_mission_interfaces/action/detail/search_area__rosidl_typesupport_fastrtps_cpp.hpp
[14.551s] -- Up-to-date: /home/revel34/rscp_communication_LR/rscp_communication_v3/rscp_bridge_ws/install/rscp_mission_interfaces/include/rscp_mission_interfaces/rscp_mission_interfaces/action/detail/explore__rosidl_typesupport_fastrtps_cpp.hpp
[14.551s] -- Installing: /home/revel34/rscp_communication_LR/rscp_communication_v3/rscp_bridge_ws/install/rscp_mission_interfaces/lib/librscp_mission_interfaces__rosidl_typesupport_fastrtps_cpp.so
[14.552s] -- Set runtime path of "/home/revel34/rscp_communication_LR/rscp_communication_v3/rscp_bridge_ws/install/rscp_mission_interfaces/lib/librscp_mission_interfaces__rosidl_typesupport_fastrtps_cpp.so" to ""
[14.553s] -- Up-to-date: /home/revel34/rscp_communication_LR/rscp_communication_v3/rscp_bridge_ws/install/rscp_mission_interfaces/include/rscp_mission_interfaces/rscp_mission_interfaces
[14.553s] -- Up-to-date: /home/revel34/rscp_communication_LR/rscp_communication_v3/rscp_bridge_ws/install/rscp_mission_interfaces/include/rscp_mission_interfaces/rscp_mission_interfaces/action
[14.553s] -- Up-to-date: /home/revel34/rscp_communication_LR/rscp_communication_v3/rscp_bridge_ws/install/rscp_mission_interfaces/include/rscp_mission_interfaces/rscp_mission_interfaces/action/detail
[14.553s] -- Up-to-date: /home/revel34/rscp_communication_LR/rscp_communication_v3/rscp_bridge_ws/install/rscp_mission_interfaces/include/rscp_mission_interfaces/rscp_mission_interfaces/action/detail/navigate_to_gps__rosidl_typesupport_introspection_cpp.hpp
[14.553s] -- Up-to-date: /home/revel34/rscp_communication_LR/rscp_communication_v3/rscp_bridge_ws/install/rscp_mission_interfaces/include/rscp_mission_interfaces/rscp_mission_interfaces/action/detail/explore__rosidl_typesupport_introspection_cpp.hpp
[14.553s] -- Up-to-date: /home/revel34/rscp_communication_LR/rscp_communication_v3/rscp_bridge_ws/install/rscp_mission_interfaces/include/rscp_mission_interfaces/rscp_mission_interfaces/action/detail/explore__type_support.cpp
[14.553s] -- Up-to-date: /home/revel34/rscp_communication_LR/rscp_communication_v3/rscp_bridge_ws/install/rscp_mission_interfaces/include/rscp_mission_interfaces/rscp_mission_interfaces/action/detail/search_area__type_support.cpp
[14.554s] -- Up-to-date: /home/revel34/rscp_communication_LR/rscp_communication_v3/rscp_bridge_ws/install/rscp_mission_interfaces/include/rscp_mission_interfaces/rscp_mission_interfaces/action/detail/search_area__rosidl_typesupport_introspection_cpp.hpp
[14.556s] -- Up-to-date: /home/revel34/rscp_communication_LR/rscp_communication_v3/rscp_bridge_ws/install/rscp_mission_interfaces/include/rscp_mission_interfaces/rscp_mission_interfaces/action/detail/navigate_to_gps__type_support.cpp
[14.556s] -- Installing: /home/revel34/rscp_communication_LR/rscp_communication_v3/rscp_bridge_ws/install/rscp_mission_interfaces/lib/librscp_mission_interfaces__rosidl_typesupport_introspection_cpp.so
[14.556s] -- Set runtime path of "/home/revel34/rscp_communication_LR/rscp_communication_v3/rscp_bridge_ws/install/rscp_mission_interfaces/lib/librscp_mission_interfaces__rosidl_typesupport_introspection_cpp.so" to ""
[14.556s] -- Installing: /home/revel34/rscp_communication_LR/rscp_communication_v3/rscp_bridge_ws/install/rscp_mission_interfaces/lib/librscp_mission_interfaces__rosidl_typesupport_cpp.so
[14.556s] -- Set runtime path of "/home/revel34/rscp_communication_LR/rscp_communication_v3/rscp_bridge_ws/install/rscp_mission_interfaces/lib/librscp_mission_interfaces__rosidl_typesupport_cpp.so" to ""
[14.556s] -- Up-to-date: /home/revel34/rscp_communication_LR/rscp_communication_v3/rscp_bridge_ws/install/rscp_mission_interfaces/share/rscp_mission_interfaces/environment/pythonpath.sh
[14.556s] -- Installing: /home/revel34/rscp_communication_LR/rscp_communication_v3/rscp_bridge_ws/install/rscp_mission_interfaces/share/rscp_mission_interfaces/environment/pythonpath.dsv
[14.557s] -- Up-to-date: /home/revel34/rscp_communication_LR/rscp_communication_v3/rscp_bridge_ws/install/rscp_mission_interfaces/local/lib/python3.10/dist-packages/rscp_mission_interfaces-0.0.0-py3.10.egg-info
[14.559s] -- Installing: /home/revel34/rscp_communication_LR/rscp_communication_v3/rscp_bridge_ws/install/rscp_mission_interfaces/local/lib/python3.10/dist-packages/rscp_mission_interfaces-0.0.0-py3.10.egg-info/dependency_links.txt
[14.559s] -- Installing: /home/revel34/rscp_communication_LR/rscp_communication_v3/rscp_bridge_ws/install/rscp_mission_interfaces/local/lib/python3.10/dist-packages/rscp_mission_interfaces-0.0.0-py3.10.egg-info/PKG-INFO
[14.559s] -- Installing: /home/revel34/rscp_communication_LR/rscp_communication_v3/rscp_bridge_ws/install/rscp_mission_interfaces/local/lib/python3.10/dist-packages/rscp_mission_interfaces-0.0.0-py3.10.egg-info/SOURCES.txt
[14.560s] -- Installing: /home/revel34/rscp_communication_LR/rscp_communication_v3/rscp_bridge_ws/install/rscp_mission_interfaces/local/lib/python3.10/dist-packages/rscp_mission_interfaces-0.0.0-py3.10.egg-info/top_level.txt
[14.560s] -- Up-to-date: /home/revel34/rscp_communication_LR/rscp_communication_v3/rscp_bridge_ws/install/rscp_mission_interfaces/local/lib/python3.10/dist-packages/rscp_mission_interfaces
[14.560s] -- Up-to-date: /home/revel34/rscp_communication_LR/rscp_communication_v3/rscp_bridge_ws/install/rscp_mission_interfaces/local/lib/python3.10/dist-packages/rscp_mission_interfaces/_rscp_mission_interfaces_s.ep.rosidl_typesupport_fastrtps_c.c
[14.560s] -- Up-to-date: /home/revel34/rscp_communication_LR/rscp_communication_v3/rscp_bridge_ws/install/rscp_mission_interfaces/local/lib/python3.10/dist-packages/rscp_mission_interfaces/_rscp_mission_interfaces_s.ep.rosidl_typesupport_introspection_c.c
[14.560s] -- Installing: /home/revel34/rscp_communication_LR/rscp_communication_v3/rscp_bridge_ws/install/rscp_mission_interfaces/local/lib/python3.10/dist-packages/rscp_mission_interfaces/rscp_mission_interfaces_s__rosidl_typesupport_c.cpython-310-x86_64-linux-gnu.so
[14.560s] -- Up-to-date: /home/revel34/rscp_communication_LR/rscp_communication_v3/rscp_bridge_ws/install/rscp_mission_interfaces/local/lib/python3.10/dist-packages/rscp_mission_interfaces/_rscp_mission_interfaces_s.ep.rosidl_typesupport_c.c
[14.560s] -- Installing: /home/revel34/rscp_communication_LR/rscp_communication_v3/rscp_bridge_ws/install/rscp_mission_interfaces/local/lib/python3.10/dist-packages/rscp_mission_interfaces/rscp_mission_interfaces_s__rosidl_typesupport_fastrtps_c.cpython-310-x86_64-linux-gnu.so
[14.560s] -- Installing: /home/revel34/rscp_communication_LR/rscp_communication_v3/rscp_bridge_ws/install/rscp_mission_interfaces/local/lib/python3.10/dist-packages/rscp_mission_interfaces/rscp_mission_interfaces_s__rosidl_typesupport_introspection_c.cpython-310-x86_64-linux-gnu.so
[14.560s] -- Installing: /home/revel34/rscp_communication_LR/rscp_communication_v3/rscp_bridge_ws/install/rscp_mission_interfaces/local/lib/python3.10/dist-packages/rscp_mission_interfaces/librscp_mission_interfaces__rosidl_generator_py.so
[14.560s] -- Up-to-date: /home/revel34/rscp_communication_LR/rscp_communication_v3/rscp_bridge_ws/install/rscp_mission_interfaces/local/lib/python3.10/dist-packages/rscp_mission_interfaces/action
[14.560s] -- Up-to-date: /home/revel34/rscp_communication_LR/rscp_communication_v3/rscp_bridge_ws/install/rscp_mission_interfaces/local/lib/python3.10/dist-packages/rscp_mission_interfaces/action/_navigate_to_gps.py
[14.560s] -- Up-to-date: /home/revel34/rscp_communication_LR/rscp_communication_v3/rscp_bridge_ws/install/rscp_mission_interfaces/local/lib/python3.10/dist-packages/rscp_mission_interfaces/action/_navigate_to_gps_s.c
[14.561s] -- Up-to-date: /home/revel34/rscp_communication_LR/rscp_communication_v3/rscp_bridge_ws/install/rscp_mission_interfaces/local/lib/python3.10/dist-packages/rscp_mission_interfaces/action/_explore_s.c
[14.561s] -- Up-to-date: /home/revel34/rscp_communication_LR/rscp_communication_v3/rscp_bridge_ws/install/rscp_mission_interfaces/local/lib/python3.10/dist-packages/rscp_mission_interfaces/action/_search_area_s.c
[14.563s] -- Up-to-date: /home/revel34/rscp_communication_LR/rscp_communication_v3/rscp_bridge_ws/install/rscp_mission_interfaces/local/lib/python3.10/dist-packages/rscp_mission_interfaces/action/_search_area.py
[14.563s] -- Up-to-date: /home/revel34/rscp_communication_LR/rscp_communication_v3/rscp_bridge_ws/install/rscp_mission_interfaces/local/lib/python3.10/dist-packages/rscp_mission_interfaces/action/__init__.py
[14.563s] -- Up-to-date: /home/revel34/rscp_communication_LR/rscp_communication_v3/rscp_bridge_ws/install/rscp_mission_interfaces/local/lib/python3.10/dist-packages/rscp_mission_interfaces/action/_explore.py
[14.563s] -- Installing: /home/revel34/rscp_communication_LR/rscp_communication_v3/rscp_bridge_ws/install/rscp_mission_interfaces/local/lib/python3.10/dist-packages/rscp_mission_interfaces/__init__.py
[14.697s] Listing '/home/revel34/rscp_communication_LR/rscp_communication_v3/rscp_bridge_ws/install/rscp_mission_interfaces/local/lib/python3.10/dist-packages/rscp_mission_interfaces'...
[14.698s] Compiling '/home/revel34/rscp_communication_LR/rscp_communication_v3/rscp_bridge_ws/install/rscp_mission_interfaces/local/lib/python3.10/dist-packages/rscp_mission_interfaces/__init__.py'...
[14.698s] Listing '/home/revel34/rscp_communication_LR/rscp_communication_v3/rscp_bridge_ws/install/rscp_mission_interfaces/local/lib/python3.10/dist-packages/rscp_mission_interfaces/action'...
[14.698s] Compiling '/home/revel34/rscp_communication_LR/rscp_communication_v3/rscp_bridge_ws/install/rscp_mission_interfaces/local/lib/python3.10/dist-packages/rscp_mission_interfaces/action/__init__.py'...
[14.698s] Compiling '/home/revel34/rscp_communication_LR/rscp_communication_v3/rscp_bridge_ws/install/rscp_mission_interfaces/local/lib/python3.10/dist-packages/rscp_mission_interfaces/action/_explore.py'...
[14.699s] Compiling '/home/revel34/rscp_communication_LR/rscp_communication_v3/rscp_bridge_ws/install/rscp_mission_interfaces/local/lib/python3.10/dist-packages/rscp_mission_interfaces/action/_navigate_to_gps.py'...
[14.699s] Compiling '/home/revel34/rscp_communication_LR/rscp_communication_v3/rscp_bridge_ws/install/rscp_mission_interfaces/local/lib/python3.10/dist-packages/rscp_mission_interfaces/action/_search_area.py'...
[14.709s] -- Installing: /home/revel34/rscp_communication_LR/rscp_communication_v3/rscp_bridge_ws/install/rscp_mission_interfaces/local/lib/python3.10/dist-packages/rscp_mission_interfaces/rscp_mission_interfaces_s__rosidl_typesupport_fastrtps_c.cpython-310-x86_64-linux-gnu.so
[14.710s] -- Set runtime path of "/home/revel34/rscp_communication_LR/rscp_communication_v3/rscp_bridge_ws/install/rscp_mission_interfaces/local/lib/python3.10/dist-packages/rscp_mission_interfaces/rscp_mission_interfaces_s__rosidl_typesupport_fastrtps_c.cpython-310-x86_64-linux-gnu.so" to ""
[14.712s] -- Installing: /home/revel34/rscp_communication_LR/rscp_communication_v3/rscp_bridge_ws/install/rscp_mission_interfaces/local/lib/python3.10/dist-packages/rscp_mission_interfaces/rscp_mission_interfaces_s__rosidl_typesupport_introspection_c.cpython-310-x86_64-linux-gnu.so
[14.714s] -- Set runtime path of "/home/revel34/rscp_communication_LR/rscp_communication_v3/rscp_bridge_ws/install/rscp_mission_interfaces/local/lib/python3.10/dist-packages/rscp_mission_interfaces/rscp_mission_interfaces_s__rosidl_typesupport_introspection_c.cpython-310-x86_64-linux-gnu.so" to ""
[14.715s] -- Installing: /home/revel34/rscp_communication_LR/rscp_communication_v3/rscp_bridge_ws/install/rscp_mission_interfaces/local/lib/python3.10/dist-packages/rscp_mission_interfaces/rscp_mission_interfaces_s__rosidl_typesupport_c.cpython-310-x86_64-linux-gnu.so
[14.718s] -- Set runtime path of "/home/revel34/rscp_communication_LR/rscp_communication_v3/rscp_bridge_ws/install/rscp_mission_interfaces/local/lib/python3.10/dist-packages/rscp_mission_interfaces/rscp_mission_interfaces_s__rosidl_typesupport_c.cpython-310-x86_64-linux-gnu.so" to ""
[14.718s] -- Installing: /home/revel34/rscp_communication_LR/rscp_communication_v3/rscp_bridge_ws/install/rscp_mission_interfaces/lib/librscp_mission_interfaces__rosidl_generator_py.so
[14.719s] -- Set runtime path of "/home/revel34/rscp_communication_LR/rscp_communication_v3/rscp_bridge_ws/install/rscp_mission_interfaces/lib/librscp_mission_interfaces__rosidl_generator_py.so" to ""
[14.720s] -- Up-to-date: /home/revel34/rscp_communication_LR/rscp_communication_v3/rscp_bridge_ws/install/rscp_mission_interfaces/share/rscp_mission_interfaces/action/SearchArea.idl
[14.720s] -- Up-to-date: /home/revel34/rscp_communication_LR/rscp_communication_v3/rscp_bridge_ws/install/rscp_mission_interfaces/share/rscp_mission_interfaces/action/NavigateToGPS.idl
[14.720s] -- Up-to-date: /home/revel34/rscp_communication_LR/rscp_communication_v3/rscp_bridge_ws/install/rscp_mission_interfaces/share/rscp_mission_interfaces/action/Explore.idl
[14.721s] -- Up-to-date: /home/revel34/rscp_communication_LR/rscp_communication_v3/rscp_bridge_ws/install/rscp_mission_interfaces/share/rscp_mission_interfaces/action/SearchArea.action
[14.721s] -- Up-to-date: /home/revel34/rscp_communication_LR/rscp_communication_v3/rscp_bridge_ws/install/rscp_mission_interfaces/share/rscp_mission_interfaces/action/NavigateToGPS.action
[14.721s] -- Up-to-date: /home/revel34/rscp_communication_LR/rscp_communication_v3/rscp_bridge_ws/install/rscp_mission_interfaces/share/rscp_mission_interfaces/action/Explore.action
[14.722s] -- Up-to-date: /home/revel34/rscp_communication_LR/rscp_communication_v3/rscp_bridge_ws/install/rscp_mission_interfaces/share/ament_index/resource_index/package_run_dependencies/rscp_mission_interfaces
[14.722s] -- Up-to-date: /home/revel34/rscp_communication_LR/rscp_communication_v3/rscp_bridge_ws/install/rscp_mission_interfaces/share/ament_index/resource_index/parent_prefix_path/rscp_mission_interfaces
[14.723s] -- Installing: /home/revel34/rscp_communication_LR/rscp_communication_v3/rscp_bridge_ws/install/rscp_mission_interfaces/share/rscp_mission_interfaces/environment/ament_prefix_path.sh
[14.723s] -- Installing: /home/revel34/rscp_communication_LR/rscp_communication_v3/rscp_bridge_ws/install/rscp_mission_interfaces/share/rscp_mission_interfaces/environment/ament_prefix_path.dsv
[14.723s] -- Installing: /home/revel34/rscp_communication_LR/rscp_communication_v3/rscp_bridge_ws/install/rscp_mission_interfaces/share/rscp_mission_interfaces/environment/path.sh
[14.723s] -- Installing: /home/revel34/rscp_communication_LR/rscp_communication_v3/rscp_bridge_ws/install/rscp_mission_interfaces/share/rscp_mission_interfaces/environment/path.dsv
[14.723s] -- Up-to-date: /home/revel34/rscp_communication_LR/rscp_communication_v3/rscp_bridge_ws/install/rscp_mission_interfaces/share/rscp_mission_interfaces/local_setup.bash
[14.724s] -- Up-to-date: /home/revel34/rscp_communication_LR/rscp_communication_v3/rscp_bridge_ws/install/rscp_mission_interfaces/share/rscp_mission_interfaces/local_setup.sh
[14.725s] -- Up-to-date: /home/revel34/rscp_communication_LR/rscp_communication_v3/rscp_bridge_ws/install/rscp_mission_interfaces/share/rscp_mission_interfaces/local_setup.zsh
[14.725s] -- Installing: /home/revel34/rscp_communication_LR/rscp_communication_v3/rscp_bridge_ws/install/rscp_mission_interfaces/share/rscp_mission_interfaces/local_setup.dsv
[14.725s] -- Installing: /home/revel34/rscp_communication_LR/rscp_communication_v3/rscp_bridge_ws/install/rscp_mission_interfaces/share/rscp_mission_interfaces/package.dsv
[14.725s] -- Up-to-date: /home/revel34/rscp_communication_LR/rscp_communication_v3/rscp_bridge_ws/install/rscp_mission_interfaces/share/ament_index/resource_index/packages/rscp_mission_interfaces
[14.726s] -- Up-to-date: /home/revel34/rscp_communication_LR/rscp_communication_v3/rscp_bridge_ws/install/rscp_mission_interfaces/share/rscp_mission_interfaces/cmake/export_rscp_mission_interfaces__rosidl_generator_cExport.cmake
[14.726s] -- Up-to-date: /home/revel34/rscp_communication_LR/rscp_communication_v3/rscp_bridge_ws/install/rscp_mission_interfaces/share/rscp_mission_interfaces/cmake/export_rscp_mission_interfaces__rosidl_generator_cExport-noconfig.cmake
[14.726s] -- Up-to-date: /home/revel34/rscp_communication_LR/rscp_communication_v3/rscp_bridge_ws/install/rscp_mission_interfaces/share/rscp_mission_interfaces/cmake/export_rscp_mission_interfaces__rosidl_typesupport_fastrtps_cExport.cmake
[14.726s] -- Up-to-date: /home/revel34/rscp_communication_LR/rscp_communication_v3/rscp_bridge_ws/install/rscp_mission_interfaces/share/rscp_mission_interfaces/cmake/export_rscp_mission_interfaces__rosidl_typesupport_fastrtps_cExport-noconfig.cmake
[14.727s] -- Up-to-date: /home/revel34/rscp_communication_LR/rscp_communication_v3/rscp_bridge_ws/install/rscp_mission_interfaces/share/rscp_mission_interfaces/cmake/rscp_mission_interfaces__rosidl_typesupport_introspection_cExport.cmake
[14.727s] -- Up-to-date: /home/revel34/rscp_communication_LR/rscp_communication_v3/rscp_bridge_ws/install/rscp_mission_interfaces/share/rscp_mission_interfaces/cmake/rscp_mission_interfaces__rosidl_typesupport_introspection_cExport-noconfig.cmake
[14.727s] -- Up-to-date: /home/revel34/rscp_communication_LR/rscp_communication_v3/rscp_bridge_ws/install/rscp_mission_interfaces/share/rscp_mission_interfaces/cmake/rscp_mission_interfaces__rosidl_typesupport_cExport.cmake
[14.728s] -- Up-to-date: /home/revel34/rscp_communication_LR/rscp_communication_v3/rscp_bridge_ws/install/rscp_mission_interfaces/share/rscp_mission_interfaces/cmake/rscp_mission_interfaces__rosidl_typesupport_cExport-noconfig.cmake
[14.729s] -- Up-to-date: /home/revel34/rscp_communication_LR/rscp_communication_v3/rscp_bridge_ws/install/rscp_mission_interfaces/share/rscp_mission_interfaces/cmake/export_rscp_mission_interfaces__rosidl_generator_cppExport.cmake
[14.729s] -- Up-to-date: /home/revel34/rscp_communication_LR/rscp_communication_v3/rscp_bridge_ws/install/rscp_mission_interfaces/share/rscp_mission_interfaces/cmake/export_rscp_mission_interfaces__rosidl_typesupport_fastrtps_cppExport.cmake
[14.730s] -- Up-to-date: /home/revel34/rscp_communication_LR/rscp_communication_v3/rscp_bridge_ws/install/rscp_mission_interfaces/share/rscp_mission_interfaces/cmake/export_rscp_mission_interfaces__rosidl_typesupport_fastrtps_cppExport-noconfig.cmake
[14.730s] -- Up-to-date: /home/revel34/rscp_communication_LR/rscp_communication_v3/rscp_bridge_ws/install/rscp_mission_interfaces/share/rscp_mission_interfaces/cmake/rscp_mission_interfaces__rosidl_typesupport_introspection_cppExport.cmake
[14.731s] -- Up-to-date: /home/revel34/rscp_communication_LR/rscp_communication_v3/rscp_bridge_ws/install/rscp_mission_interfaces/share/rscp_mission_interfaces/cmake/rscp_mission_interfaces__rosidl_typesupport_introspection_cppExport-noconfig.cmake
[14.732s] -- Up-to-date: /home/revel34/rscp_communication_LR/rscp_communication_v3/rscp_bridge_ws/install/rscp_mission_interfaces/share/rscp_mission_interfaces/cmake/rscp_mission_interfaces__rosidl_typesupport_cppExport.cmake
[14.732s] -- Up-to-date: /home/revel34/rscp_communication_LR/rscp_communication_v3/rscp_bridge_ws/install/rscp_mission_interfaces/share/rscp_mission_interfaces/cmake/rscp_mission_interfaces__rosidl_typesupport_cppExport-noconfig.cmake
[14.733s] -- Up-to-date: /home/revel34/rscp_communication_LR/rscp_communication_v3/rscp_bridge_ws/install/rscp_mission_interfaces/share/rscp_mission_interfaces/cmake/export_rscp_mission_interfaces__rosidl_generator_pyExport.cmake
[14.733s] -- Up-to-date: /home/revel34/rscp_communication_LR/rscp_communication_v3/rscp_bridge_ws/install/rscp_mission_interfaces/share/rscp_mission_interfaces/cmake/export_rscp_mission_interfaces__rosidl_generator_pyExport-noconfig.cmake
[14.733s] -- Up-to-date: /home/revel34/rscp_communication_LR/rscp_communication_v3/rscp_bridge_ws/install/rscp_mission_interfaces/share/rscp_mission_interfaces/cmake/rosidl_cmake-extras.cmake
[14.734s] -- Up-to-date: /home/revel34/rscp_communication_LR/rscp_communication_v3/rscp_bridge_ws/install/rscp_mission_interfaces/share/rscp_mission_interfaces/cmake/ament_cmake_export_dependencies-extras.cmake
[14.735s] -- Up-to-date: /home/revel34/rscp_communication_LR/rscp_communication_v3/rscp_bridge_ws/install/rscp_mission_interfaces/share/rscp_mission_interfaces/cmake/ament_cmake_export_include_directories-extras.cmake
[14.735s] -- Up-to-date: /home/revel34/rscp_communication_LR/rscp_communication_v3/rscp_bridge_ws/install/rscp_mission_interfaces/share/rscp_mission_interfaces/cmake/ament_cmake_export_libraries-extras.cmake
[14.736s] -- Up-to-date: /home/revel34/rscp_communication_LR/rscp_communication_v3/rscp_bridge_ws/install/rscp_mission_interfaces/share/rscp_mission_interfaces/cmake/ament_cmake_export_targets-extras.cmake
[14.736s] -- Up-to-date: /home/revel34/rscp_communication_LR/rscp_communication_v3/rscp_bridge_ws/install/rscp_mission_interfaces/share/rscp_mission_interfaces/cmake/rosidl_cmake_export_typesupport_targets-extras.cmake
[14.736s] -- Up-to-date: /home/revel34/rscp_communication_LR/rscp_communication_v3/rscp_bridge_ws/install/rscp_mission_interfaces/share/rscp_mission_interfaces/cmake/rosidl_cmake_export_typesupport_libraries-extras.cmake
[14.737s] -- Up-to-date: /home/revel34/rscp_communication_LR/rscp_communication_v3/rscp_bridge_ws/install/rscp_mission_interfaces/share/rscp_mission_interfaces/cmake/rscp_mission_interfacesConfig.cmake
[14.737s] -- Up-to-date: /home/revel34/rscp_communication_LR/rscp_communication_v3/rscp_bridge_ws/install/rscp_mission_interfaces/share/rscp_mission_interfaces/cmake/rscp_mission_interfacesConfig-version.cmake
[14.737s] -- Up-to-date: /home/revel34/rscp_communication_LR/rscp_communication_v3/rscp_bridge_ws/install/rscp_mission_interfaces/share/rscp_mission_interfaces/package.xml
[14.739s] Invoked command in '/home/revel34/rscp_communication_LR/rscp_communication_v3/rscp_bridge_ws/build/rscp_mission_interfaces' returned '0': CMAKE_PREFIX_PATH=/opt/ros/humble /usr/bin/cmake --install /home/revel34/rscp_communication_LR/rscp_communication_v3/rscp_bridge_ws/build/rscp_mission_interfaces
