[1.088s] Invoking command in '/home/revel34/rscp_communication_v3/rscp_comms/src/rscp_sender': PYTHONPATH=/home/revel34/rscp_communication_v3/rscp_comms/build/rscp_sender/prefix_override:/usr/lib/python3/dist-packages/colcon_core/task/python/colcon_distutils_commands:/home/revel34/rscp_communication_v3/rscp_comms/install/rscp_sender/lib/python3.10/site-packages:${PYTHONPATH} /usr/bin/python3 -W ignore:setup.py install is deprecated -W ignore:easy_install command is deprecated setup.py egg_info --egg-base ../../build/rscp_sender build --build-base /home/revel34/rscp_communication_v3/rscp_comms/build/rscp_sender/build install --record /home/revel34/rscp_communication_v3/rscp_comms/build/rscp_sender/install.log --single-version-externally-managed install_data
[1.230s] running egg_info
[1.230s] creating ../../build/rscp_sender/rscp_sender.egg-info
[1.230s] writing ../../build/rscp_sender/rscp_sender.egg-info/PKG-INFO
[1.230s] writing dependency_links to ../../build/rscp_sender/rscp_sender.egg-info/dependency_links.txt
[1.230s] writing entry points to ../../build/rscp_sender/rscp_sender.egg-info/entry_points.txt
[1.230s] writing requirements to ../../build/rscp_sender/rscp_sender.egg-info/requires.txt
[1.230s] writing top-level names to ../../build/rscp_sender/rscp_sender.egg-info/top_level.txt
[1.230s] writing manifest file '../../build/rscp_sender/rscp_sender.egg-info/SOURCES.txt'
[1.232s] reading manifest file '../../build/rscp_sender/rscp_sender.egg-info/SOURCES.txt'
[1.232s] writing manifest file '../../build/rscp_sender/rscp_sender.egg-info/SOURCES.txt'
[1.232s] running build
[1.232s] running build_py
[1.232s] creating /home/revel34/rscp_communication_v3/rscp_comms/build/rscp_sender/build
[1.233s] creating /home/revel34/rscp_communication_v3/rscp_comms/build/rscp_sender/build/lib
[1.233s] creating /home/revel34/rscp_communication_v3/rscp_comms/build/rscp_sender/build/lib/rscp_sender
[1.233s] copying rscp_sender/sender.py -> /home/revel34/rscp_communication_v3/rscp_comms/build/rscp_sender/build/lib/rscp_sender
[1.233s] copying rscp_sender/__init__.py -> /home/revel34/rscp_communication_v3/rscp_comms/build/rscp_sender/build/lib/rscp_sender
[1.233s] running install
[1.233s] running install_lib
[1.234s] creating /home/revel34/rscp_communication_v3/rscp_comms/install/rscp_sender/lib/python3.10/site-packages/rscp_sender
[1.234s] copying /home/revel34/rscp_communication_v3/rscp_comms/build/rscp_sender/build/lib/rscp_sender/sender.py -> /home/revel34/rscp_communication_v3/rscp_comms/install/rscp_sender/lib/python3.10/site-packages/rscp_sender
[1.234s] copying /home/revel34/rscp_communication_v3/rscp_comms/build/rscp_sender/build/lib/rscp_sender/__init__.py -> /home/revel34/rscp_communication_v3/rscp_comms/install/rscp_sender/lib/python3.10/site-packages/rscp_sender
[1.236s] byte-compiling /home/revel34/rscp_communication_v3/rscp_comms/install/rscp_sender/lib/python3.10/site-packages/rscp_sender/sender.py to sender.cpython-310.pyc
[1.236s] byte-compiling /home/revel34/rscp_communication_v3/rscp_comms/install/rscp_sender/lib/python3.10/site-packages/rscp_sender/__init__.py to __init__.cpython-310.pyc
[1.236s] running install_data
[1.236s] creating /home/revel34/rscp_communication_v3/rscp_comms/install/rscp_sender/share/ament_index
[1.236s] creating /home/revel34/rscp_communication_v3/rscp_comms/install/rscp_sender/share/ament_index/resource_index
[1.237s] creating /home/revel34/rscp_communication_v3/rscp_comms/install/rscp_sender/share/ament_index/resource_index/packages
[1.237s] copying resource/rscp_sender -> /home/revel34/rscp_communication_v3/rscp_comms/install/rscp_sender/share/ament_index/resource_index/packages
[1.237s] copying package.xml -> /home/revel34/rscp_communication_v3/rscp_comms/install/rscp_sender/share/rscp_sender
[1.237s] running install_egg_info
[1.237s] Copying ../../build/rscp_sender/rscp_sender.egg-info to /home/revel34/rscp_communication_v3/rscp_comms/install/rscp_sender/lib/python3.10/site-packages/rscp_sender-0.0.0-py3.10.egg-info
[1.238s] running install_scripts
[1.250s] writing list of installed files to '/home/revel34/rscp_communication_v3/rscp_comms/build/rscp_sender/install.log'
[1.265s] Invoked command in '/home/revel34/rscp_communication_v3/rscp_comms/src/rscp_sender' returned '0': PYTHONPATH=/home/revel34/rscp_communication_v3/rscp_comms/build/rscp_sender/prefix_override:/usr/lib/python3/dist-packages/colcon_core/task/python/colcon_distutils_commands:/home/revel34/rscp_communication_v3/rscp_comms/install/rscp_sender/lib/python3.10/site-packages:${PYTHONPATH} /usr/bin/python3 -W ignore:setup.py install is deprecated -W ignore:easy_install command is deprecated setup.py egg_info --egg-base ../../build/rscp_sender build --build-base /home/revel34/rscp_communication_v3/rscp_comms/build/rscp_sender/build install --record /home/revel34/rscp_communication_v3/rscp_comms/build/rscp_sender/install.log --single-version-externally-managed install_data
